** Event #0   t=0   Elapsed: 0.000s (0m 00s)  0% completed  (0% total)
     Speed:     ev/sec=0   simsec/sec=0   ev/simsec=0
     Messages:  created: 3   present: 3   in FES: 4
** Event #1494272   t=9496.514617331999   Elapsed: 2.000s (0m 02s)  0% completed  (0% total)
     Speed:     ev/sec=747136   simsec/sec=4748.26   ev/simsec=157.35
     Messages:  created: 882957   present: 121   in FES: 121
** Event #2987520   t=18959.33641357569   Elapsed: 4.000s (0m 04s)  1% completed  (0% total)
     Speed:     ev/sec=746624   simsec/sec=4731.41   ev/simsec=157.802
     Messages:  created: 1764957   present: 121   in FES: 121
** Event #4481792   t=28424.370803433741   Elapsed: 6.000s (0m 06s)  2% completed  (0% total)
     Speed:     ev/sec=747136   simsec/sec=4732.52   ev/simsec=157.873
     Messages:  created: 2647420   present: 122   in FES: 122
** Event #5979136   t=37952.053309657866   Elapsed: 8.000s (0m 08s)  3% completed  (0% total)
     Speed:     ev/sec=748672   simsec/sec=4763.84   ev/simsec=157.157
     Messages:  created: 3531793   present: 125   in FES: 125
** Event #7477760   t=47459.642766217881   Elapsed: 10.000s (0m 10s)  4% completed  (0% total)
     Speed:     ev/sec=749312   simsec/sec=4753.79   ev/simsec=157.624
     Messages:  created: 4416343   present: 127   in FES: 127
** Event #8978432   t=56989.520998808131   Elapsed: 12.000s (0m 12s)  5% completed  (1% total)
     Speed:     ev/sec=750336   simsec/sec=4764.94   ev/simsec=157.47
     Messages:  created: 5302236   present: 98   in FES: 98
** Event #10480128   t=66528.337345263435   Elapsed: 14.001s (0m 14s)  6% completed  (1% total)
     Speed:     ev/sec=750848   simsec/sec=4769.41   ev/simsec=157.43
     Messages:  created: 6188933   present: 104   in FES: 104
** Event #11983104   t=76067.79323070335   Elapsed: 16.001s (0m 16s)  7% completed  (1% total)
     Speed:     ev/sec=751488   simsec/sec=4769.73   ev/simsec=157.554
     Messages:  created: 7076289   present: 137   in FES: 137
** Event #13487872   t=85632.849194115089   Elapsed: 18.001s (0m 18s)  8% completed  (1% total)
     Speed:     ev/sec=752384   simsec/sec=4782.53   ev/simsec=157.319
     Messages:  created: 7965293   present: 121   in FES: 121
** Event #14994688   t=95212.056813497264   Elapsed: 20.001s (0m 20s)  9% completed  (1% total)
     Speed:     ev/sec=753408   simsec/sec=4789.6   ev/simsec=157.301
     Messages:  created: 8855063   present: 119   in FES: 119
** Event #16505088   t=104803.143053538864   Elapsed: 22.001s (0m 22s)  10% completed  (2% total)
     Speed:     ev/sec=755200   simsec/sec=4795.54   ev/simsec=157.48
     Messages:  created: 9746928   present: 130   in FES: 130
** Event #18017024   t=114405.497936564536   Elapsed: 24.001s (0m 24s)  11% completed  (2% total)
     Speed:     ev/sec=755968   simsec/sec=4801.18   ev/simsec=157.455
     Messages:  created: 10639618   present: 140   in FES: 140
** Event #19531520   t=124039.682481329085   Elapsed: 26.001s (0m 26s)  12% completed  (2% total)
     Speed:     ev/sec=757248   simsec/sec=4817.09   ev/simsec=157.2
     Messages:  created: 11534119   present: 118   in FES: 118
** Event #21049600   t=133691.18219450528   Elapsed: 28.002s (0m 28s)  13% completed  (2% total)
     Speed:     ev/sec=759040   simsec/sec=4825.75   ev/simsec=157.29
     Messages:  created: 12430313   present: 133   in FES: 133
** Event #22569472   t=143342.781252093871   Elapsed: 30.002s (0m 30s)  14% completed  (2% total)
     Speed:     ev/sec=759936   simsec/sec=4825.8   ev/simsec=157.474
     Messages:  created: 13328069   present: 129   in FES: 129
** Event #24091904   t=153010.038067850725   Elapsed: 32.002s (0m 32s)  15% completed  (3% total)
     Speed:     ev/sec=761216   simsec/sec=4833.63   ev/simsec=157.483
     Messages:  created: 14227071   present: 134   in FES: 134
** Event #25607680   t=162644.193433256291   Elapsed: 34.002s (0m 34s)  16% completed  (3% total)
     Speed:     ev/sec=757888   simsec/sec=4817.08   ev/simsec=157.334
     Messages:  created: 15122078   present: 88   in FES: 88
** Event #27134720   t=172337.574994092583   Elapsed: 36.002s (0m 36s)  17% completed  (3% total)
     Speed:     ev/sec=763520   simsec/sec=4846.69   ev/simsec=157.534
     Messages:  created: 16023669   present: 128   in FES: 128
** Event #28661760   t=182037.354188067369   Elapsed: 38.003s (0m 38s)  18% completed  (3% total)
     Speed:     ev/sec=763520   simsec/sec=4849.89   ev/simsec=157.43
     Messages:  created: 16925509   present: 140   in FES: 140
** Event #30190848   t=191729.356284970833   Elapsed: 40.003s (0m 40s)  19% completed  (3% total)
     Speed:     ev/sec=764544   simsec/sec=4846   ev/simsec=157.768
     Messages:  created: 17827946   present: 128   in FES: 128
** Event #31721984   t=201447.734761202427   Elapsed: 42.003s (0m 42s)  20% completed  (4% total)
     Speed:     ev/sec=765568   simsec/sec=4859.19   ev/simsec=157.551
     Messages:  created: 18732110   present: 120   in FES: 120
** Event #33253632   t=211187.29175467523   Elapsed: 44.003s (0m 44s)  21% completed  (4% total)
     Speed:     ev/sec=765824   simsec/sec=4869.78   ev/simsec=157.261
     Messages:  created: 19637008   present: 130   in FES: 130
** Event #34786048   t=220917.736961582644   Elapsed: 46.004s (0m 46s)  22% completed  (4% total)
     Speed:     ev/sec=766208   simsec/sec=4865.22   ev/simsec=157.487
     Messages:  created: 20541821   present: 149   in FES: 149
** Event #36318976   t=230630.113343271713   Elapsed: 48.004s (0m 48s)  23% completed  (4% total)
     Speed:     ev/sec=766464   simsec/sec=4856.19   ev/simsec=157.832
     Messages:  created: 21446774   present: 136   in FES: 136
** Event #37852160   t=240381.891767080053   Elapsed: 50.004s (0m 50s)  24% completed  (4% total)
     Speed:     ev/sec=766592   simsec/sec=4875.89   ev/simsec=157.221
     Messages:  created: 22352136   present: 130   in FES: 130
** Event #39384832   t=250093.512651163962   Elapsed: 52.004s (0m 52s)  25% completed  (5% total)
     Speed:     ev/sec=766336   simsec/sec=4855.81   ev/simsec=157.818
     Messages:  created: 23257005   present: 120   in FES: 120
** Event #40917504   t=259824.224247838288   Elapsed: 54.004s (0m 54s)  25% completed  (5% total)
     Speed:     ev/sec=766336   simsec/sec=4865.36   ev/simsec=157.509
     Messages:  created: 24162249   present: 148   in FES: 148
** Event #42450432   t=269566.970522161866   Elapsed: 56.005s (0m 56s)  26% completed  (5% total)
     Speed:     ev/sec=766464   simsec/sec=4871.37   ev/simsec=157.34
     Messages:  created: 25067866   present: 136   in FES: 136
** Event #43983360   t=279301.8938298605   Elapsed: 58.005s (0m 58s)  27% completed  (5% total)
     Speed:     ev/sec=766464   simsec/sec=4867.46   ev/simsec=157.467
     Messages:  created: 25973040   present: 130   in FES: 130
** Event #45515520   t=289054.955735292289   Elapsed: 60.005s (1m 00s)  28% completed  (5% total)
     Speed:     ev/sec=766080   simsec/sec=4876.53   ev/simsec=157.095
     Messages:  created: 26877970   present: 128   in FES: 128
** Event #47046912   t=298774.843974696214   Elapsed: 62.005s (1m 02s)  29% completed  (5% total)
     Speed:     ev/sec=765696   simsec/sec=4859.94   ev/simsec=157.552
     Messages:  created: 27782736   present: 118   in FES: 118
** Event #48578048   t=308477.493550739185   Elapsed: 64.005s (1m 04s)  30% completed  (6% total)
     Speed:     ev/sec=765568   simsec/sec=4851.32   ev/simsec=157.806
     Messages:  created: 28686376   present: 114   in FES: 114
** Event #50109184   t=318201.167421427744   Elapsed: 66.005s (1m 06s)  31% completed  (6% total)
     Speed:     ev/sec=765568   simsec/sec=4861.84   ev/simsec=157.465
     Messages:  created: 29590661   present: 136   in FES: 136
** Event #51645440   t=327949.993919788394   Elapsed: 68.005s (1m 08s)  32% completed  (6% total)
     Speed:     ev/sec=768128   simsec/sec=4874.41   ev/simsec=157.584
     Messages:  created: 30497995   present: 115   in FES: 115
** Event #53182976   t=337728.25313005741   Elapsed: 70.005s (1m 10s)  33% completed  (6% total)
     Speed:     ev/sec=768768   simsec/sec=4889.13   ev/simsec=157.24
     Messages:  created: 31406118   present: 116   in FES: 116
** Event #54720256   t=347477.139498342428   Elapsed: 72.006s (1m 12s)  34% completed  (6% total)
     Speed:     ev/sec=768640   simsec/sec=4874.44   ev/simsec=157.688
     Messages:  created: 32313945   present: 125   in FES: 125
** Event #56251904   t=357166.576675949442   Elapsed: 74.006s (1m 14s)  35% completed  (7% total)
     Speed:     ev/sec=765824   simsec/sec=4844.72   ev/simsec=158.074
     Messages:  created: 33218051   present: 130   in FES: 130
** Event #57783040   t=366881.97622313663   Elapsed: 76.006s (1m 16s)  36% completed  (7% total)
     Speed:     ev/sec=765568   simsec/sec=4857.7   ev/simsec=157.599
     Messages:  created: 34122608   present: 146   in FES: 146
** Event #59314432   t=376578.176622129116   Elapsed: 78.006s (1m 18s)  37% completed  (7% total)
     Speed:     ev/sec=765696   simsec/sec=4848.1   ev/simsec=157.937
     Messages:  created: 35026567   present: 131   in FES: 131
** Event #60845824   t=386287.3670304409   Elapsed: 80.006s (1m 20s)  38% completed  (7% total)
     Speed:     ev/sec=765696   simsec/sec=4854.6   ev/simsec=157.726
     Messages:  created: 35930667   present: 127   in FES: 127
** Event #62377728   t=396025.861945691836   Elapsed: 82.006s (1m 22s)  39% completed  (7% total)
     Speed:     ev/sec=765952   simsec/sec=4869.25   ev/simsec=157.304
     Messages:  created: 36835552   present: 134   in FES: 134
** Event #63909120   t=405782.747056342648   Elapsed: 84.007s (1m 24s)  40% completed  (8% total)
     Speed:     ev/sec=765696   simsec/sec=4878.44   ev/simsec=156.955
     Messages:  created: 37740142   present: 140   in FES: 140
** Event #65440512   t=415488.593811917532   Elapsed: 86.007s (1m 26s)  41% completed  (8% total)
     Speed:     ev/sec=765696   simsec/sec=4852.92   ev/simsec=157.78
     Messages:  created: 38644172   present: 130   in FES: 130
** Event #66974208   t=425237.041686113042   Elapsed: 88.007s (1m 28s)  42% completed  (8% total)
     Speed:     ev/sec=766848   simsec/sec=4874.22   ev/simsec=157.327
     Messages:  created: 39549833   present: 145   in FES: 145
** Event #68501248   t=434931.541415801505   Elapsed: 90.007s (1m 30s)  43% completed  (8% total)
     Speed:     ev/sec=763520   simsec/sec=4847.25   ev/simsec=157.516
     Messages:  created: 40451523   present: 99   in FES: 99
** Event #70034432   t=444661.122619232772   Elapsed: 92.007s (1m 32s)  44% completed  (8% total)
     Speed:     ev/sec=766592   simsec/sec=4864.79   ev/simsec=157.58
     Messages:  created: 41357246   present: 136   in FES: 136
** Event #71567872   t=454417.513639256808   Elapsed: 94.007s (1m 34s)  45% completed  (9% total)
     Speed:     ev/sec=766720   simsec/sec=4878.2   ev/simsec=157.173
     Messages:  created: 42262811   present: 146   in FES: 146
** Event #73101312   t=464163.947725399169   Elapsed: 96.007s (1m 36s)  46% completed  (9% total)
     Speed:     ev/sec=766720   simsec/sec=4873.22   ev/simsec=157.333
     Messages:  created: 43168465   present: 117   in FES: 117
** Event #74624768   t=473830.503248038024   Elapsed: 98.008s (1m 38s)  47% completed  (9% total)
     Speed:     ev/sec=761728   simsec/sec=4833.28   ev/simsec=157.601
     Messages:  created: 44068244   present: 114   in FES: 114
** Event #76158208   t=483566.041916259827   Elapsed: 100.008s (1m 40s)  48% completed  (9% total)
     Speed:     ev/sec=766720   simsec/sec=4867.77   ev/simsec=157.51
     Messages:  created: 44973727   present: 134   in FES: 134
** Event #77691392   t=493302.939954436051   Elapsed: 102.008s (1m 42s)  49% completed  (9% total)
     Speed:     ev/sec=766592   simsec/sec=4868.45   ev/simsec=157.461
     Messages:  created: 45878994   present: 124   in FES: 124
** Event #79225088   t=503049.041777650243   Elapsed: 104.008s (1m 44s)  50% completed  (10% total)
     Speed:     ev/sec=766848   simsec/sec=4873.05   ev/simsec=157.365
     Messages:  created: 46784668   present: 134   in FES: 134
** Event #80758784   t=512790.000673122177   Elapsed: 106.008s (1m 46s)  51% completed  (10% total)
     Speed:     ev/sec=766848   simsec/sec=4870.48   ev/simsec=157.448
     Messages:  created: 47690354   present: 156   in FES: 156
** Event #82291968   t=522525.330432220521   Elapsed: 108.008s (1m 48s)  52% completed  (10% total)
     Speed:     ev/sec=766975   simsec/sec=4870.1   ev/simsec=157.487
     Messages:  created: 48595428   present: 118   in FES: 118
** Event #83825664   t=532234.028286110707   Elapsed: 110.008s (1m 50s)  53% completed  (10% total)
     Speed:     ev/sec=766848   simsec/sec=4854.35   ev/simsec=157.971
     Messages:  created: 49500505   present: 112   in FES: 112
** Event #85359104   t=541963.45008208916   Elapsed: 112.009s (1m 52s)  54% completed  (10% total)
     Speed:     ev/sec=766720   simsec/sec=4864.71   ev/simsec=157.609
     Messages:  created: 50405763   present: 127   in FES: 127
** Event #86889472   t=551694.584543171111   Elapsed: 114.009s (1m 54s)  55% completed  (11% total)
     Speed:     ev/sec=765184   simsec/sec=4865.57   ev/simsec=157.265
     Messages:  created: 51309291   present: 94   in FES: 94
** Event #88423168   t=561424.263378692096   Elapsed: 116.009s (1m 56s)  56% completed  (11% total)
     Speed:     ev/sec=766848   simsec/sec=4864.84   ev/simsec=157.631
     Messages:  created: 52214923   present: 134   in FES: 134
** Event #89965312   t=571234.028266505792   Elapsed: 118.009s (1m 58s)  57% completed  (11% total)
     Speed:     ev/sec=771072   simsec/sec=4904.88   ev/simsec=157.205
     Messages:  created: 53125199   present: 143   in FES: 143
** Event #91506944   t=581019.987907671078   Elapsed: 120.009s (2m 00s)  58% completed  (11% total)
     Speed:     ev/sec=770816   simsec/sec=4892.98   ev/simsec=157.535
     Messages:  created: 54035395   present: 131   in FES: 131
** Event #93035520   t=590738.124942532575   Elapsed: 122.009s (2m 02s)  59% completed  (11% total)
     Speed:     ev/sec=764288   simsec/sec=4859.07   ev/simsec=157.291
     Messages:  created: 54937558   present: 88   in FES: 88
** Event #94577152   t=600506.917562431477   Elapsed: 124.009s (2m 04s)  60% completed  (12% total)
     Speed:     ev/sec=770816   simsec/sec=4884.4   ev/simsec=157.812
     Messages:  created: 55847949   present: 128   in FES: 128
** Event #96164096   t=610592.883076268293   Elapsed: 126.009s (2m 06s)  61% completed  (12% total)
     Speed:     ev/sec=793472   simsec/sec=5042.98   ev/simsec=157.342
     Messages:  created: 56785095   present: 131   in FES: 131
** Event #97725184   t=620503.148839326405   Elapsed: 128.009s (2m 08s)  62% completed  (12% total)
     Speed:     ev/sec=780544   simsec/sec=4955.13   ev/simsec=157.522
     Messages:  created: 57706898   present: 132   in FES: 132
** Event #99294720   t=630463.258631573995   Elapsed: 130.010s (2m 10s)  63% completed  (12% total)
     Speed:     ev/sec=784768   simsec/sec=4980.05   ev/simsec=157.582
     Messages:  created: 58633793   present: 112   in FES: 112
** Event #100868608   t=640453.058299017033   Elapsed: 132.010s (2m 12s)  64% completed  (12% total)
     Speed:     ev/sec=786944   simsec/sec=4994.9   ev/simsec=157.55
     Messages:  created: 59563136   present: 110   in FES: 110
** Event #102492928   t=650789.276070758194   Elapsed: 134.010s (2m 14s)  65% completed  (13% total)
     Speed:     ev/sec=812160   simsec/sec=5168.11   ev/simsec=157.148
     Messages:  created: 60522602   present: 128   in FES: 128
** Event #104025344   t=660527.639459008246   Elapsed: 136.010s (2m 16s)  66% completed  (13% total)
     Speed:     ev/sec=766208   simsec/sec=4869.18   ev/simsec=157.359
     Messages:  created: 61427747   present: 123   in FES: 123
** Event #105555968   t=670259.654364175198   Elapsed: 138.010s (2m 18s)  67% completed  (13% total)
     Speed:     ev/sec=765312   simsec/sec=4866.01   ev/simsec=157.277
     Messages:  created: 62331476   present: 150   in FES: 150
** Event #107158016   t=680435.649739690304   Elapsed: 140.010s (2m 20s)  68% completed  (13% total)
     Speed:     ev/sec=801024   simsec/sec=5088   ev/simsec=157.434
     Messages:  created: 63277459   present: 143   in FES: 143
** Event #108810240   t=690932.17994965229   Elapsed: 142.010s (2m 22s)  69% completed  (13% total)
     Speed:     ev/sec=826112   simsec/sec=5248.27   ev/simsec=157.407
     Messages:  created: 64252506   present: 128   in FES: 128
** Event #110418688   t=701128.728815743531   Elapsed: 144.010s (2m 24s)  70% completed  (14% total)
     Speed:     ev/sec=804224   simsec/sec=5098.27   ev/simsec=157.744
     Messages:  created: 65202746   present: 136   in FES: 136
** Event #111949312   t=710846.750082859287   Elapsed: 146.011s (2m 26s)  71% completed  (14% total)
     Speed:     ev/sec=765312   simsec/sec=4859.01   ev/simsec=157.504
     Messages:  created: 66106444   present: 118   in FES: 118
** Event #113534976   t=720926.940825895488   Elapsed: 148.011s (2m 28s)  72% completed  (14% total)
     Speed:     ev/sec=792832   simsec/sec=5040.1   ev/simsec=157.305
     Messages:  created: 67042761   present: 112   in FES: 112
** Event #115080448   t=730736.283635101276   Elapsed: 150.011s (2m 30s)  73% completed  (14% total)
     Speed:     ev/sec=772736   simsec/sec=4904.67   ev/simsec=157.551
     Messages:  created: 67955113   present: 137   in FES: 137
** Event #116666112   t=740786.515587923392   Elapsed: 152.011s (2m 32s)  74% completed  (14% total)
     Speed:     ev/sec=792832   simsec/sec=5025.12   ev/simsec=157.774
     Messages:  created: 68891312   present: 130   in FES: 130
** Event #118242048   t=750789.876102216491   Elapsed: 154.012s (2m 34s)  75% completed  (15% total)
     Speed:     ev/sec=787968   simsec/sec=5001.68   ev/simsec=157.541
     Messages:  created: 69821669   present: 116   in FES: 116
** Event #119854336   t=761019.425059212188   Elapsed: 156.012s (2m 36s)  76% completed  (15% total)
     Speed:     ev/sec=806144   simsec/sec=5114.77   ev/simsec=157.611
     Messages:  created: 70773636   present: 134   in FES: 134
** Event #121496064   t=771451.416705018603   Elapsed: 158.012s (2m 38s)  77% completed  (15% total)
     Speed:     ev/sec=820864   simsec/sec=5216   ev/simsec=157.374
     Messages:  created: 71743183   present: 114   in FES: 114
** Event #123143424   t=781910.340282786886   Elapsed: 160.012s (2m 40s)  78% completed  (15% total)
     Speed:     ev/sec=823680   simsec/sec=5229.46   ev/simsec=157.508
     Messages:  created: 72715653   present: 109   in FES: 109
** Event #124782592   t=792302.938256109158   Elapsed: 162.012s (2m 42s)  79% completed  (15% total)
     Speed:     ev/sec=819584   simsec/sec=5196.3   ev/simsec=157.725
     Messages:  created: 73683973   present: 121   in FES: 121
** Event #126561024   t=803594.501313780225   Elapsed: 164.012s (2m 44s)  80% completed  (16% total)
     Speed:     ev/sec=889216   simsec/sec=5645.78   ev/simsec=157.501
     Messages:  created: 74734199   present: 127   in FES: 127
** Event #128229120   t=814206.252388847221   Elapsed: 166.012s (2m 46s)  81% completed  (16% total)
     Speed:     ev/sec=834048   simsec/sec=5305.88   ev/simsec=157.193
     Messages:  created: 75718865   present: 133   in FES: 133
** Event #129806336   t=824205.049289257945   Elapsed: 168.013s (2m 48s)  82% completed  (16% total)
     Speed:     ev/sec=788608   simsec/sec=4999.4   ev/simsec=157.741
     Messages:  created: 76650107   present: 138   in FES: 138
** Event #131472128   t=834775.139180808851   Elapsed: 170.013s (2m 50s)  83% completed  (16% total)
     Speed:     ev/sec=832896   simsec/sec=5285.04   ev/simsec=157.595
     Messages:  created: 77633963   present: 135   in FES: 135
** Event #133372672   t=846853.047110022282   Elapsed: 172.013s (2m 52s)  84% completed  (16% total)
     Speed:     ev/sec=950272   simsec/sec=6038.95   ev/simsec=157.357
     Messages:  created: 78756027   present: 115   in FES: 115
** Event #135242496   t=858700.079898663647   Elapsed: 174.013s (2m 54s)  85% completed  (17% total)
     Speed:     ev/sec=934912   simsec/sec=5923.52   ev/simsec=157.831
     Messages:  created: 79860015   present: 126   in FES: 126
** Event #136878592   t=869125.609329275499   Elapsed: 176.013s (2m 56s)  86% completed  (17% total)
     Speed:     ev/sec=818048   simsec/sec=5212.76   ev/simsec=156.932
     Messages:  created: 80826521   present: 112   in FES: 112
** Event #138667520   t=880491.000752054752   Elapsed: 178.013s (2m 58s)  88% completed  (17% total)
     Speed:     ev/sec=894464   simsec/sec=5682.7   ev/simsec=157.401
     Messages:  created: 81882592   present: 114   in FES: 114
** Event #140675328   t=893254.311131845315   Elapsed: 180.014s (3m 00s)  89% completed  (17% total)
     Speed:     ev/sec=1.0039e+06   simsec/sec=6381.66   ev/simsec=157.311
     Messages:  created: 83068274   present: 132   in FES: 132
** Event #142470912   t=904651.381249567528   Elapsed: 182.014s (3m 02s)  90% completed  (18% total)
     Speed:     ev/sec=897792   simsec/sec=5698.54   ev/simsec=157.548
     Messages:  created: 84128063   present: 110   in FES: 110
** Event #144370176   t=916730.014920028935   Elapsed: 184.014s (3m 04s)  91% completed  (18% total)
     Speed:     ev/sec=949632   simsec/sec=6039.32   ev/simsec=157.242
     Messages:  created: 85249490   present: 128   in FES: 128
** Event #146075136   t=927569.343137363635   Elapsed: 186.014s (3m 06s)  92% completed  (18% total)
     Speed:     ev/sec=852480   simsec/sec=5419.66   ev/simsec=157.294
     Messages:  created: 86256705   present: 125   in FES: 125
** Event #146518314   t=999999   Elapsed: 186.496s (3m 06s)  100% completed  (20% total)
     Speed:     ev/sec=921366   simsec/sec=6210.59   ev/simsec=148.354
     Messages:  created: 86518313   present: 0   in FES: 0

<!> Simulation time limit reached -- at t=999999s, event #146518314
