** Event #0   t=0   Elapsed: 0.000s (0m 00s)  0% completed  (0% total)
     Speed:     ev/sec=0   simsec/sec=0   ev/simsec=0
     Messages:  created: 3   present: 3   in FES: 4
** Event #1358848   t=45259.068161278434   Elapsed: 2.000s (0m 02s)  4% completed  (0% total)
     Speed:     ev/sec=679424   simsec/sec=22629.5   ev/simsec=30.0238
     Messages:  created: 815320   present: 18   in FES: 18
** Event #2735360   t=91151.826561296755   Elapsed: 4.000s (0m 04s)  9% completed  (1% total)
     Speed:     ev/sec=688256   simsec/sec=22946.4   ev/simsec=29.9941
     Messages:  created: 1641229   present: 20   in FES: 20
** Event #4113152   t=137269.213538899396   Elapsed: 6.000s (0m 06s)  13% completed  (2% total)
     Speed:     ev/sec=688896   simsec/sec=23058.7   ev/simsec=29.8758
     Messages:  created: 2467914   present: 36   in FES: 36
** Event #5491456   t=183170.46684880037   Elapsed: 8.000s (0m 08s)  18% completed  (3% total)
     Speed:     ev/sec=689152   simsec/sec=22950.6   ev/simsec=30.0276
     Messages:  created: 3294889   present: 24   in FES: 24
** Event #6870272   t=229123.320735586955   Elapsed: 10.001s (0m 10s)  22% completed  (4% total)
     Speed:     ev/sec=689408   simsec/sec=22976.4   ev/simsec=30.005
     Messages:  created: 4122177   present: 21   in FES: 21
** Event #8261888   t=275634.183097029346   Elapsed: 12.001s (0m 12s)  27% completed  (5% total)
     Speed:     ev/sec=695808   simsec/sec=23255.4   ev/simsec=29.9202
     Messages:  created: 4957152   present: 30   in FES: 30
** Event #9687552   t=323343.472026752591   Elapsed: 14.001s (0m 14s)  32% completed  (6% total)
     Speed:     ev/sec=712832   simsec/sec=23854.6   ev/simsec=29.8823
     Messages:  created: 5812552   present: 34   in FES: 34
** Event #11113984   t=371053.108795738226   Elapsed: 16.001s (0m 16s)  37% completed  (7% total)
     Speed:     ev/sec=713216   simsec/sec=23854.8   ev/simsec=29.8982
     Messages:  created: 6668407   present: 26   in FES: 26
** Event #12540160   t=418578.040078590428   Elapsed: 18.001s (0m 18s)  41% completed  (8% total)
     Speed:     ev/sec=713088   simsec/sec=23762.5   ev/simsec=30.009
     Messages:  created: 7524117   present: 33   in FES: 33
** Event #13966080   t=466227.390516180905   Elapsed: 20.001s (0m 20s)  46% completed  (9% total)
     Speed:     ev/sec=712960   simsec/sec=23824.7   ev/simsec=29.9253
     Messages:  created: 8379660   present: 18   in FES: 18
** Event #15392000   t=513725.089070715499   Elapsed: 22.002s (0m 22s)  51% completed  (10% total)
     Speed:     ev/sec=712960   simsec/sec=23748.8   ev/simsec=30.0208
     Messages:  created: 9235221   present: 33   in FES: 33
** Event #16817664   t=561073.922635175928   Elapsed: 24.002s (0m 24s)  56% completed  (11% total)
     Speed:     ev/sec=712832   simsec/sec=23674.4   ev/simsec=30.1098
     Messages:  created: 10090617   present: 29   in FES: 29
** Event #18243328   t=608640.408375841484   Elapsed: 26.002s (0m 26s)  60% completed  (12% total)
     Speed:     ev/sec=712832   simsec/sec=23783.2   ev/simsec=29.972
     Messages:  created: 10946017   present: 32   in FES: 32
** Event #19668736   t=655943.362948326153   Elapsed: 28.002s (0m 28s)  65% completed  (13% total)
     Speed:     ev/sec=712704   simsec/sec=23651.5   ev/simsec=30.1336
     Messages:  created: 11801257   present: 24   in FES: 24
** Event #21094400   t=703447.564882630056   Elapsed: 30.002s (0m 30s)  70% completed  (14% total)
     Speed:     ev/sec=712832   simsec/sec=23752.1   ev/simsec=30.0113
     Messages:  created: 12656655   present: 23   in FES: 23
** Event #22520064   t=750748.593243679886   Elapsed: 32.002s (0m 32s)  75% completed  (15% total)
     Speed:     ev/sec=712832   simsec/sec=23650.5   ev/simsec=30.1402
     Messages:  created: 13512049   present: 16   in FES: 16
** Event #23947264   t=798336.984255841274   Elapsed: 34.002s (0m 34s)  79% completed  (15% total)
     Speed:     ev/sec=713600   simsec/sec=23794.2   ev/simsec=29.9905
     Messages:  created: 14368371   present: 19   in FES: 19
** Event #25373696   t=845851.936698252957   Elapsed: 36.003s (0m 36s)  84% completed  (16% total)
     Speed:     ev/sec=713216   simsec/sec=23757.5   ev/simsec=30.0207
     Messages:  created: 15224241   present: 37   in FES: 37
** Event #26800128   t=893371.221540029869   Elapsed: 38.003s (0m 38s)  89% completed  (17% total)
     Speed:     ev/sec=713216   simsec/sec=23759.6   ev/simsec=30.018
     Messages:  created: 16080096   present: 30   in FES: 30
** Event #28227328   t=940839.189329205471   Elapsed: 40.003s (0m 40s)  94% completed  (18% total)
     Speed:     ev/sec=713600   simsec/sec=23734   ev/simsec=30.0666
     Messages:  created: 16936414   present: 28   in FES: 28
** Event #29654528   t=988505.970818615929   Elapsed: 42.003s (0m 42s)  98% completed  (19% total)
     Speed:     ev/sec=713600   simsec/sec=23833.4   ev/simsec=29.9412
     Messages:  created: 17792742   present: 40   in FES: 40
** Event #29999594   t=999999   Elapsed: 42.487s (0m 42s)  100% completed  (20% total)
     Speed:     ev/sec=714420   simsec/sec=23795   ev/simsec=30.024
     Messages:  created: 17999772   present: 25   in FES: 25

<!> Simulation time limit reached -- at t=999999s, event #29999594
