** Event #0   t=0   Elapsed: 0.000s (0m 00s)  0% completed  (60% total)
     Speed:     ev/sec=0   simsec/sec=0   ev/simsec=0
     Messages:  created: 3   present: 3   in FES: 4
** Event #3323904   t=16701.170201892002   Elapsed: 2.000s (0m 02s)  1% completed  (60% total)
     Speed:     ev/sec=1.66195e+06   simsec/sec=8350.59   ev/simsec=199.022
     Messages:  created: 1893229   present: 144   in FES: 144
** Event #6667776   t=33533.965358216786   Elapsed: 4.000s (0m 04s)  3% completed  (60% total)
     Speed:     ev/sec=1.67194e+06   simsec/sec=8416.4   ev/simsec=198.652
     Messages:  created: 3796429   present: 149   in FES: 149
** Event #10019584   t=50417.555670492474   Elapsed: 6.000s (0m 06s)  5% completed  (61% total)
     Speed:     ev/sec=1.6759e+06   simsec/sec=8441.8   ev/simsec=198.525
     Messages:  created: 5706059   present: 159   in FES: 159
** Event #13367040   t=67282.152068503733   Elapsed: 8.000s (0m 08s)  6% completed  (61% total)
     Speed:     ev/sec=1.67373e+06   simsec/sec=8432.3   ev/simsec=198.49
     Messages:  created: 7613247   present: 147   in FES: 147
** Event #16721664   t=84134.252278873896   Elapsed: 10.000s (0m 10s)  8% completed  (61% total)
     Speed:     ev/sec=1.67731e+06   simsec/sec=8426.05   ev/simsec=199.063
     Messages:  created: 9523759   present: 122   in FES: 122
** Event #20073728   t=101013.092838667195   Elapsed: 12.000s (0m 12s)  10% completed  (62% total)
     Speed:     ev/sec=1.67603e+06   simsec/sec=8439.42   ev/simsec=198.596
     Messages:  created: 11433831   present: 158   in FES: 158
** Event #23412736   t=117826.676294994922   Elapsed: 14.000s (0m 14s)  11% completed  (62% total)
     Speed:     ev/sec=1.6695e+06   simsec/sec=8406.79   ev/simsec=198.59
     Messages:  created: 13336099   present: 146   in FES: 146
** Event #26758144   t=134648.526483313135   Elapsed: 16.000s (0m 16s)  13% completed  (62% total)
     Speed:     ev/sec=1.6727e+06   simsec/sec=8410.93   ev/simsec=198.873
     Messages:  created: 15240416   present: 150   in FES: 150
** Event #30109696   t=151524.72550879032   Elapsed: 18.000s (0m 18s)  15% completed  (63% total)
     Speed:     ev/sec=1.67578e+06   simsec/sec=8438.1   ev/simsec=198.596
     Messages:  created: 17149447   present: 139   in FES: 139
** Event #33465088   t=168411.113860947426   Elapsed: 20.000s (0m 20s)  16% completed  (63% total)
     Speed:     ev/sec=1.6777e+06   simsec/sec=8443.19   ev/simsec=198.704
     Messages:  created: 19061641   present: 145   in FES: 145
** Event #36819456   t=185291.658440205484   Elapsed: 22.000s (0m 22s)  18% completed  (63% total)
     Speed:     ev/sec=1.67718e+06   simsec/sec=8440.27   ev/simsec=198.712
     Messages:  created: 20972659   present: 139   in FES: 139
** Event #40173056   t=202180.651284322356   Elapsed: 24.001s (0m 24s)  20% completed  (64% total)
     Speed:     ev/sec=1.6768e+06   simsec/sec=8444.5   ev/simsec=198.567
     Messages:  created: 22883979   present: 134   in FES: 134
** Event #43523840   t=219081.212091449117   Elapsed: 26.001s (0m 26s)  21% completed  (64% total)
     Speed:     ev/sec=1.67539e+06   simsec/sec=8450.28   ev/simsec=198.265
     Messages:  created: 24793119   present: 143   in FES: 143
** Event #46878464   t=235964.948774448582   Elapsed: 28.001s (0m 28s)  23% completed  (64% total)
     Speed:     ev/sec=1.67731e+06   simsec/sec=8441.87   ev/simsec=198.69
     Messages:  created: 26704707   present: 146   in FES: 146
** Event #50226688   t=252791.791420960772   Elapsed: 30.001s (0m 30s)  25% completed  (65% total)
     Speed:     ev/sec=1.67411e+06   simsec/sec=8413.42   ev/simsec=198.981
     Messages:  created: 28612497   present: 141   in FES: 141
** Event #53581056   t=269680.794492464478   Elapsed: 32.001s (0m 32s)  26% completed  (65% total)
     Speed:     ev/sec=1.67718e+06   simsec/sec=8444.5   ev/simsec=198.613
     Messages:  created: 30523042   present: 152   in FES: 152
** Event #56931840   t=286551.376754471582   Elapsed: 34.001s (0m 34s)  28% completed  (65% total)
     Speed:     ev/sec=1.67539e+06   simsec/sec=8435.29   ev/simsec=198.617
     Messages:  created: 32430662   present: 148   in FES: 148
** Event #60275712   t=303359.542506467424   Elapsed: 36.001s (0m 36s)  30% completed  (66% total)
     Speed:     ev/sec=1.67194e+06   simsec/sec=8404.08   ev/simsec=198.943
     Messages:  created: 34335243   present: 162   in FES: 162
** Event #63628800   t=320254.783816405441   Elapsed: 38.001s (0m 38s)  32% completed  (66% total)
     Speed:     ev/sec=1.67654e+06   simsec/sec=8447.62   ev/simsec=198.463
     Messages:  created: 36245772   present: 158   in FES: 158
** Event #66975232   t=337115.447557179746   Elapsed: 40.001s (0m 40s)  33% completed  (66% total)
     Speed:     ev/sec=1.67322e+06   simsec/sec=8430.33   ev/simsec=198.476
     Messages:  created: 38151932   present: 150   in FES: 150
** Event #70328064   t=353979.337328040041   Elapsed: 42.001s (0m 42s)  35% completed  (67% total)
     Speed:     ev/sec=1.67642e+06   simsec/sec=8431.94   ev/simsec=198.817
     Messages:  created: 40062809   present: 153   in FES: 153
** Event #73686016   t=370879.477529759257   Elapsed: 44.002s (0m 44s)  37% completed  (67% total)
     Speed:     ev/sec=1.67898e+06   simsec/sec=8450.07   ev/simsec=198.694
     Messages:  created: 41976185   present: 157   in FES: 157
** Event #77045504   t=387816.508623578269   Elapsed: 46.002s (0m 46s)  38% completed  (67% total)
     Speed:     ev/sec=1.67974e+06   simsec/sec=8468.52   ev/simsec=198.352
     Messages:  created: 43889793   present: 149   in FES: 149
** Event #80403456   t=404720.115126538553   Elapsed: 48.002s (0m 48s)  40% completed  (68% total)
     Speed:     ev/sec=1.67898e+06   simsec/sec=8451.8   ev/simsec=198.653
     Messages:  created: 45802345   present: 136   in FES: 136
** Event #83762688   t=421637.305946230003   Elapsed: 50.002s (0m 50s)  42% completed  (68% total)
     Speed:     ev/sec=1.67962e+06   simsec/sec=8458.6   ev/simsec=198.569
     Messages:  created: 47715897   present: 153   in FES: 153
** Event #87121408   t=438543.169297843776   Elapsed: 52.002s (0m 52s)  43% completed  (68% total)
     Speed:     ev/sec=1.67936e+06   simsec/sec=8452.93   ev/simsec=198.672
     Messages:  created: 49628555   present: 135   in FES: 135
** Event #90480896   t=455465.950827682456   Elapsed: 54.002s (0m 54s)  45% completed  (69% total)
     Speed:     ev/sec=1.67974e+06   simsec/sec=8461.39   ev/simsec=198.519
     Messages:  created: 51541952   present: 134   in FES: 134
** Event #93840384   t=472358.515217622652   Elapsed: 56.002s (0m 56s)  47% completed  (69% total)
     Speed:     ev/sec=1.67974e+06   simsec/sec=8446.28   ev/simsec=198.874
     Messages:  created: 53455326   present: 132   in FES: 132
** Event #97198592   t=489267.567908473829   Elapsed: 58.002s (0m 58s)  48% completed  (69% total)
     Speed:     ev/sec=1.6791e+06   simsec/sec=8454.53   ev/simsec=198.604
     Messages:  created: 55368150   present: 140   in FES: 140
** Event #100557824   t=506172.311022404654   Elapsed: 60.002s (1m 00s)  50% completed  (70% total)
     Speed:     ev/sec=1.67962e+06   simsec/sec=8452.37   ev/simsec=198.715
     Messages:  created: 57280718   present: 140   in FES: 140
** Event #103917824   t=523075.604940168875   Elapsed: 62.002s (1m 02s)  52% completed  (70% total)
     Speed:     ev/sec=1.68e+06   simsec/sec=8451.65   ev/simsec=198.778
     Messages:  created: 59194433   present: 149   in FES: 149
** Event #107276800   t=539980.24738643626   Elapsed: 64.002s (1m 04s)  53% completed  (70% total)
     Speed:     ev/sec=1.67949e+06   simsec/sec=8452.32   ev/simsec=198.701
     Messages:  created: 61107649   present: 145   in FES: 145
** Event #110632448   t=556881.462314069234   Elapsed: 66.002s (1m 06s)  55% completed  (71% total)
     Speed:     ev/sec=1.67782e+06   simsec/sec=8450.61   ev/simsec=198.545
     Messages:  created: 63019075   present: 134   in FES: 134
** Event #113987584   t=573758.826479728247   Elapsed: 68.002s (1m 08s)  57% completed  (71% total)
     Speed:     ev/sec=1.67757e+06   simsec/sec=8438.68   ev/simsec=198.795
     Messages:  created: 64930197   present: 116   in FES: 116
** Event #117343744   t=590642.761289011981   Elapsed: 70.002s (1m 10s)  59% completed  (71% total)
     Speed:     ev/sec=1.67808e+06   simsec/sec=8441.97   ev/simsec=198.778
     Messages:  created: 66841437   present: 145   in FES: 145
** Event #120698368   t=607517.274943408059   Elapsed: 72.003s (1m 12s)  60% completed  (72% total)
     Speed:     ev/sec=1.67731e+06   simsec/sec=8437.26   ev/simsec=198.798
     Messages:  created: 68752235   present: 150   in FES: 150
** Event #124054528   t=624414.736101906049   Elapsed: 74.003s (1m 14s)  62% completed  (72% total)
     Speed:     ev/sec=1.67808e+06   simsec/sec=8448.73   ev/simsec=198.619
     Messages:  created: 70664134   present: 116   in FES: 116
** Event #127409920   t=641298.673856613839   Elapsed: 76.003s (1m 16s)  64% completed  (72% total)
     Speed:     ev/sec=1.6777e+06   simsec/sec=8441.97   ev/simsec=198.733
     Messages:  created: 72574717   present: 156   in FES: 156
** Event #130762496   t=658183.026878889174   Elapsed: 78.003s (1m 18s)  65% completed  (73% total)
     Speed:     ev/sec=1.67629e+06   simsec/sec=8442.18   ev/simsec=198.561
     Messages:  created: 74484996   present: 146   in FES: 146
** Event #134115840   t=675033.90373228846   Elapsed: 80.003s (1m 20s)  67% completed  (73% total)
     Speed:     ev/sec=1.67667e+06   simsec/sec=8425.44   ev/simsec=199.001
     Messages:  created: 76394143   present: 159   in FES: 159
** Event #137470720   t=691954.313754391356   Elapsed: 82.003s (1m 22s)  69% completed  (73% total)
     Speed:     ev/sec=1.67744e+06   simsec/sec=8460.21   ev/simsec=198.274
     Messages:  created: 78305453   present: 141   in FES: 141
** Event #139411444   t=999999   Elapsed: 83.160s (1m 23s)  100% completed  (80% total)
     Speed:     ev/sec=1.67738e+06   simsec/sec=8543.78   ev/simsec=196.327
     Messages:  created: 79411443   present: 0   in FES: 0

<!> Simulation time limit reached -- at t=999999s, event #139411444
