** Event #0   t=0   Elapsed: 0.000s (0m 00s)  0% completed  (0% total)
     Speed:     ev/sec=0   simsec/sec=0   ev/simsec=0
     Messages:  created: 3   present: 3   in FES: 4
** Event #1597952   t=13976.830405732579   Elapsed: 2.000s (0m 02s)  1% completed  (0% total)
     Speed:     ev/sec=798976   simsec/sec=6988.42   ev/simsec=114.329
     Messages:  created: 958443   present: 87   in FES: 87
** Event #3198720   t=27960.422660415584   Elapsed: 4.000s (0m 04s)  2% completed  (0% total)
     Speed:     ev/sec=800384   simsec/sec=6991.8   ev/simsec=114.475
     Messages:  created: 1918507   present: 94   in FES: 94
** Event #4847616   t=42415.039302760022   Elapsed: 6.000s (0m 06s)  4% completed  (0% total)
     Speed:     ev/sec=824448   simsec/sec=7227.31   ev/simsec=114.074
     Messages:  created: 2907417   present: 77   in FES: 77
** Event #6443520   t=56397.21512925517   Elapsed: 8.000s (0m 08s)  5% completed  (1% total)
     Speed:     ev/sec=797952   simsec/sec=6991.09   ev/simsec=114.138
     Messages:  created: 3864555   present: 106   in FES: 106
** Event #8037376   t=70381.910604987693   Elapsed: 10.000s (0m 10s)  7% completed  (1% total)
     Speed:     ev/sec=796928   simsec/sec=6992.35   ev/simsec=113.971
     Messages:  created: 4820478   present: 100   in FES: 100
** Event #9622528   t=84234.2416607083   Elapsed: 12.000s (0m 12s)  8% completed  (1% total)
     Speed:     ev/sec=792576   simsec/sec=6926.17   ev/simsec=114.432
     Messages:  created: 5771155   present: 99   in FES: 99
** Event #11216384   t=98197.793658629591   Elapsed: 14.001s (0m 14s)  9% completed  (1% total)
     Speed:     ev/sec=796928   simsec/sec=6981.78   ev/simsec=114.144
     Messages:  created: 6726973   present: 93   in FES: 93
** Event #12809984   t=112129.894365650234   Elapsed: 16.001s (0m 16s)  11% completed  (2% total)
     Speed:     ev/sec=796800   simsec/sec=6966.05   ev/simsec=114.383
     Messages:  created: 7682675   present: 79   in FES: 79
** Event #14404096   t=126086.214824753601   Elapsed: 18.001s (0m 18s)  12% completed  (2% total)
     Speed:     ev/sec=797056   simsec/sec=6978.16   ev/simsec=114.222
     Messages:  created: 8638730   present: 84   in FES: 84
** Event #15984640   t=139930.454447431239   Elapsed: 20.001s (0m 20s)  13% completed  (2% total)
     Speed:     ev/sec=790272   simsec/sec=6922.12   ev/simsec=114.166
     Messages:  created: 9586601   present: 93   in FES: 93
** Event #17556480   t=153706.204323876024   Elapsed: 22.001s (0m 22s)  15% completed  (3% total)
     Speed:     ev/sec=785920   simsec/sec=6887.87   ev/simsec=114.102
     Messages:  created: 10529197   present: 85   in FES: 85
** Event #19126272   t=167432.823607594765   Elapsed: 24.001s (0m 24s)  16% completed  (3% total)
     Speed:     ev/sec=784896   simsec/sec=6863.31   ev/simsec=114.361
     Messages:  created: 11470637   present: 97   in FES: 97
** Event #20696320   t=181204.644484576104   Elapsed: 26.001s (0m 26s)  18% completed  (3% total)
     Speed:     ev/sec=785024   simsec/sec=6885.91   ev/simsec=114.004
     Messages:  created: 12412284   present: 110   in FES: 110
** Event #22265344   t=194939.469311065192   Elapsed: 28.001s (0m 28s)  19% completed  (3% total)
     Speed:     ev/sec=784512   simsec/sec=6867.41   ev/simsec=114.237
     Messages:  created: 13353300   present: 78   in FES: 78
** Event #23832064   t=208647.078432499075   Elapsed: 30.001s (0m 30s)  20% completed  (4% total)
     Speed:     ev/sec=783360   simsec/sec=6853.8   ev/simsec=114.296
     Messages:  created: 14292942   present: 96   in FES: 96
** Event #25395968   t=222329.954995839229   Elapsed: 32.001s (0m 32s)  22% completed  (4% total)
     Speed:     ev/sec=781952   simsec/sec=6841.44   ev/simsec=114.296
     Messages:  created: 15230838   present: 96   in FES: 96
** Event #26957312   t=235969.128057661627   Elapsed: 34.001s (0m 34s)  23% completed  (4% total)
     Speed:     ev/sec=780672   simsec/sec=6819.59   ev/simsec=114.475
     Messages:  created: 16167291   present: 111   in FES: 111
** Event #28516608   t=249630.425165708308   Elapsed: 36.002s (0m 36s)  24% completed  (4% total)
     Speed:     ev/sec=779648   simsec/sec=6830.65   ev/simsec=114.14
     Messages:  created: 17102445   present: 93   in FES: 93
** Event #30071808   t=263257.481034440256   Elapsed: 38.002s (0m 38s)  26% completed  (5% total)
     Speed:     ev/sec=777600   simsec/sec=6813.53   ev/simsec=114.126
     Messages:  created: 18035187   present: 111   in FES: 111
** Event #31626752   t=276829.215350713538   Elapsed: 40.002s (0m 40s)  27% completed  (5% total)
     Speed:     ev/sec=777472   simsec/sec=6785.87   ev/simsec=114.572
     Messages:  created: 18967699   present: 114   in FES: 114
** Event #33180672   t=290402.560643895826   Elapsed: 42.002s (0m 42s)  29% completed  (5% total)
     Speed:     ev/sec=776960   simsec/sec=6786.67   ev/simsec=114.483
     Messages:  created: 19899701   present: 96   in FES: 96
** Event #34734336   t=303951.880762458012   Elapsed: 44.002s (0m 44s)  30% completed  (6% total)
     Speed:     ev/sec=776832   simsec/sec=6774.66   ev/simsec=114.667
     Messages:  created: 20831539   present: 135   in FES: 135
** Event #36287488   t=317556.405879853398   Elapsed: 46.002s (0m 46s)  31% completed  (6% total)
     Speed:     ev/sec=776576   simsec/sec=6802.26   ev/simsec=114.164
     Messages:  created: 21763079   present: 82   in FES: 82
** Event #37839872   t=331144.016194480131   Elapsed: 48.002s (0m 48s)  33% completed  (6% total)
     Speed:     ev/sec=776192   simsec/sec=6793.81   ev/simsec=114.25
     Messages:  created: 22694081   present: 105   in FES: 105
** Event #39390976   t=344718.768705598118   Elapsed: 50.003s (0m 50s)  34% completed  (6% total)
     Speed:     ev/sec=775552   simsec/sec=6787.38   ev/simsec=114.264
     Messages:  created: 23624349   present: 81   in FES: 81
** Event #40940288   t=358278.842778665374   Elapsed: 52.003s (0m 52s)  35% completed  (7% total)
     Speed:     ev/sec=774656   simsec/sec=6780.04   ev/simsec=114.255
     Messages:  created: 24553521   present: 93   in FES: 93
** Event #42489600   t=371868.139241835869   Elapsed: 54.003s (0m 54s)  37% completed  (7% total)
     Speed:     ev/sec=774656   simsec/sec=6794.65   ev/simsec=114.01
     Messages:  created: 25482787   present: 99   in FES: 99
** Event #44038912   t=385410.870757313541   Elapsed: 56.003s (0m 56s)  38% completed  (7% total)
     Speed:     ev/sec=774656   simsec/sec=6771.37   ev/simsec=114.402
     Messages:  created: 26411990   present: 64   in FES: 64
** Event #45588224   t=399004.611588702926   Elapsed: 58.003s (0m 58s)  39% completed  (7% total)
     Speed:     ev/sec=774656   simsec/sec=6796.87   ev/simsec=113.972
     Messages:  created: 27341215   present: 115   in FES: 115
** Event #47138304   t=412603.495745026283   Elapsed: 60.003s (1m 00s)  41% completed  (8% total)
     Speed:     ev/sec=775040   simsec/sec=6799.44   ev/simsec=113.986
     Messages:  created: 28270853   present: 105   in FES: 105
** Event #48688640   t=426156.043904088763   Elapsed: 62.003s (1m 02s)  42% completed  (8% total)
     Speed:     ev/sec=775168   simsec/sec=6776.27   ev/simsec=114.394
     Messages:  created: 29200736   present: 82   in FES: 82
** Event #50239488   t=439732.487013853064   Elapsed: 64.003s (1m 04s)  43% completed  (8% total)
     Speed:     ev/sec=775424   simsec/sec=6788.22   ev/simsec=114.231
     Messages:  created: 30130817   present: 76   in FES: 76
** Event #51790592   t=453306.693610591695   Elapsed: 66.004s (1m 06s)  45% completed  (9% total)
     Speed:     ev/sec=775552   simsec/sec=6787.1   ev/simsec=114.268
     Messages:  created: 31061105   present: 93   in FES: 93
** Event #53340928   t=466878.797576316442   Elapsed: 68.004s (1m 08s)  46% completed  (9% total)
     Speed:     ev/sec=775168   simsec/sec=6786.05   ev/simsec=114.23
     Messages:  created: 31990911   present: 107   in FES: 107
** Event #54923008   t=480742.134897070744   Elapsed: 70.004s (1m 10s)  48% completed  (9% total)
     Speed:     ev/sec=791040   simsec/sec=6931.67   ev/simsec=114.12
     Messages:  created: 32939723   present: 103   in FES: 103
** Event #56514304   t=494696.632623146843   Elapsed: 72.004s (1m 12s)  49% completed  (9% total)
     Speed:     ev/sec=795648   simsec/sec=6977.25   ev/simsec=114.035
     Messages:  created: 33894073   present: 121   in FES: 121
** Event #58106112   t=508622.387496167349   Elapsed: 74.004s (1m 14s)  50% completed  (10% total)
     Speed:     ev/sec=795904   simsec/sec=6962.88   ev/simsec=114.307
     Messages:  created: 34848798   present: 88   in FES: 88
** Event #59700224   t=522537.083633317463   Elapsed: 76.005s (1m 16s)  52% completed  (10% total)
     Speed:     ev/sec=797056   simsec/sec=6957.35   ev/simsec=114.563
     Messages:  created: 35804813   present: 92   in FES: 92
** Event #61296640   t=536507.550742277879   Elapsed: 78.005s (1m 18s)  53% completed  (10% total)
     Speed:     ev/sec=798208   simsec/sec=6985.23   ev/simsec=114.271
     Messages:  created: 36762230   present: 88   in FES: 88
** Event #62894336   t=550513.867440962734   Elapsed: 80.005s (1m 20s)  55% completed  (11% total)
     Speed:     ev/sec=798848   simsec/sec=7003.16   ev/simsec=114.07
     Messages:  created: 37720433   present: 97   in FES: 97
** Event #64493568   t=564446.860985065496   Elapsed: 82.005s (1m 22s)  56% completed  (11% total)
     Speed:     ev/sec=799616   simsec/sec=6966.5   ev/simsec=114.78
     Messages:  created: 38679529   present: 77   in FES: 77
** Event #66094080   t=578438.382168912162   Elapsed: 84.005s (1m 24s)  57% completed  (11% total)
     Speed:     ev/sec=800256   simsec/sec=6995.76   ev/simsec=114.392
     Messages:  created: 39639370   present: 108   in FES: 108
** Event #67696384   t=592443.295586720336   Elapsed: 86.006s (1m 26s)  59% completed  (11% total)
     Speed:     ev/sec=801152   simsec/sec=7002.46   ev/simsec=114.41
     Messages:  created: 40600317   present: 105   in FES: 105
** Event #69300480   t=606488.632703094807   Elapsed: 88.006s (1m 28s)  60% completed  (12% total)
     Speed:     ev/sec=802048   simsec/sec=7022.67   ev/simsec=114.208
     Messages:  created: 41562351   present: 94   in FES: 94
** Event #70907392   t=620541.257206242902   Elapsed: 90.006s (1m 30s)  62% completed  (12% total)
     Speed:     ev/sec=803456   simsec/sec=7026.31   ev/simsec=114.35
     Messages:  created: 42526043   present: 82   in FES: 82
** Event #72518656   t=634632.25965308899   Elapsed: 92.006s (1m 32s)  63% completed  (12% total)
     Speed:     ev/sec=805632   simsec/sec=7045.5   ev/simsec=114.347
     Messages:  created: 43492452   present: 106   in FES: 106
** Event #74130176   t=648705.855311330539   Elapsed: 94.006s (1m 34s)  64% completed  (12% total)
     Speed:     ev/sec=805760   simsec/sec=7036.8   ev/simsec=114.507
     Messages:  created: 44458892   present: 86   in FES: 86
** Event #75746048   t=662862.668949661644   Elapsed: 96.006s (1m 36s)  66% completed  (13% total)
     Speed:     ev/sec=807936   simsec/sec=7078.41   ev/simsec=114.141
     Messages:  created: 45427968   present: 94   in FES: 94
** Event #77364736   t=676998.432415102454   Elapsed: 98.006s (1m 38s)  67% completed  (13% total)
     Speed:     ev/sec=809344   simsec/sec=7067.88   ev/simsec=114.51
     Messages:  created: 46398766   present: 112   in FES: 112
** Event #78985472   t=691127.644769860172   Elapsed: 100.007s (1m 40s)  69% completed  (13% total)
     Speed:     ev/sec=810368   simsec/sec=7064.61   ev/simsec=114.708
     Messages:  created: 47370744   present: 102   in FES: 102
** Event #80602368   t=705229.368799135522   Elapsed: 102.007s (1m 42s)  70% completed  (14% total)
     Speed:     ev/sec=808448   simsec/sec=7050.86   ev/simsec=114.659
     Messages:  created: 48340432   present: 90   in FES: 90
** Event #82227200   t=719425.265582250477   Elapsed: 104.007s (1m 44s)  71% completed  (14% total)
     Speed:     ev/sec=812416   simsec/sec=7097.95   ev/simsec=114.458
     Messages:  created: 49314890   present: 76   in FES: 76
** Event #83853056   t=733627.298845024253   Elapsed: 106.007s (1m 46s)  73% completed  (14% total)
     Speed:     ev/sec=812928   simsec/sec=7101.02   ev/simsec=114.481
     Messages:  created: 50289990   present: 88   in FES: 88
** Event #85479936   t=747882.612479601007   Elapsed: 108.008s (1m 48s)  74% completed  (14% total)
     Speed:     ev/sec=813440   simsec/sec=7127.66   ev/simsec=114.124
     Messages:  created: 51265759   present: 87   in FES: 87
** Event #87109376   t=762119.341925031013   Elapsed: 110.008s (1m 50s)  76% completed  (15% total)
     Speed:     ev/sec=814720   simsec/sec=7118.36   ev/simsec=114.453
     Messages:  created: 52242857   present: 89   in FES: 89
** Event #88739328   t=776373.512690528656   Elapsed: 112.008s (1m 52s)  77% completed  (15% total)
     Speed:     ev/sec=814976   simsec/sec=7127.09   ev/simsec=114.349
     Messages:  created: 53220355   present: 79   in FES: 79
** Event #90370048   t=790640.605154870141   Elapsed: 114.008s (1m 54s)  79% completed  (15% total)
     Speed:     ev/sec=815360   simsec/sec=7133.55   ev/simsec=114.299
     Messages:  created: 54198319   present: 87   in FES: 87
** Event #92000768   t=804897.840571613221   Elapsed: 116.008s (1m 56s)  80% completed  (16% total)
     Speed:     ev/sec=815360   simsec/sec=7128.62   ev/simsec=114.378
     Messages:  created: 55176300   present: 82   in FES: 82
** Event #93633024   t=819176.999977027801   Elapsed: 118.008s (1m 58s)  81% completed  (16% total)
     Speed:     ev/sec=816128   simsec/sec=7139.58   ev/simsec=114.31
     Messages:  created: 56155272   present: 114   in FES: 114
** Event #95264512   t=833442.911308706444   Elapsed: 120.008s (2m 00s)  83% completed  (16% total)
     Speed:     ev/sec=815744   simsec/sec=7132.96   ev/simsec=114.363
     Messages:  created: 57133685   present: 129   in FES: 129
** Event #96895744   t=847690.906110268861   Elapsed: 122.008s (2m 02s)  84% completed  (16% total)
     Speed:     ev/sec=815616   simsec/sec=7124   ev/simsec=114.489
     Messages:  created: 58111923   present: 67   in FES: 67
** Event #98527232   t=861982.072749841861   Elapsed: 124.008s (2m 04s)  86% completed  (17% total)
     Speed:     ev/sec=815744   simsec/sec=7145.58   ev/simsec=114.161
     Messages:  created: 59090500   present: 106   in FES: 106
** Event #100158464   t=876272.94030197132   Elapsed: 126.009s (2m 06s)  87% completed  (17% total)
     Speed:     ev/sec=815616   simsec/sec=7145.43   ev/simsec=114.145
     Messages:  created: 60068798   present: 100   in FES: 100
** Event #101790720   t=890523.285451379729   Elapsed: 128.009s (2m 08s)  89% completed  (17% total)
     Speed:     ev/sec=816128   simsec/sec=7125.17   ev/simsec=114.542
     Messages:  created: 61047757   present: 93   in FES: 93
** Event #103421696   t=904773.657766251953   Elapsed: 130.009s (2m 10s)  90% completed  (18% total)
     Speed:     ev/sec=815488   simsec/sec=7125.19   ev/simsec=114.451
     Messages:  created: 62025937   present: 113   in FES: 113
** Event #105052928   t=919047.509891444041   Elapsed: 132.009s (2m 12s)  91% completed  (18% total)
     Speed:     ev/sec=815616   simsec/sec=7136.93   ev/simsec=114.281
     Messages:  created: 63004274   present: 72   in FES: 72
** Event #106683904   t=933297.782535397123   Elapsed: 134.009s (2m 14s)  93% completed  (18% total)
     Speed:     ev/sec=815488   simsec/sec=7125.14   ev/simsec=114.452
     Messages:  created: 63982428   present: 94   in FES: 94
** Event #108315648   t=947581.454583923398   Elapsed: 136.009s (2m 16s)  94% completed  (18% total)
     Speed:     ev/sec=815872   simsec/sec=7141.84   ev/simsec=114.238
     Messages:  created: 64961051   present: 95   in FES: 95
** Event #109955840   t=961913.00083084899   Elapsed: 138.010s (2m 18s)  96% completed  (19% total)
     Speed:     ev/sec=820096   simsec/sec=7165.77   ev/simsec=114.446
     Messages:  created: 65944673   present: 73   in FES: 73
** Event #111586560   t=976177.557395994285   Elapsed: 140.010s (2m 20s)  97% completed  (19% total)
     Speed:     ev/sec=815360   simsec/sec=7132.28   ev/simsec=114.32
     Messages:  created: 66922729   present: 124   in FES: 124
** Event #113217280   t=990442.855159405868   Elapsed: 142.010s (2m 22s)  99% completed  (19% total)
     Speed:     ev/sec=815360   simsec/sec=7132.65   ev/simsec=114.314
     Messages:  created: 67900791   present: 99   in FES: 99
** Event #114312382   t=999999   Elapsed: 143.353s (2m 23s)  100% completed  (20% total)
     Speed:     ev/sec=815414   simsec/sec=7115.51   ev/simsec=114.597
     Messages:  created: 68557550   present: 83   in FES: 83

<!> Simulation time limit reached -- at t=999999s, event #114312382
