** Event #0   t=0   Elapsed: 0.000s (0m 00s)  0% completed  (0% total)
     Speed:     ev/sec=0   simsec/sec=0   ev/simsec=0
     Messages:  created: 3   present: 3   in FES: 4
** Event #1542144   t=10908.723275225807   Elapsed: 2.000s (0m 02s)  1% completed  (0% total)
     Speed:     ev/sec=771072   simsec/sec=5454.36   ev/simsec=141.368
     Messages:  created: 919370   present: 140   in FES: 140
** Event #3085312   t=21838.25431815889   Elapsed: 4.000s (0m 04s)  2% completed  (0% total)
     Speed:     ev/sec=771584   simsec/sec=5464.77   ev/simsec=141.193
     Messages:  created: 1839332   present: 94   in FES: 94
** Event #4616448   t=32690.80906052152   Elapsed: 6.000s (0m 06s)  3% completed  (0% total)
     Speed:     ev/sec=765568   simsec/sec=5426.28   ev/simsec=141.085
     Messages:  created: 2752451   present: 114   in FES: 114
** Event #6143232   t=43545.071836867113   Elapsed: 8.000s (0m 08s)  4% completed  (0% total)
     Speed:     ev/sec=763392   simsec/sec=5427.13   ev/simsec=140.662
     Messages:  created: 3662989   present: 133   in FES: 133
** Event #7671040   t=54372.778493708661   Elapsed: 10.000s (0m 10s)  5% completed  (1% total)
     Speed:     ev/sec=763904   simsec/sec=5413.85   ev/simsec=141.102
     Messages:  created: 4573926   present: 132   in FES: 132
** Event #9195008   t=65187.668434845815   Elapsed: 12.001s (0m 12s)  6% completed  (1% total)
     Speed:     ev/sec=761984   simsec/sec=5407.44   ev/simsec=140.914
     Messages:  created: 5482654   present: 104   in FES: 104
** Event #10715648   t=75968.63973889853   Elapsed: 14.001s (0m 14s)  7% completed  (1% total)
     Speed:     ev/sec=760320   simsec/sec=5390.49   ev/simsec=141.049
     Messages:  created: 6389245   present: 105   in FES: 105
** Event #12236288   t=86729.657501816433   Elapsed: 16.001s (0m 16s)  8% completed  (1% total)
     Speed:     ev/sec=760320   simsec/sec=5380.51   ev/simsec=141.31
     Messages:  created: 7295759   present: 110   in FES: 110
** Event #13754624   t=97478.368347057575   Elapsed: 18.001s (0m 18s)  9% completed  (1% total)
     Speed:     ev/sec=759168   simsec/sec=5374.36   ev/simsec=141.257
     Messages:  created: 8200971   present: 111   in FES: 111
** Event #15274496   t=108238.95265071588   Elapsed: 20.001s (0m 20s)  10% completed  (2% total)
     Speed:     ev/sec=759936   simsec/sec=5380.29   ev/simsec=141.244
     Messages:  created: 9107281   present: 101   in FES: 101
** Event #16797440   t=119063.041799558256   Elapsed: 22.002s (0m 22s)  11% completed  (2% total)
     Speed:     ev/sec=761472   simsec/sec=5412.04   ev/simsec=140.7
     Messages:  created: 10015625   present: 113   in FES: 113
** Event #18321664   t=129859.343725033886   Elapsed: 24.002s (0m 24s)  12% completed  (2% total)
     Speed:     ev/sec=762112   simsec/sec=5398.15   ev/simsec=141.18
     Messages:  created: 10924250   present: 108   in FES: 108
** Event #19846912   t=140678.799418359203   Elapsed: 26.002s (0m 26s)  14% completed  (2% total)
     Speed:     ev/sec=762624   simsec/sec=5409.73   ev/simsec=140.973
     Messages:  created: 11833463   present: 119   in FES: 119
** Event #21373440   t=151482.466517520736   Elapsed: 28.002s (0m 28s)  15% completed  (3% total)
     Speed:     ev/sec=763264   simsec/sec=5401.83   ev/simsec=141.297
     Messages:  created: 12743726   present: 124   in FES: 124
** Event #22901760   t=162314.96554747927   Elapsed: 30.002s (0m 30s)  16% completed  (3% total)
     Speed:     ev/sec=764160   simsec/sec=5416.25   ev/simsec=141.087
     Messages:  created: 13654721   present: 133   in FES: 133
** Event #24428800   t=173146.063823989388   Elapsed: 32.002s (0m 32s)  17% completed  (3% total)
     Speed:     ev/sec=763520   simsec/sec=5415.55   ev/simsec=140.987
     Messages:  created: 14565357   present: 109   in FES: 109
** Event #25954560   t=183927.648230466667   Elapsed: 34.002s (0m 34s)  18% completed  (3% total)
     Speed:     ev/sec=762880   simsec/sec=5390.79   ev/simsec=141.515
     Messages:  created: 15475173   present: 120   in FES: 120
** Event #27482880   t=194768.378453966914   Elapsed: 36.003s (0m 36s)  19% completed  (3% total)
     Speed:     ev/sec=764160   simsec/sec=5420.37   ev/simsec=140.979
     Messages:  created: 16386557   present: 117   in FES: 117
** Event #29009408   t=205588.946570782396   Elapsed: 38.003s (0m 38s)  20% completed  (4% total)
     Speed:     ev/sec=763264   simsec/sec=5410.28   ev/simsec=141.077
     Messages:  created: 17296797   present: 128   in FES: 128
** Event #30535936   t=216399.105333554319   Elapsed: 40.003s (0m 40s)  21% completed  (4% total)
     Speed:     ev/sec=763264   simsec/sec=5405.08   ev/simsec=141.212
     Messages:  created: 18206918   present: 128   in FES: 128
** Event #32066816   t=227233.80544560183   Elapsed: 42.003s (0m 42s)  22% completed  (4% total)
     Speed:     ev/sec=765440   simsec/sec=5417.35   ev/simsec=141.294
     Messages:  created: 19119514   present: 128   in FES: 128
** Event #33567232   t=237886.741329127923   Elapsed: 44.003s (0m 44s)  23% completed  (4% total)
     Speed:     ev/sec=750208   simsec/sec=5326.47   ev/simsec=140.845
     Messages:  created: 20014199   present: 114   in FES: 114
** Event #35099392   t=248721.841206911422   Elapsed: 46.003s (0m 46s)  24% completed  (4% total)
     Speed:     ev/sec=766080   simsec/sec=5417.55   ev/simsec=141.407
     Messages:  created: 20927827   present: 111   in FES: 111
** Event #36633344   t=259600.484278884265   Elapsed: 48.004s (0m 48s)  25% completed  (5% total)
     Speed:     ev/sec=766976   simsec/sec=5439.32   ev/simsec=141.006
     Messages:  created: 21842270   present: 124   in FES: 124
** Event #38170880   t=270480.450807315583   Elapsed: 50.004s (0m 50s)  27% completed  (5% total)
     Speed:     ev/sec=768768   simsec/sec=5439.98   ev/simsec=141.318
     Messages:  created: 22758982   present: 124   in FES: 124
** Event #39709952   t=281377.574563058015   Elapsed: 52.004s (0m 52s)  28% completed  (5% total)
     Speed:     ev/sec=769536   simsec/sec=5448.56   ev/simsec=141.237
     Messages:  created: 23676645   present: 117   in FES: 117
** Event #41248512   t=292259.157327011003   Elapsed: 54.004s (0m 54s)  29% completed  (5% total)
     Speed:     ev/sec=769280   simsec/sec=5440.79   ev/simsec=141.391
     Messages:  created: 24593851   present: 138   in FES: 138
** Event #42787840   t=303191.612646884516   Elapsed: 56.004s (0m 56s)  30% completed  (6% total)
     Speed:     ev/sec=769664   simsec/sec=5466.23   ev/simsec=140.804
     Messages:  created: 25511633   present: 112   in FES: 112
** Event #44326656   t=314109.241646105069   Elapsed: 58.004s (0m 58s)  31% completed  (6% total)
     Speed:     ev/sec=769408   simsec/sec=5458.81   ev/simsec=140.948
     Messages:  created: 26429252   present: 138   in FES: 138
** Event #45866240   t=325010.792012676164   Elapsed: 60.004s (1m 00s)  32% completed  (6% total)
     Speed:     ev/sec=769792   simsec/sec=5450.78   ev/simsec=141.226
     Messages:  created: 27347302   present: 116   in FES: 116
** Event #47406080   t=335929.378498686654   Elapsed: 62.004s (1m 02s)  33% completed  (6% total)
     Speed:     ev/sec=769920   simsec/sec=5459.29   ev/simsec=141.029
     Messages:  created: 28265618   present: 124   in FES: 124
** Event #48945408   t=346833.864659865824   Elapsed: 64.005s (1m 04s)  34% completed  (6% total)
     Speed:     ev/sec=769664   simsec/sec=5452.24   ev/simsec=141.165
     Messages:  created: 29183419   present: 103   in FES: 103
** Event #50484736   t=357709.25170193167   Elapsed: 66.005s (1m 06s)  35% completed  (7% total)
     Speed:     ev/sec=769664   simsec/sec=5437.69   ev/simsec=141.542
     Messages:  created: 30101135   present: 99   in FES: 99
** Event #52024064   t=368618.166854053942   Elapsed: 68.005s (1m 08s)  36% completed  (7% total)
     Speed:     ev/sec=769664   simsec/sec=5454.46   ev/simsec=141.107
     Messages:  created: 31019096   present: 114   in FES: 114
** Event #53563392   t=379523.929242527636   Elapsed: 70.005s (1m 10s)  37% completed  (7% total)
     Speed:     ev/sec=769664   simsec/sec=5452.88   ev/simsec=141.148
     Messages:  created: 31936928   present: 110   in FES: 110
** Event #55102464   t=390405.089342078436   Elapsed: 72.005s (1m 12s)  39% completed  (7% total)
     Speed:     ev/sec=769536   simsec/sec=5440.58   ev/simsec=141.444
     Messages:  created: 32854635   present: 131   in FES: 131
** Event #56641536   t=401297.032781441522   Elapsed: 74.005s (1m 14s)  40% completed  (8% total)
     Speed:     ev/sec=769536   simsec/sec=5445.97   ev/simsec=141.304
     Messages:  created: 33772222   present: 108   in FES: 108
** Event #58182144   t=412229.93253985391   Elapsed: 76.006s (1m 16s)  41% completed  (8% total)
     Speed:     ev/sec=770304   simsec/sec=5466.45   ev/simsec=140.915
     Messages:  created: 34690836   present: 130   in FES: 130
** Event #59721984   t=423173.511249635136   Elapsed: 78.006s (1m 18s)  42% completed  (8% total)
     Speed:     ev/sec=769920   simsec/sec=5471.79   ev/simsec=140.707
     Messages:  created: 35608909   present: 116   in FES: 116
** Event #61264896   t=434117.55207887387   Elapsed: 80.006s (1m 20s)  43% completed  (8% total)
     Speed:     ev/sec=771456   simsec/sec=5472.02   ev/simsec=140.982
     Messages:  created: 36528897   present: 133   in FES: 133
** Event #62803968   t=445016.695863879563   Elapsed: 82.006s (1m 22s)  44% completed  (8% total)
     Speed:     ev/sec=769536   simsec/sec=5449.57   ev/simsec=141.21
     Messages:  created: 37446598   present: 116   in FES: 116
** Event #64343552   t=455909.231198467087   Elapsed: 84.006s (1m 24s)  45% completed  (9% total)
     Speed:     ev/sec=769792   simsec/sec=5446.27   ev/simsec=141.343
     Messages:  created: 38364374   present: 128   in FES: 128
** Event #65874176   t=466721.159395304086   Elapsed: 86.007s (1m 26s)  46% completed  (9% total)
     Speed:     ev/sec=765312   simsec/sec=5405.96   ev/simsec=141.568
     Messages:  created: 39276691   present: 111   in FES: 111
** Event #67412736   t=477628.775683527681   Elapsed: 88.007s (1m 28s)  47% completed  (9% total)
     Speed:     ev/sec=769280   simsec/sec=5453.81   ev/simsec=141.054
     Messages:  created: 40194230   present: 84   in FES: 84
** Event #68951808   t=488549.841415505497   Elapsed: 90.007s (1m 30s)  48% completed  (9% total)
     Speed:     ev/sec=769536   simsec/sec=5460.53   ev/simsec=140.927
     Messages:  created: 41111899   present: 110   in FES: 110
** Event #70491136   t=499432.444698124221   Elapsed: 92.007s (1m 32s)  49% completed  (9% total)
     Speed:     ev/sec=769664   simsec/sec=5441.3   ev/simsec=141.449
     Messages:  created: 42029755   present: 126   in FES: 126
** Event #72029952   t=510317.944156238544   Elapsed: 94.007s (1m 34s)  51% completed  (10% total)
     Speed:     ev/sec=769408   simsec/sec=5442.75   ev/simsec=141.364
     Messages:  created: 42947066   present: 120   in FES: 120
** Event #73569024   t=521218.937960939624   Elapsed: 96.007s (1m 36s)  52% completed  (10% total)
     Speed:     ev/sec=769536   simsec/sec=5450.5   ev/simsec=141.186
     Messages:  created: 43864655   present: 119   in FES: 119
** Event #75107840   t=532123.564005696294   Elapsed: 98.007s (1m 38s)  53% completed  (10% total)
     Speed:     ev/sec=769408   simsec/sec=5452.31   ev/simsec=141.116
     Messages:  created: 44782198   present: 128   in FES: 128
** Event #76646912   t=543043.326815881778   Elapsed: 100.008s (1m 40s)  54% completed  (10% total)
     Speed:     ev/sec=769536   simsec/sec=5459.88   ev/simsec=140.944
     Messages:  created: 45699795   present: 110   in FES: 110
** Event #78185728   t=553954.690393774413   Elapsed: 102.008s (1m 42s)  55% completed  (11% total)
     Speed:     ev/sec=769408   simsec/sec=5455.68   ev/simsec=141.029
     Messages:  created: 46617251   present: 110   in FES: 110
** Event #79724544   t=564874.868513514295   Elapsed: 104.008s (1m 44s)  56% completed  (11% total)
     Speed:     ev/sec=769408   simsec/sec=5460.09   ev/simsec=140.915
     Messages:  created: 47534889   present: 97   in FES: 97
** Event #81263360   t=575780.113816883828   Elapsed: 106.008s (1m 46s)  57% completed  (11% total)
     Speed:     ev/sec=769408   simsec/sec=5452.62   ev/simsec=141.108
     Messages:  created: 48452258   present: 108   in FES: 108
** Event #82802432   t=586694.992595083174   Elapsed: 108.009s (1m 48s)  58% completed  (11% total)
     Speed:     ev/sec=769536   simsec/sec=5457.44   ev/simsec=141.007
     Messages:  created: 49369691   present: 91   in FES: 91
** Event #84341504   t=597591.454413323229   Elapsed: 110.009s (1m 50s)  59% completed  (11% total)
     Speed:     ev/sec=769536   simsec/sec=5448.23   ev/simsec=141.245
     Messages:  created: 50287207   present: 107   in FES: 107
** Event #85880064   t=608484.861032670509   Elapsed: 112.009s (1m 52s)  60% completed  (12% total)
     Speed:     ev/sec=769280   simsec/sec=5446.7   ev/simsec=141.238
     Messages:  created: 51204605   present: 120   in FES: 120
** Event #87419136   t=619434.669256486587   Elapsed: 114.009s (1m 54s)  61% completed  (12% total)
     Speed:     ev/sec=769536   simsec/sec=5474.9   ev/simsec=140.557
     Messages:  created: 52122492   present: 106   in FES: 106
** Event #88957696   t=630319.823037608593   Elapsed: 116.009s (1m 56s)  63% completed  (12% total)
     Speed:     ev/sec=769280   simsec/sec=5442.58   ev/simsec=141.345
     Messages:  created: 53039777   present: 112   in FES: 112
** Event #90496000   t=641201.826084979673   Elapsed: 118.009s (1m 58s)  64% completed  (12% total)
     Speed:     ev/sec=769152   simsec/sec=5441   ev/simsec=141.362
     Messages:  created: 53956721   present: 117   in FES: 117
** Event #92012288   t=651931.068415069381   Elapsed: 120.010s (2m 00s)  65% completed  (13% total)
     Speed:     ev/sec=758144   simsec/sec=5364.62   ev/simsec=141.323
     Messages:  created: 54860682   present: 116   in FES: 116
** Event #93544960   t=662808.476616676757   Elapsed: 122.010s (2m 02s)  66% completed  (13% total)
     Speed:     ev/sec=766336   simsec/sec=5438.7   ev/simsec=140.904
     Messages:  created: 55774257   present: 133   in FES: 133
** Event #95077632   t=673676.827414647066   Elapsed: 124.010s (2m 04s)  67% completed  (13% total)
     Speed:     ev/sec=766336   simsec/sec=5434.18   ev/simsec=141.022
     Messages:  created: 56688170   present: 132   in FES: 132
** Event #96610560   t=684512.335527557044   Elapsed: 126.010s (2m 06s)  68% completed  (13% total)
     Speed:     ev/sec=766464   simsec/sec=5417.75   ev/simsec=141.473
     Messages:  created: 57601998   present: 132   in FES: 132
** Event #98143488   t=695391.185003986217   Elapsed: 128.010s (2m 08s)  69% completed  (13% total)
     Speed:     ev/sec=766464   simsec/sec=5439.42   ev/simsec=140.909
     Messages:  created: 58515909   present: 125   in FES: 125
** Event #99676416   t=706244.094602320497   Elapsed: 130.010s (2m 10s)  70% completed  (14% total)
     Speed:     ev/sec=766464   simsec/sec=5426.45   ev/simsec=141.246
     Messages:  created: 59429791   present: 102   in FES: 102
** Event #101210112   t=717099.842020757601   Elapsed: 132.011s (2m 12s)  71% completed  (14% total)
     Speed:     ev/sec=766848   simsec/sec=5427.87   ev/simsec=141.28
     Messages:  created: 60344155   present: 91   in FES: 91
** Event #102743552   t=727989.977315818047   Elapsed: 134.011s (2m 14s)  72% completed  (14% total)
     Speed:     ev/sec=766720   simsec/sec=5445.07   ev/simsec=140.81
     Messages:  created: 61258699   present: 115   in FES: 115
** Event #104273152   t=738811.914765384695   Elapsed: 136.011s (2m 16s)  73% completed  (14% total)
     Speed:     ev/sec=764800   simsec/sec=5410.97   ev/simsec=141.343
     Messages:  created: 62170631   present: 131   in FES: 131
** Event #105820160   t=749765.846627784908   Elapsed: 138.011s (2m 18s)  74% completed  (14% total)
     Speed:     ev/sec=773504   simsec/sec=5476.97   ev/simsec=141.229
     Messages:  created: 63092991   present: 135   in FES: 135
** Event #107367680   t=760719.751627322716   Elapsed: 140.011s (2m 20s)  76% completed  (15% total)
     Speed:     ev/sec=773760   simsec/sec=5476.95   ev/simsec=141.276
     Messages:  created: 64015735   present: 123   in FES: 123
** Event #108915200   t=771673.010318622833   Elapsed: 142.012s (2m 22s)  77% completed  (15% total)
     Speed:     ev/sec=773760   simsec/sec=5476.63   ev/simsec=141.284
     Messages:  created: 64938437   present: 121   in FES: 121
** Event #110462976   t=782653.87807447438   Elapsed: 144.012s (2m 24s)  78% completed  (15% total)
     Speed:     ev/sec=773888   simsec/sec=5490.43   ev/simsec=140.952
     Messages:  created: 65861239   present: 127   in FES: 127
** Event #112009472   t=793585.676412681713   Elapsed: 146.012s (2m 26s)  79% completed  (15% total)
     Speed:     ev/sec=773248   simsec/sec=5465.9   ev/simsec=141.468
     Messages:  created: 66783154   present: 100   in FES: 100
** Event #113556992   t=804544.172084426808   Elapsed: 148.012s (2m 28s)  80% completed  (16% total)
     Speed:     ev/sec=773760   simsec/sec=5479.25   ev/simsec=141.216
     Messages:  created: 67705713   present: 113   in FES: 113
** Event #115124224   t=815639.383547611089   Elapsed: 150.012s (2m 30s)  81% completed  (16% total)
     Speed:     ev/sec=783616   simsec/sec=5547.61   ev/simsec=141.253
     Messages:  created: 68639961   present: 133   in FES: 133
** Event #116760832   t=827256.916374284838   Elapsed: 152.012s (2m 32s)  82% completed  (16% total)
     Speed:     ev/sec=818304   simsec/sec=5808.77   ev/simsec=140.874
     Messages:  created: 69615738   present: 108   in FES: 108
** Event #118353920   t=838557.34831394096   Elapsed: 154.013s (2m 34s)  83% completed  (16% total)
     Speed:     ev/sec=796544   simsec/sec=5650.22   ev/simsec=140.976
     Messages:  created: 70565542   present: 120   in FES: 120
** Event #119995904   t=850139.521403657112   Elapsed: 156.013s (2m 36s)  85% completed  (17% total)
     Speed:     ev/sec=820992   simsec/sec=5791.09   ev/simsec=141.768
     Messages:  created: 71544242   present: 108   in FES: 108
** Event #121594624   t=861463.035061701666   Elapsed: 158.013s (2m 38s)  86% completed  (17% total)
     Speed:     ev/sec=799360   simsec/sec=5661.76   ev/simsec=141.186
     Messages:  created: 72497210   present: 112   in FES: 112
** Event #123214336   t=872931.504985541694   Elapsed: 160.013s (2m 40s)  87% completed  (17% total)
     Speed:     ev/sec=809856   simsec/sec=5734.23   ev/simsec=141.232
     Messages:  created: 73462629   present: 113   in FES: 113
** Event #124768768   t=883937.955158862716   Elapsed: 162.013s (2m 42s)  88% completed  (17% total)
     Speed:     ev/sec=777216   simsec/sec=5503.23   ev/simsec=141.229
     Messages:  created: 74389502   present: 120   in FES: 120
** Event #126415872   t=895580.487272778887   Elapsed: 164.013s (2m 44s)  89% completed  (17% total)
     Speed:     ev/sec=823552   simsec/sec=5821.27   ev/simsec=141.473
     Messages:  created: 75371346   present: 120   in FES: 120
** Event #128021760   t=906955.662428860059   Elapsed: 166.013s (2m 46s)  90% completed  (18% total)
     Speed:     ev/sec=802944   simsec/sec=5687.59   ev/simsec=141.175
     Messages:  created: 76328840   present: 122   in FES: 122
** Event #129733120   t=919072.964811855132   Elapsed: 168.014s (2m 48s)  91% completed  (18% total)
     Speed:     ev/sec=855680   simsec/sec=6058.65   ev/simsec=141.233
     Messages:  created: 77349047   present: 95   in FES: 95
** Event #131401216   t=930918.304315457239   Elapsed: 170.014s (2m 50s)  93% completed  (18% total)
     Speed:     ev/sec=834048   simsec/sec=5922.67   ev/simsec=140.823
     Messages:  created: 78343689   present: 121   in FES: 121
** Event #133054720   t=942617.200666606968   Elapsed: 172.014s (2m 52s)  94% completed  (18% total)
     Speed:     ev/sec=826752   simsec/sec=5849.45   ev/simsec=141.338
     Messages:  created: 79329503   present: 115   in FES: 115
** Event #134685440   t=954170.131097452995   Elapsed: 174.014s (2m 54s)  95% completed  (19% total)
     Speed:     ev/sec=815360   simsec/sec=5776.47   ev/simsec=141.152
     Messages:  created: 80301872   present: 114   in FES: 114
** Event #136326656   t=965795.12250554885   Elapsed: 176.014s (2m 56s)  96% completed  (19% total)
     Speed:     ev/sec=820608   simsec/sec=5812.5   ev/simsec=141.18
     Messages:  created: 81280458   present: 132   in FES: 132
** Event #137952256   t=977299.963799824113   Elapsed: 178.014s (2m 58s)  97% completed  (19% total)
     Speed:     ev/sec=812800   simsec/sec=5752.42   ev/simsec=141.297
     Messages:  created: 82249488   present: 130   in FES: 130
** Event #139620608   t=989128.094630410984   Elapsed: 180.014s (3m 00s)  98% completed  (19% total)
     Speed:     ev/sec=834176   simsec/sec=5914.07   ev/simsec=141.05
     Messages:  created: 83244134   present: 132   in FES: 132
** Event #141153639   t=999999   Elapsed: 181.865s (3m 01s)  100% completed  (20% total)
     Speed:     ev/sec=828665   simsec/sec=5876.15   ev/simsec=141.022
     Messages:  created: 84157981   present: 135   in FES: 135

<!> Simulation time limit reached -- at t=999999s, event #141153639
