** Event #0   t=0   Elapsed: 0.000s (0m 00s)  0% completed  (0% total)
     Speed:     ev/sec=0   simsec/sec=0   ev/simsec=0
     Messages:  created: 3   present: 3   in FES: 4
** Event #1572608   t=9526.307308558914   Elapsed: 2.000s (0m 02s)  0% completed  (0% total)
     Speed:     ev/sec=786304   simsec/sec=4763.15   ev/simsec=165.081
     Messages:  created: 922461   present: 132   in FES: 132
** Event #3145984   t=19055.029777231813   Elapsed: 4.000s (0m 04s)  1% completed  (0% total)
     Speed:     ev/sec=786688   simsec/sec=4764.36   ev/simsec=165.119
     Messages:  created: 1846096   present: 110   in FES: 110
** Event #4718848   t=28577.18424039905   Elapsed: 6.000s (0m 06s)  2% completed  (0% total)
     Speed:     ev/sec=786432   simsec/sec=4761.08   ev/simsec=165.179
     Messages:  created: 2769975   present: 127   in FES: 127
** Event #6291968   t=38093.93293582793   Elapsed: 8.000s (0m 08s)  3% completed  (0% total)
     Speed:     ev/sec=786560   simsec/sec=4758.37   ev/simsec=165.3
     Messages:  created: 3692950   present: 136   in FES: 136
** Event #7865344   t=47624.660658354179   Elapsed: 10.000s (0m 10s)  4% completed  (0% total)
     Speed:     ev/sec=786688   simsec/sec=4765.36   ev/simsec=165.085
     Messages:  created: 4616177   present: 116   in FES: 116
** Event #9438976   t=57120.078250630805   Elapsed: 12.000s (0m 12s)  5% completed  (1% total)
     Speed:     ev/sec=786816   simsec/sec=4747.71   ev/simsec=165.725
     Messages:  created: 5539612   present: 134   in FES: 134
** Event #11012352   t=66665.458131618609   Elapsed: 14.001s (0m 14s)  6% completed  (1% total)
     Speed:     ev/sec=786688   simsec/sec=4772.69   ev/simsec=164.831
     Messages:  created: 6463117   present: 132   in FES: 132
** Event #12585216   t=76171.860582422897   Elapsed: 16.001s (0m 16s)  7% completed  (1% total)
     Speed:     ev/sec=786432   simsec/sec=4753.2   ev/simsec=165.453
     Messages:  created: 7386207   present: 127   in FES: 127
** Event #14157824   t=85687.778271912005   Elapsed: 18.001s (0m 18s)  8% completed  (1% total)
     Speed:     ev/sec=786304   simsec/sec=4757.96   ev/simsec=165.261
     Messages:  created: 8310021   present: 133   in FES: 133
** Event #15730176   t=95220.992671851186   Elapsed: 20.001s (0m 20s)  9% completed  (1% total)
     Speed:     ev/sec=786176   simsec/sec=4766.61   ev/simsec=164.934
     Messages:  created: 9233469   present: 129   in FES: 129
** Event #17306112   t=104761.780003192508   Elapsed: 22.001s (0m 22s)  10% completed  (2% total)
     Speed:     ev/sec=787968   simsec/sec=4770.39   ev/simsec=165.179
     Messages:  created: 10158689   present: 116   in FES: 116
** Event #18881536   t=114307.686059964778   Elapsed: 24.001s (0m 24s)  11% completed  (2% total)
     Speed:     ev/sec=787712   simsec/sec=4772.95   ev/simsec=165.037
     Messages:  created: 11083026   present: 136   in FES: 136
** Event #20456448   t=123832.736186030559   Elapsed: 26.002s (0m 26s)  12% completed  (2% total)
     Speed:     ev/sec=787456   simsec/sec=4762.53   ev/simsec=165.344
     Messages:  created: 12007084   present: 110   in FES: 110
** Event #22031872   t=133361.139190522113   Elapsed: 28.002s (0m 28s)  13% completed  (2% total)
     Speed:     ev/sec=787712   simsec/sec=4764.2   ev/simsec=165.34
     Messages:  created: 12931259   present: 142   in FES: 142
** Event #23607040   t=142888.880171419566   Elapsed: 30.002s (0m 30s)  14% completed  (2% total)
     Speed:     ev/sec=787584   simsec/sec=4763.87   ev/simsec=165.324
     Messages:  created: 13855513   present: 117   in FES: 117
** Event #25182464   t=152449.372189046562   Elapsed: 32.003s (0m 32s)  15% completed  (3% total)
     Speed:     ev/sec=787712   simsec/sec=4780.25   ev/simsec=164.785
     Messages:  created: 14780615   present: 135   in FES: 135
** Event #26757888   t=161988.959113319715   Elapsed: 34.003s (0m 34s)  16% completed  (3% total)
     Speed:     ev/sec=787712   simsec/sec=4769.79   ev/simsec=165.146
     Messages:  created: 15704893   present: 137   in FES: 137
** Event #28333824   t=171517.352044281826   Elapsed: 36.003s (0m 36s)  17% completed  (3% total)
     Speed:     ev/sec=787968   simsec/sec=4764.2   ev/simsec=165.394
     Messages:  created: 16629715   present: 135   in FES: 135
** Event #29908480   t=181008.846974251086   Elapsed: 38.003s (0m 38s)  18% completed  (3% total)
     Speed:     ev/sec=787328   simsec/sec=4745.75   ev/simsec=165.902
     Messages:  created: 17553457   present: 125   in FES: 125
** Event #31483392   t=190512.317350600575   Elapsed: 40.003s (0m 40s)  19% completed  (3% total)
     Speed:     ev/sec=787456   simsec/sec=4751.74   ev/simsec=165.72
     Messages:  created: 18478100   present: 138   in FES: 138
** Event #33058816   t=200030.954196027761   Elapsed: 42.003s (0m 42s)  20% completed  (4% total)
     Speed:     ev/sec=787712   simsec/sec=4759.32   ev/simsec=165.509
     Messages:  created: 19402619   present: 150   in FES: 150
** Event #34634240   t=209585.214288150205   Elapsed: 44.003s (0m 44s)  20% completed  (4% total)
     Speed:     ev/sec=787712   simsec/sec=4777.13   ev/simsec=164.892
     Messages:  created: 20327416   present: 138   in FES: 138
** Event #36209408   t=219103.492310248308   Elapsed: 46.004s (0m 46s)  21% completed  (4% total)
     Speed:     ev/sec=787584   simsec/sec=4759.14   ev/simsec=165.489
     Messages:  created: 21251616   present: 126   in FES: 126
** Event #37784832   t=228631.433997660104   Elapsed: 48.004s (0m 48s)  22% completed  (4% total)
     Speed:     ev/sec=787712   simsec/sec=4763.97   ev/simsec=165.348
     Messages:  created: 22175951   present: 126   in FES: 126
** Event #39359744   t=238178.551958851168   Elapsed: 50.004s (0m 50s)  23% completed  (4% total)
     Speed:     ev/sec=787456   simsec/sec=4773.56   ev/simsec=164.962
     Messages:  created: 23100328   present: 118   in FES: 118
** Event #40935424   t=247711.739012036247   Elapsed: 52.004s (0m 52s)  24% completed  (4% total)
     Speed:     ev/sec=787840   simsec/sec=4766.59   ev/simsec=165.284
     Messages:  created: 24024834   present: 128   in FES: 128
** Event #42510592   t=257215.904832935807   Elapsed: 54.004s (0m 54s)  25% completed  (5% total)
     Speed:     ev/sec=787584   simsec/sec=4752.08   ev/simsec=165.734
     Messages:  created: 24949406   present: 136   in FES: 136
** Event #44085760   t=266742.066701675593   Elapsed: 56.005s (0m 56s)  26% completed  (5% total)
     Speed:     ev/sec=787584   simsec/sec=4763.08   ev/simsec=165.352
     Messages:  created: 25874161   present: 120   in FES: 120
** Event #45661440   t=276272.416818831119   Elapsed: 58.005s (0m 58s)  27% completed  (5% total)
     Speed:     ev/sec=787840   simsec/sec=4765.18   ev/simsec=165.333
     Messages:  created: 26799178   present: 140   in FES: 140
** Event #47237376   t=285813.825930032395   Elapsed: 60.005s (1m 00s)  28% completed  (5% total)
     Speed:     ev/sec=787968   simsec/sec=4770.7   ev/simsec=165.168
     Messages:  created: 27724395   present: 122   in FES: 122
** Event #48790784   t=295185.859940043554   Elapsed: 62.005s (1m 02s)  29% completed  (5% total)
     Speed:     ev/sec=776704   simsec/sec=4686.02   ev/simsec=165.749
     Messages:  created: 28635840   present: 122   in FES: 122
** Event #50334976   t=304553.721143135669   Elapsed: 64.005s (1m 04s)  30% completed  (6% total)
     Speed:     ev/sec=772096   simsec/sec=4683.93   ev/simsec=164.839
     Messages:  created: 29542720   present: 130   in FES: 130
** Event #51879680   t=313879.461572095964   Elapsed: 66.005s (1m 06s)  31% completed  (6% total)
     Speed:     ev/sec=772352   simsec/sec=4662.87   ev/simsec=165.639
     Messages:  created: 30449018   present: 124   in FES: 124
** Event #53424896   t=323220.186723866559   Elapsed: 68.005s (1m 08s)  32% completed  (6% total)
     Speed:     ev/sec=772608   simsec/sec=4670.36   ev/simsec=165.428
     Messages:  created: 31355301   present: 132   in FES: 132
** Event #54970368   t=332580.778079579766   Elapsed: 70.006s (1m 10s)  33% completed  (6% total)
     Speed:     ev/sec=772736   simsec/sec=4680.3   ev/simsec=165.104
     Messages:  created: 32262188   present: 122   in FES: 122
** Event #56515072   t=341922.006957904712   Elapsed: 72.006s (1m 12s)  34% completed  (6% total)
     Speed:     ev/sec=772352   simsec/sec=4670.61   ev/simsec=165.364
     Messages:  created: 33169026   present: 116   in FES: 116
** Event #58060032   t=351268.59520638252   Elapsed: 74.006s (1m 14s)  35% completed  (7% total)
     Speed:     ev/sec=772480   simsec/sec=4673.29   ev/simsec=165.297
     Messages:  created: 34076031   present: 139   in FES: 139
** Event #59662848   t=360963.183547556822   Elapsed: 76.006s (1m 16s)  36% completed  (7% total)
     Speed:     ev/sec=801408   simsec/sec=4847.29   ev/simsec=165.331
     Messages:  created: 35016732   present: 142   in FES: 142
** Event #61315328   t=370956.39446866603   Elapsed: 78.006s (1m 18s)  37% completed  (7% total)
     Speed:     ev/sec=826240   simsec/sec=4996.61   ev/simsec=165.36
     Messages:  created: 35986249   present: 133   in FES: 133
** Event #62850048   t=380231.737114516301   Elapsed: 80.007s (1m 20s)  38% completed  (7% total)
     Speed:     ev/sec=767360   simsec/sec=4637.67   ev/simsec=165.462
     Messages:  created: 36886763   present: 126   in FES: 126
** Event #64403200   t=389642.508044739789   Elapsed: 82.007s (1m 22s)  38% completed  (7% total)
     Speed:     ev/sec=776576   simsec/sec=4705.39   ev/simsec=165.04
     Messages:  created: 37798300   present: 142   in FES: 142
** Event #66033408   t=399496.288108531587   Elapsed: 84.007s (1m 24s)  39% completed  (7% total)
     Speed:     ev/sec=815104   simsec/sec=4926.89   ev/simsec=165.44
     Messages:  created: 38755055   present: 119   in FES: 119
** Event #67668480   t=409394.791498828875   Elapsed: 86.007s (1m 26s)  40% completed  (8% total)
     Speed:     ev/sec=817536   simsec/sec=4949.25   ev/simsec=165.184
     Messages:  created: 39714701   present: 145   in FES: 145
** Event #69310208   t=419324.731987745045   Elapsed: 88.007s (1m 28s)  41% completed  (8% total)
     Speed:     ev/sec=820864   simsec/sec=4964.97   ev/simsec=165.331
     Messages:  created: 40678622   present: 132   in FES: 132
** Event #70920448   t=429068.251722321624   Elapsed: 90.008s (1m 30s)  42% completed  (8% total)
     Speed:     ev/sec=805120   simsec/sec=4871.76   ev/simsec=165.263
     Messages:  created: 41623843   present: 127   in FES: 127
** Event #72547328   t=438895.808232738796   Elapsed: 92.008s (1m 32s)  43% completed  (8% total)
     Speed:     ev/sec=813440   simsec/sec=4913.78   ev/simsec=165.543
     Messages:  created: 42578939   present: 138   in FES: 138
** Event #74253312   t=449233.170770172901   Elapsed: 94.008s (1m 34s)  44% completed  (8% total)
     Speed:     ev/sec=852992   simsec/sec=5168.68   ev/simsec=165.031
     Messages:  created: 43580431   present: 147   in FES: 147
** Event #75875072   t=459062.400775983725   Elapsed: 96.008s (1m 36s)  45% completed  (9% total)
     Speed:     ev/sec=810880   simsec/sec=4914.62   ev/simsec=164.994
     Messages:  created: 44532503   present: 139   in FES: 139
** Event #77459200   t=468640.6486020565   Elapsed: 98.008s (1m 38s)  46% completed  (9% total)
     Speed:     ev/sec=792064   simsec/sec=4789.12   ev/simsec=165.388
     Messages:  created: 45462035   present: 122   in FES: 122
** Event #79083264   t=478490.6120866244   Elapsed: 100.009s (1m 40s)  47% completed  (9% total)
     Speed:     ev/sec=812032   simsec/sec=4924.98   ev/simsec=164.88
     Messages:  created: 46415380   present: 106   in FES: 106
** Event #80816384   t=488998.825878872631   Elapsed: 102.009s (1m 42s)  48% completed  (9% total)
     Speed:     ev/sec=866560   simsec/sec=5254.11   ev/simsec=164.93
     Messages:  created: 47433093   present: 136   in FES: 136
** Event #82548480   t=499484.827091985431   Elapsed: 104.009s (1m 44s)  49% completed  (9% total)
     Speed:     ev/sec=866048   simsec/sec=5243   ev/simsec=165.182
     Messages:  created: 48449735   present: 150   in FES: 150
** Event #84231424   t=509648.509553542223   Elapsed: 106.009s (1m 46s)  50% completed  (10% total)
     Speed:     ev/sec=841472   simsec/sec=5081.84   ev/simsec=165.584
     Messages:  created: 49437282   present: 128   in FES: 128
** Event #85829888   t=519346.802193694199   Elapsed: 108.009s (1m 48s)  51% completed  (10% total)
     Speed:     ev/sec=799232   simsec/sec=4849.15   ev/simsec=164.819
     Messages:  created: 50375614   present: 124   in FES: 124
** Event #87435776   t=529042.782797894379   Elapsed: 110.009s (1m 50s)  52% completed  (10% total)
     Speed:     ev/sec=802944   simsec/sec=4847.99   ev/simsec=165.624
     Messages:  created: 51317394   present: 132   in FES: 132
** Event #89143040   t=539385.511356722518   Elapsed: 112.009s (1m 52s)  53% completed  (10% total)
     Speed:     ev/sec=853632   simsec/sec=5171.36   ev/simsec=165.069
     Messages:  created: 52319384   present: 134   in FES: 134
** Event #90882304   t=549899.696245242704   Elapsed: 114.009s (1m 54s)  54% completed  (10% total)
     Speed:     ev/sec=869632   simsec/sec=5257.09   ev/simsec=165.421
     Messages:  created: 53339771   present: 115   in FES: 115
** Event #92453120   t=559394.04282316986   Elapsed: 116.010s (1m 56s)  55% completed  (11% total)
     Speed:     ev/sec=785408   simsec/sec=4747.17   ev/simsec=165.448
     Messages:  created: 54261610   present: 132   in FES: 132
** Event #94017024   t=568865.2309499996   Elapsed: 118.010s (1m 58s)  56% completed  (11% total)
     Speed:     ev/sec=781952   simsec/sec=4735.59   ev/simsec=165.122
     Messages:  created: 55179712   present: 150   in FES: 150
** Event #95795712   t=579612.101319500793   Elapsed: 120.010s (2m 00s)  57% completed  (11% total)
     Speed:     ev/sec=889344   simsec/sec=5373.44   ev/simsec=165.508
     Messages:  created: 56223891   present: 139   in FES: 139
** Event #97363200   t=589103.330920973688   Elapsed: 122.010s (2m 02s)  58% completed  (11% total)
     Speed:     ev/sec=783744   simsec/sec=4745.61   ev/simsec=165.151
     Messages:  created: 57144040   present: 110   in FES: 110
** Event #98937088   t=598634.875311396121   Elapsed: 124.010s (2m 04s)  59% completed  (11% total)
     Speed:     ev/sec=786944   simsec/sec=4765.77   ev/simsec=165.124
     Messages:  created: 58067826   present: 124   in FES: 124
** Event #100629760   t=608861.821812562847   Elapsed: 126.011s (2m 06s)  60% completed  (12% total)
     Speed:     ev/sec=846336   simsec/sec=5113.47   ev/simsec=165.511
     Messages:  created: 59061208   present: 154   in FES: 154
** Event #102576128   t=620643.608293881038   Elapsed: 128.011s (2m 08s)  62% completed  (12% total)
     Speed:     ev/sec=973184   simsec/sec=5890.89   ev/simsec=165.201
     Messages:  created: 60203864   present: 126   in FES: 126
** Event #104562688   t=632670.356475016099   Elapsed: 130.011s (2m 10s)  63% completed  (12% total)
     Speed:     ev/sec=993280   simsec/sec=6013.37   ev/simsec=165.178
     Messages:  created: 61369687   present: 115   in FES: 115
** Event #106558976   t=644752.493232684533   Elapsed: 132.011s (2m 12s)  64% completed  (12% total)
     Speed:     ev/sec=998144   simsec/sec=6041.07   ev/simsec=165.226
     Messages:  created: 62541265   present: 128   in FES: 128
** Event #108358144   t=655632.013904140522   Elapsed: 134.011s (2m 14s)  65% completed  (13% total)
     Speed:     ev/sec=899584   simsec/sec=5439.76   ev/simsec=165.372
     Messages:  created: 63597127   present: 135   in FES: 135
** Event #110327296   t=667535.100437377983   Elapsed: 136.011s (2m 16s)  66% completed  (13% total)
     Speed:     ev/sec=984576   simsec/sec=5951.54   ev/simsec=165.432
     Messages:  created: 64752737   present: 132   in FES: 132
** Event #112020224   t=677759.017167851791   Elapsed: 138.012s (2m 18s)  67% completed  (13% total)
     Speed:     ev/sec=846464   simsec/sec=5111.96   ev/simsec=165.585
     Messages:  created: 65746755   present: 123   in FES: 123
** Event #113586432   t=687231.074970183676   Elapsed: 140.012s (2m 20s)  68% completed  (13% total)
     Speed:     ev/sec=783104   simsec/sec=4736.03   ev/simsec=165.35
     Messages:  created: 66665694   present: 128   in FES: 128
** Event #115388928   t=698115.254245570744   Elapsed: 142.012s (2m 22s)  69% completed  (13% total)
     Speed:     ev/sec=901248   simsec/sec=5442.09   ev/simsec=165.607
     Messages:  created: 67723132   present: 130   in FES: 130
** Event #116947456   t=707575.875141568203   Elapsed: 144.012s (2m 24s)  70% completed  (14% total)
     Speed:     ev/sec=779264   simsec/sec=4730.31   ev/simsec=164.738
     Messages:  created: 68638741   present: 124   in FES: 124
** Event #118529024   t=717154.57177856016   Elapsed: 146.012s (2m 26s)  71% completed  (14% total)
     Speed:     ev/sec=790784   simsec/sec=4789.35   ev/simsec=165.113
     Messages:  created: 69566957   present: 128   in FES: 128
** Event #120091904   t=726577.938981052839   Elapsed: 148.012s (2m 28s)  72% completed  (14% total)
     Speed:     ev/sec=781440   simsec/sec=4711.68   ev/simsec=165.852
     Messages:  created: 70483718   present: 116   in FES: 116
** Event #121647872   t=735992.316546248869   Elapsed: 150.012s (2m 30s)  73% completed  (14% total)
     Speed:     ev/sec=777984   simsec/sec=4707.19   ev/simsec=165.276
     Messages:  created: 71397305   present: 136   in FES: 136
** Event #123461632   t=746953.572599666239   Elapsed: 152.012s (2m 32s)  74% completed  (14% total)
     Speed:     ev/sec=906880   simsec/sec=5480.63   ev/simsec=165.47
     Messages:  created: 72462645   present: 136   in FES: 136
** Event #125023744   t=756411.100170890667   Elapsed: 154.013s (2m 34s)  75% completed  (15% total)
     Speed:     ev/sec=781056   simsec/sec=4728.76   ev/simsec=165.171
     Messages:  created: 73379348   present: 138   in FES: 138
** Event #126582528   t=765846.515937154234   Elapsed: 156.013s (2m 36s)  76% completed  (15% total)
     Speed:     ev/sec=779392   simsec/sec=4717.71   ev/simsec=165.206
     Messages:  created: 74293758   present: 108   in FES: 108
** Event #128140800   t=775273.040585853746   Elapsed: 158.013s (2m 38s)  77% completed  (15% total)
     Speed:     ev/sec=779136   simsec/sec=4713.26   ev/simsec=165.307
     Messages:  created: 75208189   present: 136   in FES: 136
** Event #129699840   t=784721.912501721579   Elapsed: 160.013s (2m 40s)  78% completed  (15% total)
     Speed:     ev/sec=779520   simsec/sec=4724.44   ev/simsec=164.997
     Messages:  created: 76123907   present: 135   in FES: 135
** Event #132025600   t=798786.161696473844   Elapsed: 162.013s (2m 42s)  79% completed  (15% total)
     Speed:     ev/sec=1.16288e+06   simsec/sec=7032.12   ev/simsec=165.367
     Messages:  created: 77488611   present: 111   in FES: 111
** Event #134373120   t=813008.269754593619   Elapsed: 164.013s (2m 44s)  81% completed  (16% total)
     Speed:     ev/sec=1.17376e+06   simsec/sec=7111.05   ev/simsec=165.061
     Messages:  created: 78866083   present: 110   in FES: 110
** Event #136240128   t=824312.387000548043   Elapsed: 166.014s (2m 46s)  82% completed  (16% total)
     Speed:     ev/sec=933504   simsec/sec=5652.06   ev/simsec=165.162
     Messages:  created: 79962171   present: 151   in FES: 151
** Event #138100224   t=835548.009259576427   Elapsed: 168.014s (2m 48s)  83% completed  (16% total)
     Speed:     ev/sec=930048   simsec/sec=5617.81   ev/simsec=165.553
     Messages:  created: 81054253   present: 144   in FES: 144
** Event #141192960   t=854268.055509574365   Elapsed: 170.014s (2m 50s)  85% completed  (17% total)
     Speed:     ev/sec=1.54637e+06   simsec/sec=9360.02   ev/simsec=165.21
     Messages:  created: 82870569   present: 137   in FES: 137
** Event #144417536   t=873745.494972552104   Elapsed: 172.014s (2m 52s)  87% completed  (17% total)
     Speed:     ev/sec=1.61229e+06   simsec/sec=9738.72   ev/simsec=165.554
     Messages:  created: 84762823   present: 139   in FES: 139
** Event #145253198   t=999999   Elapsed: 172.519s (2m 52s)  100% completed  (20% total)
     Speed:     ev/sec=1.65477e+06   simsec/sec=10049.6   ev/simsec=164.661
     Messages:  created: 85253197   present: 0   in FES: 0

<!> Simulation time limit reached -- at t=999999s, event #145253198
