** Event #0   t=0   Elapsed: 0.000s (0m 00s)  0% completed  (20% total)
     Speed:     ev/sec=0   simsec/sec=0   ev/simsec=0
     Messages:  created: 3   present: 3   in FES: 4
** Event #1645056   t=51548.577886127885   Elapsed: 2.000s (0m 02s)  5% completed  (21% total)
     Speed:     ev/sec=822528   simsec/sec=25774.3   ev/simsec=31.9128
     Messages:  created: 987051   present: 27   in FES: 27
** Event #3290368   t=103020.72709919527   Elapsed: 4.000s (0m 04s)  10% completed  (22% total)
     Speed:     ev/sec=822656   simsec/sec=25736.1   ev/simsec=31.9651
     Messages:  created: 1974237   present: 25   in FES: 25
** Event #4934912   t=154603.340477685231   Elapsed: 6.000s (0m 06s)  15% completed  (23% total)
     Speed:     ev/sec=822272   simsec/sec=25791.3   ev/simsec=31.8818
     Messages:  created: 2960964   present: 26   in FES: 26
** Event #6579456   t=206185.555343370844   Elapsed: 8.000s (0m 08s)  20% completed  (24% total)
     Speed:     ev/sec=822272   simsec/sec=25791.1   ev/simsec=31.882
     Messages:  created: 3947701   present: 44   in FES: 44
** Event #8223744   t=257842.971460161459   Elapsed: 10.000s (0m 10s)  25% completed  (25% total)
     Speed:     ev/sec=822144   simsec/sec=25828.7   ev/simsec=31.8306
     Messages:  created: 4934275   present: 46   in FES: 46
** Event #9868288   t=309437.115639114899   Elapsed: 12.001s (0m 12s)  30% completed  (26% total)
     Speed:     ev/sec=822272   simsec/sec=25797.1   ev/simsec=31.8746
     Messages:  created: 5920990   present: 28   in FES: 28
** Event #11512320   t=361111.20570568043   Elapsed: 14.001s (0m 14s)  36% completed  (27% total)
     Speed:     ev/sec=822016   simsec/sec=25837   ev/simsec=31.8154
     Messages:  created: 6907408   present: 26   in FES: 26
** Event #13156352   t=412759.147297452026   Elapsed: 16.001s (0m 16s)  41% completed  (28% total)
     Speed:     ev/sec=822016   simsec/sec=25824   ev/simsec=31.8315
     Messages:  created: 7893828   present: 26   in FES: 26
** Event #14800128   t=464311.365771417177   Elapsed: 18.001s (0m 18s)  46% completed  (29% total)
     Speed:     ev/sec=821888   simsec/sec=25776.1   ev/simsec=31.8857
     Messages:  created: 8880099   present: 35   in FES: 35
** Event #16444416   t=515779.820350786246   Elapsed: 20.001s (0m 20s)  51% completed  (30% total)
     Speed:     ev/sec=822144   simsec/sec=25734.2   ev/simsec=31.9475
     Messages:  created: 9866661   present: 17   in FES: 17
** Event #18088960   t=567443.192316959074   Elapsed: 22.001s (0m 22s)  56% completed  (31% total)
     Speed:     ev/sec=822272   simsec/sec=25831.7   ev/simsec=31.8319
     Messages:  created: 10853391   present: 23   in FES: 23
** Event #19735296   t=619125.562544115458   Elapsed: 24.002s (0m 24s)  61% completed  (32% total)
     Speed:     ev/sec=823168   simsec/sec=25841.2   ev/simsec=31.8549
     Messages:  created: 11841190   present: 20   in FES: 20
** Event #21381376   t=670829.723873088103   Elapsed: 26.002s (0m 26s)  67% completed  (33% total)
     Speed:     ev/sec=823040   simsec/sec=25852.1   ev/simsec=31.8365
     Messages:  created: 12828841   present: 24   in FES: 24
** Event #23027712   t=722456.061534479926   Elapsed: 28.002s (0m 28s)  72% completed  (34% total)
     Speed:     ev/sec=823168   simsec/sec=25813.2   ev/simsec=31.8895
     Messages:  created: 13816647   present: 31   in FES: 31
** Event #24674048   t=774118.071166238106   Elapsed: 30.002s (0m 30s)  77% completed  (35% total)
     Speed:     ev/sec=823168   simsec/sec=25831   ev/simsec=31.8674
     Messages:  created: 14804446   present: 28   in FES: 28
** Event #26321152   t=825637.906053424263   Elapsed: 32.002s (0m 32s)  82% completed  (36% total)
     Speed:     ev/sec=823552   simsec/sec=25759.9   ev/simsec=31.9703
     Messages:  created: 15792715   present: 38   in FES: 38
** Event #27968000   t=877150.012518570079   Elapsed: 34.002s (0m 34s)  87% completed  (37% total)
     Speed:     ev/sec=823424   simsec/sec=25756.1   ev/simsec=31.9701
     Messages:  created: 16780821   present: 33   in FES: 33
** Event #29614592   t=928717.71661617933   Elapsed: 36.002s (0m 36s)  92% completed  (38% total)
     Speed:     ev/sec=823296   simsec/sec=25783.9   ev/simsec=31.9307
     Messages:  created: 17768775   present: 31   in FES: 31
** Event #31261440   t=980336.841541495132   Elapsed: 38.003s (0m 38s)  98% completed  (39% total)
     Speed:     ev/sec=823424   simsec/sec=25809.6   ev/simsec=31.9038
     Messages:  created: 18756885   present: 33   in FES: 33
** Event #31888425   t=999999   Elapsed: 38.765s (0m 38s)  100% completed  (40% total)
     Speed:     ev/sec=822814   simsec/sec=25803.3   ev/simsec=31.8879
     Messages:  created: 19133067   present: 19   in FES: 19

<!> Simulation time limit reached -- at t=999999s, event #31888425
