** Event #0   t=0   Elapsed: 0.000s (0m 00s)  0% completed  (0% total)
     Speed:     ev/sec=0   simsec/sec=0   ev/simsec=0
     Messages:  created: 3   present: 3   in FES: 4
** Event #1593600   t=9234.565744411453   Elapsed: 2.000s (0m 02s)  0% completed  (0% total)
     Speed:     ev/sec=796800   simsec/sec=4617.28   ev/simsec=172.569
     Messages:  created: 929746   present: 132   in FES: 132
** Event #3189504   t=18458.409975120697   Elapsed: 4.000s (0m 04s)  1% completed  (0% total)
     Speed:     ev/sec=797952   simsec/sec=4611.92   ev/simsec=173.019
     Messages:  created: 1860691   present: 139   in FES: 139
** Event #4784896   t=27684.45099927335   Elapsed: 6.000s (0m 06s)  2% completed  (0% total)
     Speed:     ev/sec=797696   simsec/sec=4613.02   ev/simsec=172.923
     Messages:  created: 2790959   present: 135   in FES: 135
** Event #6380032   t=36918.470562248786   Elapsed: 8.001s (0m 08s)  3% completed  (0% total)
     Speed:     ev/sec=797568   simsec/sec=4617.01   ev/simsec=172.746
     Messages:  created: 3720970   present: 152   in FES: 152
** Event #7945216   t=45988.599293952821   Elapsed: 10.001s (0m 10s)  4% completed  (0% total)
     Speed:     ev/sec=782592   simsec/sec=4535.06   ev/simsec=172.565
     Messages:  created: 4633399   present: 146   in FES: 146
** Event #9504000   t=55018.398142877512   Elapsed: 12.001s (0m 12s)  5% completed  (1% total)
     Speed:     ev/sec=779392   simsec/sec=4514.9   ev/simsec=172.627
     Messages:  created: 5542594   present: 156   in FES: 156
** Event #11062784   t=64042.883041163401   Elapsed: 14.001s (0m 14s)  6% completed  (1% total)
     Speed:     ev/sec=779392   simsec/sec=4512.24   ev/simsec=172.728
     Messages:  created: 6451815   present: 138   in FES: 138
** Event #12621568   t=73081.466790826792   Elapsed: 16.001s (0m 16s)  7% completed  (1% total)
     Speed:     ev/sec=779392   simsec/sec=4519.29   ev/simsec=172.459
     Messages:  created: 7360839   present: 135   in FES: 135
** Event #14178816   t=82094.438798838173   Elapsed: 18.001s (0m 18s)  8% completed  (1% total)
     Speed:     ev/sec=778624   simsec/sec=4506.49   ev/simsec=172.779
     Messages:  created: 8269194   present: 132   in FES: 132
** Event #15736320   t=91089.521629690037   Elapsed: 20.002s (0m 20s)  9% completed  (1% total)
     Speed:     ev/sec=778752   simsec/sec=4497.54   ev/simsec=173.151
     Messages:  created: 9177214   present: 116   in FES: 116
** Event #17293568   t=100079.11381563694   Elapsed: 22.002s (0m 22s)  10% completed  (2% total)
     Speed:     ev/sec=778624   simsec/sec=4494.8   ev/simsec=173.228
     Messages:  created: 10085283   present: 135   in FES: 135
** Event #18851328   t=109080.111373295838   Elapsed: 24.002s (0m 24s)  10% completed  (2% total)
     Speed:     ev/sec=778880   simsec/sec=4500.5   ev/simsec=173.065
     Messages:  created: 10993779   present: 131   in FES: 131
** Event #20409344   t=118107.823665345366   Elapsed: 26.002s (0m 26s)  11% completed  (2% total)
     Speed:     ev/sec=779008   simsec/sec=4513.86   ev/simsec=172.581
     Messages:  created: 11901955   present: 127   in FES: 127
** Event #21967616   t=127106.05976010164   Elapsed: 28.002s (0m 28s)  12% completed  (2% total)
     Speed:     ev/sec=779136   simsec/sec=4499.12   ev/simsec=173.175
     Messages:  created: 12810639   present: 131   in FES: 131
** Event #23524864   t=136121.757588084127   Elapsed: 30.002s (0m 30s)  13% completed  (2% total)
     Speed:     ev/sec=778624   simsec/sec=4507.85   ev/simsec=172.726
     Messages:  created: 13718740   present: 118   in FES: 118
** Event #25082880   t=145142.497633601177   Elapsed: 32.003s (0m 32s)  14% completed  (2% total)
     Speed:     ev/sec=779008   simsec/sec=4510.37   ev/simsec=172.715
     Messages:  created: 14627233   present: 144   in FES: 144
** Event #26640640   t=154171.444428378719   Elapsed: 34.003s (0m 34s)  15% completed  (3% total)
     Speed:     ev/sec=778880   simsec/sec=4514.47   ev/simsec=172.53
     Messages:  created: 15535854   present: 92   in FES: 92
** Event #28198400   t=163197.013522240118   Elapsed: 36.003s (0m 36s)  16% completed  (3% total)
     Speed:     ev/sec=778880   simsec/sec=4512.78   ev/simsec=172.594
     Messages:  created: 16444680   present: 138   in FES: 138
** Event #29756160   t=172191.287936425303   Elapsed: 38.003s (0m 38s)  17% completed  (3% total)
     Speed:     ev/sec=778880   simsec/sec=4497.14   ev/simsec=173.195
     Messages:  created: 17353048   present: 138   in FES: 138
** Event #31303168   t=181143.857809949533   Elapsed: 40.003s (0m 40s)  18% completed  (3% total)
     Speed:     ev/sec=773504   simsec/sec=4476.28   ev/simsec=172.8
     Messages:  created: 18255914   present: 132   in FES: 132
** Event #32860672   t=190124.583506505548   Elapsed: 42.004s (0m 42s)  19% completed  (3% total)
     Speed:     ev/sec=778752   simsec/sec=4490.36   ev/simsec=173.427
     Messages:  created: 19163959   present: 155   in FES: 155
** Event #34418944   t=199167.102109880929   Elapsed: 44.004s (0m 44s)  19% completed  (3% total)
     Speed:     ev/sec=779136   simsec/sec=4521.26   ev/simsec=172.327
     Messages:  created: 20073193   present: 137   in FES: 137
** Event #35976960   t=208211.60949932936   Elapsed: 46.004s (0m 46s)  20% completed  (4% total)
     Speed:     ev/sec=779008   simsec/sec=4522.25   ev/simsec=172.261
     Messages:  created: 20982588   present: 142   in FES: 142
** Event #37534720   t=217239.38662072962   Elapsed: 48.004s (0m 48s)  21% completed  (4% total)
     Speed:     ev/sec=778880   simsec/sec=4513.89   ev/simsec=172.552
     Messages:  created: 21891683   present: 122   in FES: 122
** Event #39092736   t=226260.132723560643   Elapsed: 50.005s (0m 50s)  22% completed  (4% total)
     Speed:     ev/sec=779008   simsec/sec=4510.37   ev/simsec=172.715
     Messages:  created: 22800871   present: 139   in FES: 139
** Event #40651008   t=235297.024927850827   Elapsed: 52.005s (0m 52s)  23% completed  (4% total)
     Speed:     ev/sec=779136   simsec/sec=4518.45   ev/simsec=172.435
     Messages:  created: 23709647   present: 114   in FES: 114
** Event #42208768   t=244330.856528313389   Elapsed: 54.005s (0m 54s)  24% completed  (4% total)
     Speed:     ev/sec=778880   simsec/sec=4516.92   ev/simsec=172.436
     Messages:  created: 24618734   present: 148   in FES: 148
** Event #43766272   t=253335.880316495224   Elapsed: 56.005s (0m 56s)  25% completed  (5% total)
     Speed:     ev/sec=778752   simsec/sec=4502.51   ev/simsec=172.959
     Messages:  created: 25527363   present: 134   in FES: 134
** Event #45323776   t=262357.633032033048   Elapsed: 58.005s (0m 58s)  26% completed  (5% total)
     Speed:     ev/sec=778752   simsec/sec=4510.88   ev/simsec=172.639
     Messages:  created: 26435904   present: 134   in FES: 134
** Event #46880512   t=271375.928133011604   Elapsed: 60.005s (1m 00s)  27% completed  (5% total)
     Speed:     ev/sec=778368   simsec/sec=4509.15   ev/simsec=172.62
     Messages:  created: 27343488   present: 126   in FES: 126
** Event #48438528   t=280412.779709392244   Elapsed: 62.005s (1m 02s)  28% completed  (5% total)
     Speed:     ev/sec=779008   simsec/sec=4518.43   ev/simsec=172.407
     Messages:  created: 28252879   present: 147   in FES: 147
** Event #49996544   t=289444.269903250794   Elapsed: 64.006s (1m 04s)  28% completed  (5% total)
     Speed:     ev/sec=779008   simsec/sec=4515.75   ev/simsec=172.509
     Messages:  created: 29161490   present: 152   in FES: 152
** Event #51554304   t=298469.302302095748   Elapsed: 66.006s (1m 06s)  29% completed  (5% total)
     Speed:     ev/sec=778880   simsec/sec=4512.52   ev/simsec=172.604
     Messages:  created: 30070184   present: 130   in FES: 130
** Event #53113344   t=307500.903749432769   Elapsed: 68.006s (1m 08s)  30% completed  (6% total)
     Speed:     ev/sec=779520   simsec/sec=4515.8   ev/simsec=172.621
     Messages:  created: 30979807   present: 123   in FES: 123
** Event #54716672   t=316776.224894042478   Elapsed: 70.006s (1m 10s)  31% completed  (6% total)
     Speed:     ev/sec=801664   simsec/sec=4637.66   ev/simsec=172.86
     Messages:  created: 31915211   present: 134   in FES: 134
** Event #56381952   t=326438.482200477886   Elapsed: 72.006s (1m 12s)  32% completed  (6% total)
     Speed:     ev/sec=832640   simsec/sec=4831.13   ev/simsec=172.349
     Messages:  created: 32887607   present: 126   in FES: 126
** Event #57961216   t=335590.267765441376   Elapsed: 74.006s (1m 14s)  33% completed  (6% total)
     Speed:     ev/sec=789632   simsec/sec=4575.89   ev/simsec=172.563
     Messages:  created: 33809109   present: 125   in FES: 125
** Event #59507968   t=344550.75484838274   Elapsed: 76.006s (1m 16s)  34% completed  (6% total)
     Speed:     ev/sec=773376   simsec/sec=4480.24   ev/simsec=172.619
     Messages:  created: 34711002   present: 156   in FES: 156
** Event #61098752   t=353764.640640998828   Elapsed: 78.007s (1m 18s)  35% completed  (7% total)
     Speed:     ev/sec=795392   simsec/sec=4606.94   ev/simsec=172.651
     Messages:  created: 35639111   present: 131   in FES: 131
** Event #62658304   t=362773.370905563421   Elapsed: 80.007s (1m 20s)  36% completed  (7% total)
     Speed:     ev/sec=779776   simsec/sec=4504.37   ev/simsec=173.116
     Messages:  created: 36548040   present: 134   in FES: 134
** Event #64309504   t=372347.095028251875   Elapsed: 82.007s (1m 22s)  37% completed  (7% total)
     Speed:     ev/sec=825600   simsec/sec=4786.86   ev/simsec=172.472
     Messages:  created: 37511769   present: 120   in FES: 120
** Event #66000640   t=382154.659936348512   Elapsed: 84.007s (1m 24s)  38% completed  (7% total)
     Speed:     ev/sec=845568   simsec/sec=4903.78   ev/simsec=172.432
     Messages:  created: 38498070   present: 136   in FES: 136
** Event #67697152   t=391965.24754483419   Elapsed: 86.007s (1m 26s)  39% completed  (7% total)
     Speed:     ev/sec=848256   simsec/sec=4905.29   ev/simsec=172.927
     Messages:  created: 39486953   present: 137   in FES: 137
** Event #69388032   t=401765.369366290418   Elapsed: 88.007s (1m 28s)  40% completed  (8% total)
     Speed:     ev/sec=845440   simsec/sec=4900.06   ev/simsec=172.537
     Messages:  created: 40473024   present: 134   in FES: 134
** Event #70986240   t=411013.611688634788   Elapsed: 90.007s (1m 30s)  41% completed  (8% total)
     Speed:     ev/sec=799104   simsec/sec=4624.12   ev/simsec=172.812
     Messages:  created: 41404768   present: 146   in FES: 146
** Event #72628736   t=420535.063846475919   Elapsed: 92.008s (1m 32s)  42% completed  (8% total)
     Speed:     ev/sec=821248   simsec/sec=4760.73   ev/simsec=172.505
     Messages:  created: 42362474   present: 144   in FES: 144
** Event #74217728   t=429719.402265991175   Elapsed: 94.008s (1m 34s)  42% completed  (8% total)
     Speed:     ev/sec=794496   simsec/sec=4592.17   ev/simsec=173.011
     Messages:  created: 43289546   present: 156   in FES: 156
** Event #75856384   t=439187.023778760503   Elapsed: 96.008s (1m 36s)  43% completed  (8% total)
     Speed:     ev/sec=819328   simsec/sec=4733.81   ev/simsec=173.08
     Messages:  created: 44245018   present: 116   in FES: 116
** Event #77439488   t=448343.043214767296   Elapsed: 98.008s (1m 38s)  44% completed  (8% total)
     Speed:     ev/sec=791552   simsec/sec=4578.01   ev/simsec=172.903
     Messages:  created: 45168522   present: 136   in FES: 136
** Event #79082240   t=457857.515597216495   Elapsed: 100.008s (1m 40s)  45% completed  (9% total)
     Speed:     ev/sec=821376   simsec/sec=4757.24   ev/simsec=172.658
     Messages:  created: 46127189   present: 149   in FES: 149
** Event #80675584   t=467083.427993241639   Elapsed: 102.008s (1m 42s)  46% completed  (9% total)
     Speed:     ev/sec=796672   simsec/sec=4612.96   ev/simsec=172.703
     Messages:  created: 47057149   present: 141   in FES: 141
** Event #82263040   t=476273.02714014559   Elapsed: 104.008s (1m 44s)  47% completed  (9% total)
     Speed:     ev/sec=793728   simsec/sec=4594.8   ev/simsec=172.745
     Messages:  created: 47982862   present: 136   in FES: 136
** Event #83913472   t=485820.531382909951   Elapsed: 106.008s (1m 46s)  48% completed  (9% total)
     Speed:     ev/sec=825216   simsec/sec=4773.75   ev/simsec=172.865
     Messages:  created: 48945499   present: 115   in FES: 115
** Event #85608448   t=495603.545414209076   Elapsed: 108.008s (1m 48s)  49% completed  (9% total)
     Speed:     ev/sec=847488   simsec/sec=4891.51   ev/simsec=173.257
     Messages:  created: 49933626   present: 132   in FES: 132
** Event #87271168   t=505256.599614900843   Elapsed: 110.008s (1m 50s)  50% completed  (10% total)
     Speed:     ev/sec=831360   simsec/sec=4826.53   ev/simsec=172.248
     Messages:  created: 50903936   present: 134   in FES: 134
** Event #88883712   t=514587.614298398788   Elapsed: 112.008s (1m 52s)  51% completed  (10% total)
     Speed:     ev/sec=806272   simsec/sec=4665.51   ev/simsec=172.816
     Messages:  created: 51844196   present: 130   in FES: 130
** Event #90610944   t=524578.574825924671   Elapsed: 114.009s (1m 54s)  52% completed  (10% total)
     Speed:     ev/sec=863616   simsec/sec=4995.48   ev/simsec=172.879
     Messages:  created: 52851278   present: 128   in FES: 128
** Event #92394240   t=534879.074544533694   Elapsed: 116.009s (1m 56s)  53% completed  (10% total)
     Speed:     ev/sec=891648   simsec/sec=5150.25   ev/simsec=173.127
     Messages:  created: 53891117   present: 125   in FES: 125
** Event #94150400   t=545040.621742001604   Elapsed: 118.009s (1m 58s)  54% completed  (10% total)
     Speed:     ev/sec=878080   simsec/sec=5080.77   ev/simsec=172.824
     Messages:  created: 54915523   present: 127   in FES: 127
** Event #95920896   t=555318.859116051865   Elapsed: 120.009s (2m 00s)  55% completed  (11% total)
     Speed:     ev/sec=885248   simsec/sec=5139.12   ev/simsec=172.257
     Messages:  created: 55948537   present: 140   in FES: 140
** Event #97817344   t=566274.725951308386   Elapsed: 122.009s (2m 02s)  56% completed  (11% total)
     Speed:     ev/sec=948224   simsec/sec=5477.93   ev/simsec=173.099
     Messages:  created: 57054155   present: 134   in FES: 134
** Event #99865344   t=578115.735544483183   Elapsed: 124.009s (2m 04s)  57% completed  (11% total)
     Speed:     ev/sec=1.024e+06   simsec/sec=5920.5   ev/simsec=172.958
     Messages:  created: 58248117   present: 140   in FES: 140
** Event #101974272   t=590316.558443390517   Elapsed: 126.009s (2m 06s)  59% completed  (11% total)
     Speed:     ev/sec=1.05446e+06   simsec/sec=6100.41   ev/simsec=172.851
     Messages:  created: 59477812   present: 142   in FES: 142
** Event #103984384   t=601928.133791262877   Elapsed: 128.009s (2m 08s)  60% completed  (12% total)
     Speed:     ev/sec=1.00506e+06   simsec/sec=5805.79   ev/simsec=173.113
     Messages:  created: 60650013   present: 120   in FES: 120
** Event #105942016   t=613240.167299587298   Elapsed: 130.010s (2m 10s)  61% completed  (12% total)
     Speed:     ev/sec=978816   simsec/sec=5656.02   ev/simsec=173.057
     Messages:  created: 61791753   present: 117   in FES: 117
** Event #107807232   t=624028.528627300804   Elapsed: 132.010s (2m 12s)  62% completed  (12% total)
     Speed:     ev/sec=932608   simsec/sec=5394.18   ev/simsec=172.892
     Messages:  created: 62879409   present: 144   in FES: 144
** Event #109405696   t=633282.961380184383   Elapsed: 134.010s (2m 14s)  63% completed  (12% total)
     Speed:     ev/sec=799232   simsec/sec=4627.22   ev/simsec=172.724
     Messages:  created: 63811709   present: 153   in FES: 153
** Event #110988288   t=642445.764636677634   Elapsed: 136.010s (2m 16s)  64% completed  (12% total)
     Speed:     ev/sec=791296   simsec/sec=4581.4   ev/simsec=172.719
     Messages:  created: 64734587   present: 150   in FES: 150
** Event #112568832   t=651611.845474611541   Elapsed: 138.010s (2m 18s)  65% completed  (13% total)
     Speed:     ev/sec=790272   simsec/sec=4583.04   ev/simsec=172.434
     Messages:  created: 65655821   present: 149   in FES: 149
** Event #114279680   t=661523.440462840664   Elapsed: 140.010s (2m 20s)  66% completed  (13% total)
     Speed:     ev/sec=855424   simsec/sec=4955.8   ev/simsec=172.611
     Messages:  created: 66653466   present: 128   in FES: 128
** Event #116246784   t=672902.783676570776   Elapsed: 142.010s (2m 22s)  67% completed  (13% total)
     Speed:     ev/sec=983552   simsec/sec=5689.67   ev/simsec=172.866
     Messages:  created: 67800525   present: 152   in FES: 152
** Event #117835264   t=682105.689596263388   Elapsed: 144.010s (2m 24s)  68% completed  (13% total)
     Speed:     ev/sec=794240   simsec/sec=4601.45   ev/simsec=172.606
     Messages:  created: 68726737   present: 145   in FES: 145
** Event #119414016   t=691229.565852678862   Elapsed: 146.011s (2m 26s)  69% completed  (13% total)
     Speed:     ev/sec=789376   simsec/sec=4561.94   ev/simsec=173.035
     Messages:  created: 69647283   present: 127   in FES: 127
** Event #120995584   t=700374.56824910589   Elapsed: 148.011s (2m 28s)  70% completed  (14% total)
     Speed:     ev/sec=790784   simsec/sec=4572.5   ev/simsec=172.943
     Messages:  created: 70569034   present: 128   in FES: 128
** Event #123069440   t=712385.288369237969   Elapsed: 150.011s (2m 30s)  71% completed  (14% total)
     Speed:     ev/sec=1.03693e+06   simsec/sec=6005.36   ev/simsec=172.667
     Messages:  created: 71778670   present: 124   in FES: 124
** Event #125460736   t=726218.702180833386   Elapsed: 152.011s (2m 32s)  72% completed  (14% total)
     Speed:     ev/sec=1.19565e+06   simsec/sec=6916.71   ev/simsec=172.864
     Messages:  created: 73172788   present: 130   in FES: 130
** Event #128037376   t=741105.117996139285   Elapsed: 154.011s (2m 34s)  74% completed  (14% total)
     Speed:     ev/sec=1.28832e+06   simsec/sec=7443.21   ev/simsec=173.087
     Messages:  created: 74674557   present: 141   in FES: 141
** Event #130838016   t=757285.70069341645   Elapsed: 156.011s (2m 36s)  75% completed  (15% total)
     Speed:     ev/sec=1.40032e+06   simsec/sec=8090.29   ev/simsec=173.086
     Messages:  created: 76308452   present: 102   in FES: 102
** Event #133636864   t=773462.759862388609   Elapsed: 158.011s (2m 38s)  77% completed  (15% total)
     Speed:     ev/sec=1.39942e+06   simsec/sec=8088.53   ev/simsec=173.013
     Messages:  created: 77940685   present: 137   in FES: 137
** Event #136559104   t=790390.26027346449   Elapsed: 160.011s (2m 40s)  79% completed  (15% total)
     Speed:     ev/sec=1.46112e+06   simsec/sec=8463.75   ev/simsec=172.633
     Messages:  created: 79645478   present: 116   in FES: 116
** Event #139474944   t=807281.972281776608   Elapsed: 162.011s (2m 42s)  80% completed  (16% total)
     Speed:     ev/sec=1.45792e+06   simsec/sec=8445.86   ev/simsec=172.62
     Messages:  created: 81346341   present: 121   in FES: 121
** Event #142553088   t=825108.955472541452   Elapsed: 164.011s (2m 44s)  82% completed  (16% total)
     Speed:     ev/sec=1.53907e+06   simsec/sec=8913.49   ev/simsec=172.668
     Messages:  created: 83141439   present: 154   in FES: 154
** Event #143964830   t=999999   Elapsed: 164.902s (2m 44s)  100% completed  (20% total)
     Speed:     ev/sec=1.58623e+06   simsec/sec=9286.81   ev/simsec=170.804
     Messages:  created: 83964829   present: 0   in FES: 0

<!> Simulation time limit reached -- at t=999999s, event #143964830
