** Event #0   t=0   Elapsed: 0.000s (0m 00s)  0% completed  (40% total)
     Speed:     ev/sec=0   simsec/sec=0   ev/simsec=0
     Messages:  created: 3   present: 3   in FES: 4
** Event #1901056   t=45321.044420821705   Elapsed: 2.000s (0m 02s)  4% completed  (40% total)
     Speed:     ev/sec=950528   simsec/sec=22660.5   ev/simsec=41.9465
     Messages:  created: 813247   present: 31   in FES: 31
** Event #3803392   t=90709.852944659639   Elapsed: 4.000s (0m 04s)  9% completed  (41% total)
     Speed:     ev/sec=951168   simsec/sec=22694.4   ev/simsec=41.912
     Messages:  created: 1626217   present: 36   in FES: 36
** Event #5704960   t=136050.834668090229   Elapsed: 6.000s (0m 06s)  13% completed  (42% total)
     Speed:     ev/sec=950784   simsec/sec=22670.5   ev/simsec=41.9393
     Messages:  created: 2439299   present: 33   in FES: 33
** Event #7606528   t=181323.288861677454   Elapsed: 8.000s (0m 08s)  18% completed  (43% total)
     Speed:     ev/sec=950784   simsec/sec=22636.2   ev/simsec=42.0028
     Messages:  created: 3252696   present: 29   in FES: 29
** Event #9497600   t=226463.821079639201   Elapsed: 10.000s (0m 10s)  22% completed  (44% total)
     Speed:     ev/sec=945536   simsec/sec=22570.3   ev/simsec=41.893
     Messages:  created: 4061066   present: 23   in FES: 23
** Event #11373824   t=271183.202925731683   Elapsed: 12.000s (0m 12s)  27% completed  (45% total)
     Speed:     ev/sec=938112   simsec/sec=22359.7   ev/simsec=41.9555
     Messages:  created: 4863366   present: 27   in FES: 27
** Event #13247488   t=315807.972760400482   Elapsed: 14.001s (0m 14s)  31% completed  (46% total)
     Speed:     ev/sec=936832   simsec/sec=22312.4   ev/simsec=41.9871
     Messages:  created: 5664705   present: 28   in FES: 28
** Event #15120384   t=360366.605297429758   Elapsed: 16.001s (0m 16s)  36% completed  (47% total)
     Speed:     ev/sec=936448   simsec/sec=22279.3   ev/simsec=42.0322
     Messages:  created: 6466074   present: 21   in FES: 21
** Event #16992512   t=405008.008420839598   Elapsed: 18.001s (0m 18s)  40% completed  (48% total)
     Speed:     ev/sec=936064   simsec/sec=22320.7   ev/simsec=41.937
     Messages:  created: 7266958   present: 21   in FES: 21
** Event #18862848   t=449624.120163398148   Elapsed: 20.001s (0m 20s)  44% completed  (48% total)
     Speed:     ev/sec=935168   simsec/sec=22308.1   ev/simsec=41.9206
     Messages:  created: 8066692   present: 34   in FES: 34
** Event #20730624   t=494278.175349736401   Elapsed: 22.001s (0m 22s)  49% completed  (49% total)
     Speed:     ev/sec=933888   simsec/sec=22327   ev/simsec=41.8277
     Messages:  created: 8864998   present: 29   in FES: 29
** Event #22594048   t=538553.241431313177   Elapsed: 24.001s (0m 24s)  53% completed  (50% total)
     Speed:     ev/sec=931712   simsec/sec=22137.5   ev/simsec=42.0874
     Messages:  created: 9662798   present: 25   in FES: 25
** Event #24456704   t=583038.95932978855   Elapsed: 26.001s (0m 26s)  58% completed  (51% total)
     Speed:     ev/sec=931328   simsec/sec=22242.9   ev/simsec=41.8709
     Messages:  created: 10458450   present: 31   in FES: 31
** Event #26315520   t=627404.79815737055   Elapsed: 28.001s (0m 28s)  62% completed  (52% total)
     Speed:     ev/sec=929408   simsec/sec=22182.9   ev/simsec=41.8975
     Messages:  created: 11253278   present: 37   in FES: 37
** Event #28173824   t=671737.558149324542   Elapsed: 30.001s (0m 30s)  67% completed  (53% total)
     Speed:     ev/sec=929152   simsec/sec=22166.4   ev/simsec=41.9172
     Messages:  created: 12047975   present: 24   in FES: 24
** Event #30030336   t=715962.049366250309   Elapsed: 32.002s (0m 32s)  71% completed  (54% total)
     Speed:     ev/sec=928256   simsec/sec=22112.2   ev/simsec=41.9793
     Messages:  created: 12842313   present: 33   in FES: 33
** Event #31887360   t=760304.681336035517   Elapsed: 34.002s (0m 34s)  76% completed  (55% total)
     Speed:     ev/sec=928512   simsec/sec=22171.3   ev/simsec=41.879
     Messages:  created: 13636269   present: 41   in FES: 41
** Event #33742848   t=804518.138657432394   Elapsed: 36.002s (0m 36s)  80% completed  (56% total)
     Speed:     ev/sec=927744   simsec/sec=22106.7   ev/simsec=41.9666
     Messages:  created: 14430177   present: 26   in FES: 26
** Event #35598592   t=848797.367318943578   Elapsed: 38.002s (0m 38s)  84% completed  (56% total)
     Speed:     ev/sec=927872   simsec/sec=22139.6   ev/simsec=41.91
     Messages:  created: 15223036   present: 39   in FES: 39
** Event #37452800   t=892993.420664268166   Elapsed: 40.002s (0m 40s)  89% completed  (57% total)
     Speed:     ev/sec=927104   simsec/sec=22098   ev/simsec=41.9542
     Messages:  created: 16015708   present: 33   in FES: 33
** Event #39304704   t=937168.042621178864   Elapsed: 42.002s (0m 42s)  93% completed  (58% total)
     Speed:     ev/sec=925952   simsec/sec=22087.3   ev/simsec=41.9224
     Messages:  created: 16807326   present: 23   in FES: 23
** Event #41155328   t=981220.993535676496   Elapsed: 44.003s (0m 44s)  98% completed  (59% total)
     Speed:     ev/sec=925312   simsec/sec=22026.5   ev/simsec=42.0091
     Messages:  created: 17599351   present: 37   in FES: 37
** Event #41941428   t=999999   Elapsed: 44.857s (0m 44s)  100% completed  (60% total)
     Speed:     ev/sec=920491   simsec/sec=21988.2   ev/simsec=41.8629
     Messages:  created: 17935273   present: 29   in FES: 29

<!> Simulation time limit reached -- at t=999999s, event #41941428
