** Event #0   t=0   Elapsed: 0.000s (0m 00s)  0% completed  (0% total)
     Speed:     ev/sec=0   simsec/sec=0   ev/simsec=0
     Messages:  created: 3   present: 3   in FES: 4
** Event #1579008   t=58250.267721436801   Elapsed: 2.000s (0m 02s)  5% completed  (1% total)
     Speed:     ev/sec=789504   simsec/sec=29125.1   ev/simsec=27.1073
     Messages:  created: 677289   present: 21   in FES: 21
** Event #3194112   t=117799.200494016184   Elapsed: 4.000s (0m 04s)  11% completed  (2% total)
     Speed:     ev/sec=807552   simsec/sec=29774.5   ev/simsec=27.1223
     Messages:  created: 1369949   present: 15   in FES: 15
** Event #4810496   t=177303.553587392483   Elapsed: 6.000s (0m 06s)  17% completed  (3% total)
     Speed:     ev/sec=808192   simsec/sec=29752.2   ev/simsec=27.1641
     Messages:  created: 2063364   present: 25   in FES: 25
** Event #6426624   t=236848.158761911553   Elapsed: 8.000s (0m 08s)  23% completed  (4% total)
     Speed:     ev/sec=808064   simsec/sec=29772.3   ev/simsec=27.1415
     Messages:  created: 2756287   present: 13   in FES: 13
** Event #8043008   t=296488.899674052298   Elapsed: 10.000s (0m 10s)  29% completed  (5% total)
     Speed:     ev/sec=808192   simsec/sec=29820.4   ev/simsec=27.102
     Messages:  created: 3448641   present: 15   in FES: 15
** Event #9660160   t=356040.075597367637   Elapsed: 12.000s (0m 12s)  35% completed  (7% total)
     Speed:     ev/sec=808576   simsec/sec=29775.6   ev/simsec=27.1557
     Messages:  created: 4141757   present: 13   in FES: 13
** Event #11276544   t=415648.686367019442   Elapsed: 14.001s (0m 14s)  41% completed  (8% total)
     Speed:     ev/sec=808192   simsec/sec=29804.3   ev/simsec=27.1166
     Messages:  created: 4834249   present: 29   in FES: 29
** Event #12892928   t=475339.423178624379   Elapsed: 16.001s (0m 16s)  47% completed  (9% total)
     Speed:     ev/sec=808192   simsec/sec=29845.4   ev/simsec=27.0793
     Messages:  created: 5526929   present: 20   in FES: 20
** Event #14509056   t=534810.299283251416   Elapsed: 18.001s (0m 18s)  53% completed  (10% total)
     Speed:     ev/sec=808064   simsec/sec=29735.4   ev/simsec=27.1751
     Messages:  created: 6219923   present: 16   in FES: 16
** Event #16125184   t=594313.387216981289   Elapsed: 20.001s (0m 20s)  59% completed  (11% total)
     Speed:     ev/sec=808064   simsec/sec=29751.5   ev/simsec=27.1604
     Messages:  created: 6912520   present: 21   in FES: 21
** Event #17742336   t=654003.91641911243   Elapsed: 22.001s (0m 22s)  65% completed  (13% total)
     Speed:     ev/sec=808576   simsec/sec=29845.3   ev/simsec=27.0923
     Messages:  created: 7604645   present: 17   in FES: 17
** Event #19359232   t=713755.925777619654   Elapsed: 24.001s (0m 24s)  71% completed  (14% total)
     Speed:     ev/sec=808448   simsec/sec=29876   ev/simsec=27.0601
     Messages:  created: 8296505   present: 25   in FES: 25
** Event #20975360   t=773591.422466513948   Elapsed: 26.001s (0m 26s)  77% completed  (15% total)
     Speed:     ev/sec=808064   simsec/sec=29917.7   ev/simsec=27.0095
     Messages:  created: 8988132   present: 31   in FES: 31
** Event #22590464   t=833237.140096026297   Elapsed: 28.001s (0m 28s)  83% completed  (16% total)
     Speed:     ev/sec=807552   simsec/sec=29822.9   ev/simsec=27.0783
     Messages:  created: 9679292   present: 18   in FES: 18
** Event #24204288   t=892785.314136279886   Elapsed: 30.002s (0m 30s)  89% completed  (17% total)
     Speed:     ev/sec=806912   simsec/sec=29774.1   ev/simsec=27.1012
     Messages:  created: 10371020   present: 11   in FES: 11
** Event #25818880   t=952426.051337624502   Elapsed: 32.002s (0m 32s)  95% completed  (19% total)
     Speed:     ev/sec=807296   simsec/sec=29820.4   ev/simsec=27.072
     Messages:  created: 11062665   present: 11   in FES: 11
** Event #27108427   t=999999   Elapsed: 33.607s (0m 33s)  100% completed  (20% total)
     Speed:     ev/sec=803455   simsec/sec=29640.4   ev/simsec=27.1067
     Messages:  created: 11615169   present: 21   in FES: 21

<!> Simulation time limit reached -- at t=999999s, event #27108427
