** Event #0   t=0   Elapsed: 0.000s (0m 00s)  0% completed  (80% total)
     Speed:     ev/sec=0   simsec/sec=0   ev/simsec=0
     Messages:  created: 3   present: 3   in FES: 4
** Event #3355136   t=35778.45544732725   Elapsed: 2.000s (0m 02s)  3% completed  (80% total)
     Speed:     ev/sec=1.67757e+06   simsec/sec=17889.2   ev/simsec=93.7753
     Messages:  created: 2013102   present: 76   in FES: 76
** Event #6718208   t=71584.36945044783   Elapsed: 4.000s (0m 04s)  7% completed  (81% total)
     Speed:     ev/sec=1.68154e+06   simsec/sec=17903   ev/simsec=93.925
     Messages:  created: 4030920   present: 70   in FES: 70
** Event #9857280   t=105086.009988585331   Elapsed: 6.000s (0m 06s)  10% completed  (82% total)
     Speed:     ev/sec=1.56954e+06   simsec/sec=16750.8   ev/simsec=93.6991
     Messages:  created: 5914360   present: 90   in FES: 90
** Event #12956672   t=138189.219426604752   Elapsed: 8.000s (0m 08s)  13% completed  (82% total)
     Speed:     ev/sec=1.5497e+06   simsec/sec=16551.6   ev/simsec=93.6281
     Messages:  created: 7773959   present: 87   in FES: 87
** Event #16185088   t=172705.569322974044   Elapsed: 10.000s (0m 10s)  17% completed  (83% total)
     Speed:     ev/sec=1.61421e+06   simsec/sec=17258.2   ev/simsec=93.5329
     Messages:  created: 9710993   present: 89   in FES: 89
** Event #19387648   t=206899.192439153355   Elapsed: 12.000s (0m 12s)  20% completed  (84% total)
     Speed:     ev/sec=1.60128e+06   simsec/sec=17096.8   ev/simsec=93.6596
     Messages:  created: 11632502   present: 80   in FES: 80
** Event #22589440   t=241060.784427046742   Elapsed: 14.000s (0m 14s)  24% completed  (84% total)
     Speed:     ev/sec=1.6009e+06   simsec/sec=17080.8   ev/simsec=93.7249
     Messages:  created: 13553558   present: 88   in FES: 88
** Event #25683456   t=274046.423050478503   Elapsed: 16.000s (0m 16s)  27% completed  (85% total)
     Speed:     ev/sec=1.54701e+06   simsec/sec=16492.8   ev/simsec=93.7989
     Messages:  created: 15409964   present: 106   in FES: 106
** Event #29050880   t=310009.962441558738   Elapsed: 18.000s (0m 18s)  31% completed  (86% total)
     Speed:     ev/sec=1.68371e+06   simsec/sec=17981.8   ev/simsec=93.6344
     Messages:  created: 17430378   present: 76   in FES: 76
** Event #32424960   t=346020.26535468657   Elapsed: 20.000s (0m 20s)  34% completed  (86% total)
     Speed:     ev/sec=1.68704e+06   simsec/sec=18005.2   ev/simsec=93.6976
     Messages:  created: 19454807   present: 90   in FES: 90
** Event #35799040   t=382067.353721540617   Elapsed: 22.000s (0m 22s)  38% completed  (87% total)
     Speed:     ev/sec=1.68704e+06   simsec/sec=18023.5   ev/simsec=93.602
     Messages:  created: 21479235   present: 95   in FES: 95
** Event #39171072   t=417976.513508729103   Elapsed: 24.001s (0m 24s)  41% completed  (88% total)
     Speed:     ev/sec=1.68602e+06   simsec/sec=17954.6   ev/simsec=93.9045
     Messages:  created: 23502422   present: 80   in FES: 80
** Event #42545408   t=453967.786083891689   Elapsed: 26.001s (0m 26s)  45% completed  (89% total)
     Speed:     ev/sec=1.68717e+06   simsec/sec=17995.6   ev/simsec=93.7543
     Messages:  created: 25527008   present: 86   in FES: 86
** Event #45920256   t=489975.245735431861   Elapsed: 28.001s (0m 28s)  48% completed  (89% total)
     Speed:     ev/sec=1.68742e+06   simsec/sec=18003.7   ev/simsec=93.7264
     Messages:  created: 27551912   present: 102   in FES: 102
** Event #49293824   t=525924.756619868102   Elapsed: 30.001s (0m 30s)  52% completed  (90% total)
     Speed:     ev/sec=1.68678e+06   simsec/sec=17974.8   ev/simsec=93.8418
     Messages:  created: 29576035   present: 99   in FES: 99
** Event #52668416   t=561925.157851312387   Elapsed: 32.001s (0m 32s)  56% completed  (91% total)
     Speed:     ev/sec=1.6873e+06   simsec/sec=18000.2   ev/simsec=93.7376
     Messages:  created: 31600748   present: 70   in FES: 70
** Event #56040704   t=597924.798237527269   Elapsed: 34.001s (0m 34s)  59% completed  (91% total)
     Speed:     ev/sec=1.68614e+06   simsec/sec=17999.8   ev/simsec=93.6756
     Messages:  created: 33624110   present: 92   in FES: 92
** Event #59414016   t=633929.299268482067   Elapsed: 36.001s (0m 36s)  63% completed  (92% total)
     Speed:     ev/sec=1.68666e+06   simsec/sec=18002.3   ev/simsec=93.6914
     Messages:  created: 35648070   present: 84   in FES: 84
** Event #62789376   t=669994.394260131821   Elapsed: 38.001s (0m 38s)  66% completed  (93% total)
     Speed:     ev/sec=1.68768e+06   simsec/sec=18032.5   ev/simsec=93.5908
     Messages:  created: 37673272   present: 74   in FES: 74
** Event #66163200   t=705902.27175104487   Elapsed: 40.001s (0m 40s)  70% completed  (94% total)
     Speed:     ev/sec=1.68691e+06   simsec/sec=17953.9   ev/simsec=93.9578
     Messages:  created: 39697554   present: 88   in FES: 88
** Event #69537536   t=741929.582177741172   Elapsed: 42.001s (0m 42s)  74% completed  (94% total)
     Speed:     ev/sec=1.68717e+06   simsec/sec=18013.7   ev/simsec=93.6605
     Messages:  created: 41722146   present: 96   in FES: 96
** Event #72910848   t=777862.751862808641   Elapsed: 44.001s (0m 44s)  77% completed  (95% total)
     Speed:     ev/sec=1.68666e+06   simsec/sec=17966.6   ev/simsec=93.8774
     Messages:  created: 43746111   present: 95   in FES: 95
** Event #76286208   t=813922.402971996365   Elapsed: 46.001s (0m 46s)  81% completed  (96% total)
     Speed:     ev/sec=1.68768e+06   simsec/sec=18029.8   ev/simsec=93.6049
     Messages:  created: 45771300   present: 94   in FES: 94
** Event #79661312   t=849999.32490672725   Elapsed: 48.001s (0m 48s)  85% completed  (97% total)
     Speed:     ev/sec=1.68755e+06   simsec/sec=18038.5   ev/simsec=93.553
     Messages:  created: 47796322   present: 60   in FES: 60
** Event #83034368   t=885904.039129386515   Elapsed: 50.001s (0m 50s)  88% completed  (97% total)
     Speed:     ev/sec=1.68653e+06   simsec/sec=17952.4   ev/simsec=93.9447
     Messages:  created: 49820163   present: 83   in FES: 83
** Event #86408448   t=921843.411727133094   Elapsed: 52.001s (0m 52s)  92% completed  (98% total)
     Speed:     ev/sec=1.68704e+06   simsec/sec=17969.7   ev/simsec=93.8826
     Messages:  created: 51844567   present: 62   in FES: 62
** Event #89781248   t=957780.824243188497   Elapsed: 54.001s (0m 54s)  95% completed  (99% total)
     Speed:     ev/sec=1.6864e+06   simsec/sec=17968.7   ev/simsec=93.8521
     Messages:  created: 53868258   present: 96   in FES: 96
** Event #93156864   t=993863.81452420008   Elapsed: 56.001s (0m 56s)  99% completed  (99% total)
     Speed:     ev/sec=1.68781e+06   simsec/sec=18041.5   ev/simsec=93.5514
     Messages:  created: 55893599   present: 91   in FES: 91
** Event #93732096   t=999999   Elapsed: 56.343s (0m 56s)  100% completed  (100% total)
     Speed:     ev/sec=1.68689e+06   simsec/sec=17991.7   ev/simsec=93.7596
     Messages:  created: 56238722   present: 65   in FES: 65

<!> Simulation time limit reached -- at t=999999s, event #93732096
