** Event #0   t=0   Elapsed: 0.000s (0m 00s)  0% completed  (20% total)
     Speed:     ev/sec=0   simsec/sec=0   ev/simsec=0
     Messages:  created: 3   present: 3   in FES: 4
** Event #1636096   t=14102.619128623863   Elapsed: 2.000s (0m 02s)  1% completed  (20% total)
     Speed:     ev/sec=818048   simsec/sec=7051.31   ev/simsec=116.014
     Messages:  created: 981204   present: 122   in FES: 122
** Event #3273216   t=28202.388378977174   Elapsed: 4.000s (0m 04s)  2% completed  (20% total)
     Speed:     ev/sec=818560   simsec/sec=7049.88   ev/simsec=116.11
     Messages:  created: 1962911   present: 99   in FES: 99
** Event #4910080   t=42267.109916431878   Elapsed: 6.000s (0m 06s)  4% completed  (20% total)
     Speed:     ev/sec=818432   simsec/sec=7032.36   ev/simsec=116.381
     Messages:  created: 2944387   present: 86   in FES: 86
** Event #6547200   t=56336.81267881814   Elapsed: 8.000s (0m 08s)  5% completed  (21% total)
     Speed:     ev/sec=818560   simsec/sec=7034.85   ev/simsec=116.358
     Messages:  created: 3926084   present: 102   in FES: 102
** Event #8183808   t=70435.45721602083   Elapsed: 10.000s (0m 10s)  7% completed  (21% total)
     Speed:     ev/sec=818304   simsec/sec=7049.32   ev/simsec=116.083
     Messages:  created: 4907515   present: 103   in FES: 103
** Event #9820672   t=84498.625614618764   Elapsed: 12.000s (0m 12s)  8% completed  (21% total)
     Speed:     ev/sec=818432   simsec/sec=7031.58   ev/simsec=116.394
     Messages:  created: 5888998   present: 84   in FES: 84
** Event #11458048   t=98550.603189482364   Elapsed: 14.001s (0m 14s)  9% completed  (21% total)
     Speed:     ev/sec=818688   simsec/sec=7025.99   ev/simsec=116.523
     Messages:  created: 6870825   present: 92   in FES: 92
** Event #13095168   t=112664.381927368659   Elapsed: 16.001s (0m 16s)  11% completed  (22% total)
     Speed:     ev/sec=818560   simsec/sec=7056.89   ev/simsec=115.994
     Messages:  created: 7852575   present: 110   in FES: 110
** Event #14732544   t=126775.012793048504   Elapsed: 18.001s (0m 18s)  12% completed  (22% total)
     Speed:     ev/sec=818688   simsec/sec=7055.32   ev/simsec=116.038
     Messages:  created: 8834410   present: 108   in FES: 108
** Event #16370176   t=140878.526625178757   Elapsed: 20.001s (0m 20s)  14% completed  (22% total)
     Speed:     ev/sec=818816   simsec/sec=7051.76   ev/simsec=116.115
     Messages:  created: 9816499   present: 91   in FES: 91
** Event #18006784   t=154983.470080334146   Elapsed: 22.001s (0m 22s)  15% completed  (23% total)
     Speed:     ev/sec=818304   simsec/sec=7052.47   ev/simsec=116.031
     Messages:  created: 10797850   present: 76   in FES: 76
** Event #19644416   t=169128.088576514877   Elapsed: 24.001s (0m 24s)  16% completed  (23% total)
     Speed:     ev/sec=818816   simsec/sec=7072.31   ev/simsec=115.778
     Messages:  created: 11779887   present: 126   in FES: 126
** Event #21281536   t=183189.052138839659   Elapsed: 26.002s (0m 26s)  18% completed  (23% total)
     Speed:     ev/sec=818560   simsec/sec=7030.48   ev/simsec=116.43
     Messages:  created: 12761578   present: 92   in FES: 92
** Event #22918912   t=197343.87927104787   Elapsed: 28.002s (0m 28s)  19% completed  (23% total)
     Speed:     ev/sec=818688   simsec/sec=7077.41   ev/simsec=115.676
     Messages:  created: 13743488   present: 98   in FES: 98
** Event #24556800   t=211495.32268190734   Elapsed: 30.002s (0m 30s)  21% completed  (24% total)
     Speed:     ev/sec=818944   simsec/sec=7075.72   ev/simsec=115.74
     Messages:  created: 14725633   present: 97   in FES: 97
** Event #26194688   t=225605.840605754522   Elapsed: 32.002s (0m 32s)  22% completed  (24% total)
     Speed:     ev/sec=818944   simsec/sec=7055.26   ev/simsec=116.076
     Messages:  created: 15707820   present: 86   in FES: 86
** Event #27832064   t=239709.527622024485   Elapsed: 34.003s (0m 34s)  23% completed  (24% total)
     Speed:     ev/sec=818688   simsec/sec=7051.84   ev/simsec=116.096
     Messages:  created: 16689707   present: 119   in FES: 119
** Event #29468672   t=253728.402344500643   Elapsed: 36.003s (0m 36s)  25% completed  (25% total)
     Speed:     ev/sec=818304   simsec/sec=7009.44   ev/simsec=116.743
     Messages:  created: 17671178   present: 124   in FES: 124
** Event #31105536   t=267787.607395430889   Elapsed: 38.003s (0m 38s)  26% completed  (25% total)
     Speed:     ev/sec=818432   simsec/sec=7029.6   ev/simsec=116.426
     Messages:  created: 18652745   present: 89   in FES: 89
** Event #32742912   t=281858.139155099277   Elapsed: 40.003s (0m 40s)  28% completed  (25% total)
     Speed:     ev/sec=818688   simsec/sec=7035.27   ev/simsec=116.369
     Messages:  created: 19634609   present: 101   in FES: 101
** Event #34380288   t=295932.785267874422   Elapsed: 42.003s (0m 42s)  29% completed  (25% total)
     Speed:     ev/sec=818688   simsec/sec=7037.32   ev/simsec=116.335
     Messages:  created: 20616432   present: 90   in FES: 90
** Event #36017408   t=310050.180342153671   Elapsed: 44.003s (0m 44s)  31% completed  (26% total)
     Speed:     ev/sec=818560   simsec/sec=7058.7   ev/simsec=115.965
     Messages:  created: 21598152   present: 118   in FES: 118
** Event #37654528   t=324146.347350392631   Elapsed: 46.003s (0m 46s)  32% completed  (26% total)
     Speed:     ev/sec=818560   simsec/sec=7048.08   ev/simsec=116.139
     Messages:  created: 22579879   present: 99   in FES: 99
** Event #39291904   t=338238.895111518011   Elapsed: 48.003s (0m 48s)  33% completed  (26% total)
     Speed:     ev/sec=818688   simsec/sec=7046.27   ev/simsec=116.187
     Messages:  created: 23561725   present: 92   in FES: 92
** Event #40956672   t=352560.619885842063   Elapsed: 50.004s (0m 50s)  35% completed  (27% total)
     Speed:     ev/sec=832384   simsec/sec=7160.86   ev/simsec=116.241
     Messages:  created: 24560064   present: 138   in FES: 138
** Event #42578944   t=366517.523313827239   Elapsed: 52.004s (0m 52s)  36% completed  (27% total)
     Speed:     ev/sec=811136   simsec/sec=6978.45   ev/simsec=116.234
     Messages:  created: 25532918   present: 92   in FES: 92
** Event #44181248   t=380297.410253869919   Elapsed: 54.004s (0m 54s)  38% completed  (27% total)
     Speed:     ev/sec=801152   simsec/sec=6889.94   ev/simsec=116.278
     Messages:  created: 26493808   present: 126   in FES: 126
** Event #45877248   t=394923.611831463062   Elapsed: 56.004s (0m 56s)  39% completed  (27% total)
     Speed:     ev/sec=848000   simsec/sec=7313.1   ev/simsec=115.956
     Messages:  created: 27510857   present: 112   in FES: 112
** Event #47624960   t=409949.713866329524   Elapsed: 58.004s (0m 58s)  40% completed  (28% total)
     Speed:     ev/sec=873856   simsec/sec=7513.05   ev/simsec=116.312
     Messages:  created: 28558843   present: 78   in FES: 78
** Event #49376768   t=425027.247980293952   Elapsed: 60.005s (1m 00s)  42% completed  (28% total)
     Speed:     ev/sec=875904   simsec/sec=7538.77   ev/simsec=116.187
     Messages:  created: 29609271   present: 79   in FES: 79
** Event #51020288   t=439158.014686071712   Elapsed: 62.005s (1m 02s)  43% completed  (28% total)
     Speed:     ev/sec=821760   simsec/sec=7065.38   ev/simsec=116.308
     Messages:  created: 30594816   present: 114   in FES: 114
** Event #52725504   t=453848.892462811422   Elapsed: 64.005s (1m 04s)  45% completed  (29% total)
     Speed:     ev/sec=852608   simsec/sec=7345.44   ev/simsec=116.073
     Messages:  created: 31617318   present: 92   in FES: 92
** Event #54460416   t=468820.214868513764   Elapsed: 66.005s (1m 06s)  46% completed  (29% total)
     Speed:     ev/sec=867456   simsec/sec=7485.66   ev/simsec=115.882
     Messages:  created: 32657587   present: 94   in FES: 94
** Event #56158464   t=483432.561791401818   Elapsed: 68.005s (1m 08s)  48% completed  (29% total)
     Speed:     ev/sec=849024   simsec/sec=7306.17   ev/simsec=116.206
     Messages:  created: 33675841   present: 104   in FES: 104
** Event #57771776   t=497319.419032552647   Elapsed: 70.005s (1m 10s)  49% completed  (29% total)
     Speed:     ev/sec=806656   simsec/sec=6943.43   ev/simsec=116.175
     Messages:  created: 34643272   present: 70   in FES: 70
** Event #59420416   t=511523.863203958837   Elapsed: 72.006s (1m 12s)  51% completed  (30% total)
     Speed:     ev/sec=824320   simsec/sec=7102.22   ev/simsec=116.065
     Messages:  created: 35631946   present: 120   in FES: 120
** Event #61076992   t=525788.531204760082   Elapsed: 74.006s (1m 14s)  52% completed  (30% total)
     Speed:     ev/sec=828288   simsec/sec=7132.33   ev/simsec=116.131
     Messages:  created: 36625400   present: 70   in FES: 70
** Event #62717952   t=539910.901011531457   Elapsed: 76.006s (1m 16s)  53% completed  (30% total)
     Speed:     ev/sec=820480   simsec/sec=7061.18   ev/simsec=116.196
     Messages:  created: 37609533   present: 112   in FES: 112
** Event #64374016   t=554165.974140818425   Elapsed: 78.006s (1m 18s)  55% completed  (31% total)
     Speed:     ev/sec=828032   simsec/sec=7127.54   ev/simsec=116.174
     Messages:  created: 38602625   present: 88   in FES: 88
** Event #66085376   t=568911.444141640005   Elapsed: 80.006s (1m 20s)  56% completed  (31% total)
     Speed:     ev/sec=855680   simsec/sec=7372.74   ev/simsec=116.06
     Messages:  created: 39628839   present: 79   in FES: 79
** Event #67785984   t=583555.232790027619   Elapsed: 82.006s (1m 22s)  58% completed  (31% total)
     Speed:     ev/sec=850304   simsec/sec=7321.89   ev/simsec=116.132
     Messages:  created: 40648563   present: 94   in FES: 94
** Event #69512448   t=598409.095312848665   Elapsed: 84.006s (1m 24s)  59% completed  (31% total)
     Speed:     ev/sec=863232   simsec/sec=7426.93   ev/simsec=116.23
     Messages:  created: 41683884   present: 110   in FES: 110
** Event #71346432   t=614216.125534522421   Elapsed: 86.006s (1m 26s)  61% completed  (32% total)
     Speed:     ev/sec=916992   simsec/sec=7903.52   ev/simsec=116.023
     Messages:  created: 42783771   present: 95   in FES: 95
** Event #73167104   t=629880.188209897458   Elapsed: 88.006s (1m 28s)  62% completed  (32% total)
     Speed:     ev/sec=910336   simsec/sec=7832.03   ev/simsec=116.232
     Messages:  created: 43875587   present: 78   in FES: 78
** Event #74789632   t=643885.614407821056   Elapsed: 90.006s (1m 30s)  64% completed  (32% total)
     Speed:     ev/sec=811264   simsec/sec=7002.71   ev/simsec=115.85
     Messages:  created: 44848517   present: 104   in FES: 104
** Event #76495872   t=658575.941930380727   Elapsed: 92.007s (1m 32s)  65% completed  (33% total)
     Speed:     ev/sec=853120   simsec/sec=7345.16   ev/simsec=116.147
     Messages:  created: 45871637   present: 96   in FES: 96
** Event #78268672   t=673829.977089376588   Elapsed: 94.007s (1m 34s)  67% completed  (33% total)
     Speed:     ev/sec=886400   simsec/sec=7627.02   ev/simsec=116.218
     Messages:  created: 46934713   present: 92   in FES: 92
** Event #80106496   t=689697.930249576281   Elapsed: 96.007s (1m 36s)  68% completed  (33% total)
     Speed:     ev/sec=918912   simsec/sec=7933.98   ev/simsec=115.82
     Messages:  created: 48036730   present: 112   in FES: 112
** Event #82112256   t=706977.050416555014   Elapsed: 98.007s (1m 38s)  70% completed  (34% total)
     Speed:     ev/sec=1.00288e+06   simsec/sec=8639.56   ev/simsec=116.08
     Messages:  created: 49239540   present: 90   in FES: 90
** Event #84024832   t=723412.096854374931   Elapsed: 100.007s (1m 40s)  72% completed  (34% total)
     Speed:     ev/sec=956288   simsec/sec=8217.52   ev/simsec=116.372
     Messages:  created: 50386396   present: 94   in FES: 94
** Event #85972480   t=740160.728419302475   Elapsed: 102.007s (1m 42s)  74% completed  (34% total)
     Speed:     ev/sec=973824   simsec/sec=8374.32   ev/simsec=116.287
     Messages:  created: 51554332   present: 114   in FES: 114
** Event #87799296   t=755920.022174501186   Elapsed: 104.007s (1m 44s)  75% completed  (35% total)
     Speed:     ev/sec=913408   simsec/sec=7879.65   ev/simsec=115.92
     Messages:  created: 52649867   present: 99   in FES: 99
** Event #89910784   t=774109.992434462095   Elapsed: 106.007s (1m 46s)  77% completed  (35% total)
     Speed:     ev/sec=1.05574e+06   simsec/sec=9094.99   ev/simsec=116.08
     Messages:  created: 53916031   present: 95   in FES: 95
** Event #91817728   t=790518.376351093222   Elapsed: 108.007s (1m 48s)  79% completed  (35% total)
     Speed:     ev/sec=953472   simsec/sec=8204.19   ev/simsec=116.218
     Messages:  created: 55059568   present: 94   in FES: 94
** Event #93771776   t=807329.673054040794   Elapsed: 110.008s (1m 50s)  80% completed  (36% total)
     Speed:     ev/sec=977024   simsec/sec=8405.65   ev/simsec=116.234
     Messages:  created: 56231411   present: 111   in FES: 111
** Event #95512064   t=822319.013278486034   Elapsed: 112.008s (1m 52s)  82% completed  (36% total)
     Speed:     ev/sec=870144   simsec/sec=7494.67   ev/simsec=116.102
     Messages:  created: 57275093   present: 113   in FES: 113
** Event #97805568   t=842062.213967036106   Elapsed: 114.008s (1m 54s)  84% completed  (36% total)
     Speed:     ev/sec=1.14675e+06   simsec/sec=9871.6   ev/simsec=116.167
     Messages:  created: 58650419   present: 98   in FES: 98
** Event #99699968   t=858379.702889945186   Elapsed: 116.008s (1m 56s)  85% completed  (37% total)
     Speed:     ev/sec=947200   simsec/sec=8158.74   ev/simsec=116.096
     Messages:  created: 59786478   present: 88   in FES: 88
** Event #101783296   t=876332.584616614437   Elapsed: 118.008s (1m 58s)  87% completed  (37% total)
     Speed:     ev/sec=1.04166e+06   simsec/sec=8976.44   ev/simsec=116.044
     Messages:  created: 61035792   present: 118   in FES: 118
** Event #103907584   t=894616.955549214335   Elapsed: 120.008s (2m 00s)  89% completed  (37% total)
     Speed:     ev/sec=1.06214e+06   simsec/sec=9142.19   ev/simsec=116.181
     Messages:  created: 62309625   present: 73   in FES: 73
** Event #105924864   t=911964.635902396534   Elapsed: 122.008s (2m 02s)  91% completed  (38% total)
     Speed:     ev/sec=1.00864e+06   simsec/sec=8673.84   ev/simsec=116.285
     Messages:  created: 63519377   present: 113   in FES: 113
** Event #107932160   t=929226.155587692998   Elapsed: 124.009s (2m 04s)  92% completed  (38% total)
     Speed:     ev/sec=1.00365e+06   simsec/sec=8630.76   ev/simsec=116.287
     Messages:  created: 64723115   present: 99   in FES: 99
** Event #110278912   t=949371.918518123409   Elapsed: 126.009s (2m 06s)  94% completed  (38% total)
     Speed:     ev/sec=1.17338e+06   simsec/sec=10072.9   ev/simsec=116.489
     Messages:  created: 66130392   present: 90   in FES: 90
** Event #112508672   t=968557.813810378362   Elapsed: 128.009s (2m 08s)  96% completed  (39% total)
     Speed:     ev/sec=1.11488e+06   simsec/sec=9592.95   ev/simsec=116.219
     Messages:  created: 67467457   present: 73   in FES: 73
** Event #114904832   t=989198.012900431826   Elapsed: 130.009s (2m 10s)  98% completed  (39% total)
     Speed:     ev/sec=1.19808e+06   simsec/sec=10320.1   ev/simsec=116.092
     Messages:  created: 68904375   present: 78   in FES: 78
** Event #116160442   t=999999   Elapsed: 131.010s (2m 11s)  100% completed  (40% total)
     Speed:     ev/sec=1.25561e+06   simsec/sec=10801   ev/simsec=116.25
     Messages:  created: 69657308   present: 85   in FES: 85

<!> Simulation time limit reached -- at t=999999s, event #116160442
