** Event #0   t=0   Elapsed: 0.000s (0m 00s)  0% completed  (80% total)
     Speed:     ev/sec=0   simsec/sec=0   ev/simsec=0
     Messages:  created: 3   present: 3   in FES: 4
** Event #1872640   t=39170.741375145325   Elapsed: 2.000s (0m 02s)  3% completed  (80% total)
     Speed:     ev/sec=936320   simsec/sec=19585.4   ev/simsec=47.8071
     Messages:  created: 797330   present: 39   in FES: 39
** Event #3745792   t=78246.388869771591   Elapsed: 4.000s (0m 04s)  7% completed  (81% total)
     Speed:     ev/sec=936576   simsec/sec=19537.8   ev/simsec=47.9366
     Messages:  created: 1595663   present: 33   in FES: 33
** Event #5615872   t=117272.950771509929   Elapsed: 6.000s (0m 06s)  11% completed  (82% total)
     Speed:     ev/sec=935040   simsec/sec=19513.3   ev/simsec=47.9181
     Messages:  created: 2392305   present: 28   in FES: 28
** Event #7476480   t=156179.747579557973   Elapsed: 8.000s (0m 08s)  15% completed  (83% total)
     Speed:     ev/sec=930304   simsec/sec=19453.4   ev/simsec=47.8222
     Messages:  created: 3184881   present: 27   in FES: 27
** Event #9348352   t=195154.781159960799   Elapsed: 10.000s (0m 10s)  19% completed  (83% total)
     Speed:     ev/sec=935936   simsec/sec=19487.5   ev/simsec=48.0275
     Messages:  created: 3982320   present: 30   in FES: 30
** Event #11209984   t=234132.738657530266   Elapsed: 12.000s (0m 12s)  23% completed  (84% total)
     Speed:     ev/sec=930816   simsec/sec=19489   ev/simsec=47.7611
     Messages:  created: 4774531   present: 29   in FES: 29
** Event #13071616   t=272973.400699528756   Elapsed: 14.000s (0m 14s)  27% completed  (85% total)
     Speed:     ev/sec=930816   simsec/sec=19420.3   ev/simsec=47.93
     Messages:  created: 5567038   present: 27   in FES: 27
** Event #14931456   t=311764.796549459799   Elapsed: 16.000s (0m 16s)  31% completed  (86% total)
     Speed:     ev/sec=929920   simsec/sec=19395.7   ev/simsec=47.9447
     Messages:  created: 6360174   present: 31   in FES: 31
** Event #16792320   t=350646.943130811906   Elapsed: 18.000s (0m 18s)  35% completed  (87% total)
     Speed:     ev/sec=930432   simsec/sec=19441.1   ev/simsec=47.8591
     Messages:  created: 7152834   present: 38   in FES: 38
** Event #18653184   t=389528.266303900079   Elapsed: 20.001s (0m 20s)  38% completed  (87% total)
     Speed:     ev/sec=930432   simsec/sec=19440.7   ev/simsec=47.8601
     Messages:  created: 7945365   present: 19   in FES: 19
** Event #20513536   t=428361.34818170815   Elapsed: 22.001s (0m 22s)  42% completed  (88% total)
     Speed:     ev/sec=930176   simsec/sec=19416.5   ev/simsec=47.9064
     Messages:  created: 8737783   present: 31   in FES: 31
** Event #22372864   t=467133.408441896017   Elapsed: 24.001s (0m 24s)  46% completed  (89% total)
     Speed:     ev/sec=929664   simsec/sec=19386   ev/simsec=47.9554
     Messages:  created: 9530435   present: 33   in FES: 33
** Event #24233728   t=505989.592579516178   Elapsed: 26.001s (0m 26s)  50% completed  (90% total)
     Speed:     ev/sec=930432   simsec/sec=19428.1   ev/simsec=47.8911
     Messages:  created: 10323238   present: 39   in FES: 39
** Event #26094592   t=544799.27571297473   Elapsed: 28.001s (0m 28s)  54% completed  (90% total)
     Speed:     ev/sec=930432   simsec/sec=19404.8   ev/simsec=47.9484
     Messages:  created: 11115496   present: 24   in FES: 24
** Event #27956480   t=583696.170925288407   Elapsed: 30.002s (0m 30s)  58% completed  (91% total)
     Speed:     ev/sec=930944   simsec/sec=19448.4   ev/simsec=47.8673
     Messages:  created: 11907989   present: 31   in FES: 31
** Event #29817344   t=622497.958106941364   Elapsed: 32.002s (0m 32s)  62% completed  (92% total)
     Speed:     ev/sec=930432   simsec/sec=19400.9   ev/simsec=47.9582
     Messages:  created: 12699998   present: 31   in FES: 31
** Event #31677952   t=661340.644189888194   Elapsed: 34.002s (0m 34s)  66% completed  (93% total)
     Speed:     ev/sec=930304   simsec/sec=19421.3   ev/simsec=47.9011
     Messages:  created: 13492647   present: 21   in FES: 21
** Event #33538048   t=700177.053781686039   Elapsed: 36.002s (0m 36s)  70% completed  (94% total)
     Speed:     ev/sec=930048   simsec/sec=19418.2   ev/simsec=47.8957
     Messages:  created: 14284999   present: 27   in FES: 27
** Event #35399424   t=739105.404606300538   Elapsed: 38.002s (0m 38s)  73% completed  (94% total)
     Speed:     ev/sec=930688   simsec/sec=19464.2   ev/simsec=47.8154
     Messages:  created: 15077027   present: 32   in FES: 32
** Event #37259520   t=777916.320906543725   Elapsed: 40.002s (0m 40s)  77% completed  (95% total)
     Speed:     ev/sec=930048   simsec/sec=19405.5   ev/simsec=47.9271
     Messages:  created: 15869916   present: 32   in FES: 32
** Event #39120640   t=816847.969043699249   Elapsed: 42.003s (0m 42s)  81% completed  (96% total)
     Speed:     ev/sec=930560   simsec/sec=19465.8   ev/simsec=47.8048
     Messages:  created: 16662489   present: 38   in FES: 38
** Event #40981248   t=855646.860480088249   Elapsed: 44.003s (0m 44s)  85% completed  (97% total)
     Speed:     ev/sec=930304   simsec/sec=19399.4   ev/simsec=47.9552
     Messages:  created: 17454876   present: 24   in FES: 24
** Event #42842880   t=894490.167576242245   Elapsed: 46.003s (0m 46s)  89% completed  (97% total)
     Speed:     ev/sec=930816   simsec/sec=19421.7   ev/simsec=47.9267
     Messages:  created: 18247060   present: 29   in FES: 29
** Event #44703232   t=933302.448627779345   Elapsed: 48.003s (0m 48s)  93% completed  (98% total)
     Speed:     ev/sec=930176   simsec/sec=19406.1   ev/simsec=47.932
     Messages:  created: 19039492   present: 27   in FES: 27
** Event #46563840   t=972159.921621049153   Elapsed: 50.003s (0m 50s)  97% completed  (99% total)
     Speed:     ev/sec=930304   simsec/sec=19428.7   ev/simsec=47.8829
     Messages:  created: 19832350   present: 23   in FES: 23
** Event #47895040   t=999999   Elapsed: 51.447s (0m 51s)  100% completed  (100% total)
     Speed:     ev/sec=922522   simsec/sec=19292.5   ev/simsec=47.8177
     Messages:  created: 20398721   present: 19   in FES: 19

<!> Simulation time limit reached -- at t=999999s, event #47895040
