** Event #0   t=0   Elapsed: 0.000s (0m 00s)  0% completed  (80% total)
     Speed:     ev/sec=0   simsec/sec=0   ev/simsec=0
     Messages:  created: 3   present: 3   in FES: 4
** Event #3396864   t=19013.567738563873   Elapsed: 2.000s (0m 02s)  1% completed  (80% total)
     Speed:     ev/sec=1.69843e+06   simsec/sec=9506.78   ev/simsec=178.655
     Messages:  created: 1970672   present: 130   in FES: 130
** Event #6767616   t=37900.750800122125   Elapsed: 4.000s (0m 04s)  3% completed  (80% total)
     Speed:     ev/sec=1.68538e+06   simsec/sec=9443.59   ev/simsec=178.468
     Messages:  created: 3926404   present: 130   in FES: 130
** Event #10138880   t=56769.851367716588   Elapsed: 6.000s (0m 06s)  5% completed  (81% total)
     Speed:     ev/sec=1.68563e+06   simsec/sec=9434.55   ev/simsec=178.666
     Messages:  created: 5882196   present: 142   in FES: 142
** Event #13511168   t=75664.39759686768   Elapsed: 8.000s (0m 08s)  7% completed  (81% total)
     Speed:     ev/sec=1.68614e+06   simsec/sec=9447.27   ev/simsec=178.479
     Messages:  created: 7838837   present: 129   in FES: 129
** Event #16883712   t=94536.977268604724   Elapsed: 10.000s (0m 10s)  9% completed  (81% total)
     Speed:     ev/sec=1.68627e+06   simsec/sec=9436.29   ev/simsec=178.701
     Messages:  created: 9795389   present: 153   in FES: 153
** Event #20255744   t=113414.349947451318   Elapsed: 12.000s (0m 12s)  11% completed  (82% total)
     Speed:     ev/sec=1.68602e+06   simsec/sec=9438.69   ev/simsec=178.628
     Messages:  created: 11751518   present: 128   in FES: 128
** Event #23627008   t=132289.226211181141   Elapsed: 14.000s (0m 14s)  13% completed  (82% total)
     Speed:     ev/sec=1.68563e+06   simsec/sec=9437.44   ev/simsec=178.611
     Messages:  created: 13708060   present: 134   in FES: 134
** Event #26997504   t=151207.080496260406   Elapsed: 16.000s (0m 16s)  15% completed  (83% total)
     Speed:     ev/sec=1.68525e+06   simsec/sec=9458.93   ev/simsec=178.165
     Messages:  created: 15664055   present: 150   in FES: 150
** Event #30368512   t=170083.952223173517   Elapsed: 18.000s (0m 18s)  17% completed  (83% total)
     Speed:     ev/sec=1.6855e+06   simsec/sec=9438.44   ev/simsec=178.579
     Messages:  created: 17619700   present: 114   in FES: 114
** Event #33739264   t=188947.073614059337   Elapsed: 20.000s (0m 20s)  18% completed  (83% total)
     Speed:     ev/sec=1.68538e+06   simsec/sec=9431.56   ev/simsec=178.695
     Messages:  created: 19575472   present: 126   in FES: 126
** Event #37109760   t=207807.300023055239   Elapsed: 22.000s (0m 22s)  20% completed  (84% total)
     Speed:     ev/sec=1.68525e+06   simsec/sec=9430.11   ev/simsec=178.709
     Messages:  created: 21531277   present: 133   in FES: 133
** Event #40481024   t=226662.450507794205   Elapsed: 24.001s (0m 24s)  22% completed  (84% total)
     Speed:     ev/sec=1.68563e+06   simsec/sec=9427.58   ev/simsec=178.798
     Messages:  created: 23486763   present: 95   in FES: 95
** Event #43852032   t=245521.949039384539   Elapsed: 26.001s (0m 26s)  24% completed  (84% total)
     Speed:     ev/sec=1.6855e+06   simsec/sec=9429.75   ev/simsec=178.743
     Messages:  created: 25442807   present: 139   in FES: 139
** Event #47222272   t=264386.96223383472   Elapsed: 28.001s (0m 28s)  26% completed  (85% total)
     Speed:     ev/sec=1.68512e+06   simsec/sec=9432.51   ev/simsec=178.65
     Messages:  created: 27398486   present: 144   in FES: 144
** Event #50593280   t=283247.035227257274   Elapsed: 30.001s (0m 30s)  28% completed  (85% total)
     Speed:     ev/sec=1.6855e+06   simsec/sec=9430.04   ev/simsec=178.738
     Messages:  created: 29353458   present: 128   in FES: 128
** Event #53963776   t=302168.010897666549   Elapsed: 32.001s (0m 32s)  30% completed  (86% total)
     Speed:     ev/sec=1.68525e+06   simsec/sec=9460.49   ev/simsec=178.135
     Messages:  created: 31309611   present: 134   in FES: 134
** Event #57333248   t=321032.013880041329   Elapsed: 34.001s (0m 34s)  32% completed  (86% total)
     Speed:     ev/sec=1.68474e+06   simsec/sec=9432   ev/simsec=178.619
     Messages:  created: 33265674   present: 164   in FES: 164
** Event #60704768   t=339913.640248383199   Elapsed: 36.001s (0m 36s)  33% completed  (86% total)
     Speed:     ev/sec=1.68576e+06   simsec/sec=9440.81   ev/simsec=178.561
     Messages:  created: 35222117   present: 161   in FES: 161
** Event #64076032   t=358791.764716556961   Elapsed: 38.001s (0m 38s)  35% completed  (87% total)
     Speed:     ev/sec=1.68563e+06   simsec/sec=9439.06   ev/simsec=178.58
     Messages:  created: 37178305   present: 125   in FES: 125
** Event #67447040   t=377652.918981845804   Elapsed: 40.001s (0m 40s)  37% completed  (87% total)
     Speed:     ev/sec=1.6855e+06   simsec/sec=9430.58   ev/simsec=178.728
     Messages:  created: 39134311   present: 150   in FES: 150
** Event #70818560   t=396533.293029061692   Elapsed: 42.001s (0m 42s)  39% completed  (87% total)
     Speed:     ev/sec=1.68576e+06   simsec/sec=9440.19   ev/simsec=178.573
     Messages:  created: 41090153   present: 148   in FES: 148
** Event #74190080   t=415374.263913633981   Elapsed: 44.001s (0m 44s)  41% completed  (88% total)
     Speed:     ev/sec=1.68576e+06   simsec/sec=9420.49   ev/simsec=178.946
     Messages:  created: 43045371   present: 138   in FES: 138
** Event #77560832   t=434240.790260785726   Elapsed: 46.001s (0m 46s)  43% completed  (88% total)
     Speed:     ev/sec=1.68538e+06   simsec/sec=9433.26   ev/simsec=178.663
     Messages:  created: 45001185   present: 132   in FES: 132
** Event #80931328   t=453079.270968047338   Elapsed: 48.002s (0m 48s)  45% completed  (89% total)
     Speed:     ev/sec=1.68525e+06   simsec/sec=9419.24   ev/simsec=178.915
     Messages:  created: 46956535   present: 143   in FES: 143
** Event #84302592   t=471927.650838007264   Elapsed: 50.002s (0m 50s)  47% completed  (89% total)
     Speed:     ev/sec=1.68563e+06   simsec/sec=9424.19   ev/simsec=178.862
     Messages:  created: 48912387   present: 134   in FES: 134
** Event #87673856   t=490788.142523297759   Elapsed: 52.002s (0m 52s)  49% completed  (89% total)
     Speed:     ev/sec=1.68563e+06   simsec/sec=9430.25   ev/simsec=178.747
     Messages:  created: 50868204   present: 130   in FES: 130
** Event #91045376   t=509678.960561900472   Elapsed: 54.002s (0m 54s)  50% completed  (90% total)
     Speed:     ev/sec=1.68576e+06   simsec/sec=9445.41   ev/simsec=178.474
     Messages:  created: 52823801   present: 137   in FES: 137
** Event #94419968   t=528536.159782210831   Elapsed: 56.002s (0m 56s)  52% completed  (90% total)
     Speed:     ev/sec=1.6873e+06   simsec/sec=9428.6   ev/simsec=178.955
     Messages:  created: 54781051   present: 142   in FES: 142
** Event #97819136   t=547570.287727724893   Elapsed: 58.002s (0m 58s)  54% completed  (90% total)
     Speed:     ev/sec=1.69958e+06   simsec/sec=9517.06   ev/simsec=178.583
     Messages:  created: 56752687   present: 143   in FES: 143
** Event #101218048   t=566618.164842881439   Elapsed: 60.002s (1m 00s)  56% completed  (91% total)
     Speed:     ev/sec=1.69946e+06   simsec/sec=9523.94   ev/simsec=178.44
     Messages:  created: 58725050   present: 132   in FES: 132
** Event #104617472   t=585616.310313050106   Elapsed: 62.002s (1m 02s)  58% completed  (91% total)
     Speed:     ev/sec=1.69971e+06   simsec/sec=9499.07   ev/simsec=178.935
     Messages:  created: 60696595   present: 150   in FES: 150
** Event #108027136   t=604733.747088705492   Elapsed: 64.002s (1m 04s)  60% completed  (92% total)
     Speed:     ev/sec=1.70483e+06   simsec/sec=9558.72   ev/simsec=178.354
     Messages:  created: 62675431   present: 151   in FES: 151
** Event #111425024   t=623755.03247280873   Elapsed: 66.002s (1m 06s)  62% completed  (92% total)
     Speed:     ev/sec=1.69894e+06   simsec/sec=9510.64   ev/simsec=178.636
     Messages:  created: 64647317   present: 141   in FES: 141
** Event #114851840   t=642923.94196763934   Elapsed: 68.002s (1m 08s)  64% completed  (92% total)
     Speed:     ev/sec=1.71341e+06   simsec/sec=9584.45   ev/simsec=178.769
     Messages:  created: 66636923   present: 134   in FES: 134
** Event #118291200   t=662162.78988699204   Elapsed: 70.003s (1m 10s)  66% completed  (93% total)
     Speed:     ev/sec=1.71968e+06   simsec/sec=9619.42   ev/simsec=178.772
     Messages:  created: 68631367   present: 123   in FES: 123
** Event #121706752   t=681261.545737761444   Elapsed: 72.003s (1m 12s)  68% completed  (93% total)
     Speed:     ev/sec=1.70778e+06   simsec/sec=9549.38   ev/simsec=178.836
     Messages:  created: 70613703   present: 135   in FES: 135
** Event #125228032   t=700970.775239998183   Elapsed: 74.003s (1m 14s)  70% completed  (94% total)
     Speed:     ev/sec=1.76064e+06   simsec/sec=9854.61   ev/simsec=178.661
     Messages:  created: 72657522   present: 136   in FES: 136
** Event #128807936   t=721033.974990085617   Elapsed: 76.003s (1m 16s)  72% completed  (94% total)
     Speed:     ev/sec=1.78995e+06   simsec/sec=10031.6   ev/simsec=178.431
     Messages:  created: 74735599   present: 139   in FES: 139
** Event #132389888   t=741049.7133153396   Elapsed: 78.003s (1m 18s)  74% completed  (94% total)
     Speed:     ev/sec=1.79098e+06   simsec/sec=10007.9   ev/simsec=178.957
     Messages:  created: 76813835   present: 134   in FES: 134
** Event #135976448   t=761116.348563292921   Elapsed: 80.003s (1m 20s)  76% completed  (95% total)
     Speed:     ev/sec=1.79328e+06   simsec/sec=10033.3   ev/simsec=178.733
     Messages:  created: 78894303   present: 134   in FES: 134
** Event #139560192   t=781184.194480177401   Elapsed: 82.003s (1m 22s)  78% completed  (95% total)
     Speed:     ev/sec=1.79187e+06   simsec/sec=10033.9   ev/simsec=178.581
     Messages:  created: 80973223   present: 127   in FES: 127
** Event #142926596   t=999999   Elapsed: 83.846s (1m 23s)  100% completed  (100% total)
     Speed:     ev/sec=1.82758e+06   simsec/sec=10276   ev/simsec=177.849
     Messages:  created: 82926595   present: 0   in FES: 0

<!> Simulation time limit reached -- at t=999999s, event #142926596
