** Event #0   t=0   Elapsed: 0.000s (0m 00s)  0% completed  (20% total)
     Speed:     ev/sec=0   simsec/sec=0   ev/simsec=0
     Messages:  created: 3   present: 3   in FES: 4
** Event #1562368   t=16069.420288819498   Elapsed: 2.000s (0m 02s)  1% completed  (20% total)
     Speed:     ev/sec=781184   simsec/sec=8034.71   ev/simsec=97.2262
     Messages:  created: 937461   present: 88   in FES: 88
** Event #3124224   t=32088.919707636942   Elapsed: 4.000s (0m 04s)  3% completed  (20% total)
     Speed:     ev/sec=780928   simsec/sec=8009.75   ev/simsec=97.4972
     Messages:  created: 1874544   present: 82   in FES: 82
** Event #4690176   t=48158.743182591713   Elapsed: 6.000s (0m 06s)  4% completed  (20% total)
     Speed:     ev/sec=782976   simsec/sec=8034.91   ev/simsec=97.4467
     Messages:  created: 2814108   present: 94   in FES: 94
** Event #6258432   t=64233.390929556549   Elapsed: 8.000s (0m 08s)  6% completed  (21% total)
     Speed:     ev/sec=784128   simsec/sec=8037.32   ev/simsec=97.5608
     Messages:  created: 3755021   present: 80   in FES: 80
** Event #7828736   t=80311.943121361687   Elapsed: 10.000s (0m 10s)  8% completed  (21% total)
     Speed:     ev/sec=785152   simsec/sec=8039.28   ev/simsec=97.6645
     Messages:  created: 4697187   present: 98   in FES: 98
** Event #9401856   t=96454.30262175264   Elapsed: 12.000s (0m 12s)  9% completed  (21% total)
     Speed:     ev/sec=786560   simsec/sec=8071.18   ev/simsec=97.4529
     Messages:  created: 5641024   present: 74   in FES: 74
** Event #10978560   t=112614.339648683149   Elapsed: 14.001s (0m 14s)  11% completed  (22% total)
     Speed:     ev/sec=788352   simsec/sec=8080.02   ev/simsec=97.5681
     Messages:  created: 6587023   present: 82   in FES: 82
** Event #12543744   t=128701.670156029319   Elapsed: 16.001s (0m 16s)  12% completed  (22% total)
     Speed:     ev/sec=782592   simsec/sec=8043.67   ev/simsec=97.293
     Messages:  created: 7526107   present: 79   in FES: 79
** Event #14148352   t=145108.653477288527   Elapsed: 18.001s (0m 18s)  14% completed  (22% total)
     Speed:     ev/sec=802304   simsec/sec=8203.49   ev/simsec=97.8003
     Messages:  created: 8488839   present: 79   in FES: 79
** Event #15752960   t=161565.838678508427   Elapsed: 20.001s (0m 20s)  16% completed  (23% total)
     Speed:     ev/sec=802304   simsec/sec=8228.59   ev/simsec=97.502
     Messages:  created: 9451582   present: 88   in FES: 88
** Event #17357824   t=178006.074349302864   Elapsed: 22.002s (0m 22s)  17% completed  (23% total)
     Speed:     ev/sec=802432   simsec/sec=8220.12   ev/simsec=97.6181
     Messages:  created: 10414451   present: 63   in FES: 63
** Event #18961664   t=194486.402875794904   Elapsed: 24.002s (0m 24s)  19% completed  (23% total)
     Speed:     ev/sec=801920   simsec/sec=8240.16   ev/simsec=97.3184
     Messages:  created: 11376745   present: 73   in FES: 73
** Event #20553728   t=210792.335416109113   Elapsed: 26.002s (0m 26s)  21% completed  (24% total)
     Speed:     ev/sec=796032   simsec/sec=8152.97   ev/simsec=97.6371
     Messages:  created: 12331974   present: 84   in FES: 84
** Event #22193920   t=227599.770573753032   Elapsed: 28.002s (0m 28s)  22% completed  (24% total)
     Speed:     ev/sec=820096   simsec/sec=8403.72   ev/simsec=97.5873
     Messages:  created: 13316071   present: 74   in FES: 74
** Event #23834112   t=244466.021923161159   Elapsed: 30.002s (0m 30s)  24% completed  (24% total)
     Speed:     ev/sec=820096   simsec/sec=8433.13   ev/simsec=97.247
     Messages:  created: 14300186   present: 96   in FES: 96
** Event #25473536   t=261298.318080783244   Elapsed: 32.002s (0m 32s)  26% completed  (25% total)
     Speed:     ev/sec=819712   simsec/sec=8416.15   ev/simsec=97.3975
     Messages:  created: 15283799   present: 90   in FES: 90
** Event #27112960   t=278058.877973341961   Elapsed: 34.003s (0m 34s)  27% completed  (25% total)
     Speed:     ev/sec=819712   simsec/sec=8380.28   ev/simsec=97.8144
     Messages:  created: 16267419   present: 71   in FES: 71
** Event #28752128   t=294872.912677875158   Elapsed: 36.003s (0m 36s)  29% completed  (25% total)
     Speed:     ev/sec=819584   simsec/sec=8407.02   ev/simsec=97.4881
     Messages:  created: 17250903   present: 82   in FES: 82
** Event #30391296   t=311620.394186690969   Elapsed: 38.003s (0m 38s)  31% completed  (26% total)
     Speed:     ev/sec=819584   simsec/sec=8373.74   ev/simsec=97.8755
     Messages:  created: 18234370   present: 80   in FES: 80
** Event #32031232   t=328432.136577172431   Elapsed: 40.003s (0m 40s)  32% completed  (26% total)
     Speed:     ev/sec=819968   simsec/sec=8405.87   ev/simsec=97.5471
     Messages:  created: 19218309   present: 72   in FES: 72
** Event #33670656   t=345234.853338176725   Elapsed: 42.004s (0m 42s)  34% completed  (26% total)
     Speed:     ev/sec=819712   simsec/sec=8401.36   ev/simsec=97.569
     Messages:  created: 20201938   present: 72   in FES: 72
** Event #35309824   t=362049.756458971519   Elapsed: 44.004s (0m 44s)  36% completed  (27% total)
     Speed:     ev/sec=819584   simsec/sec=8407.45   ev/simsec=97.483
     Messages:  created: 21185429   present: 89   in FES: 89
** Event #36949504   t=378865.015651738865   Elapsed: 46.004s (0m 46s)  37% completed  (27% total)
     Speed:     ev/sec=819840   simsec/sec=8407.63   ev/simsec=97.5114
     Messages:  created: 22169231   present: 99   in FES: 99
** Event #38592512   t=395661.925740313824   Elapsed: 48.004s (0m 48s)  39% completed  (27% total)
     Speed:     ev/sec=821504   simsec/sec=8398.46   ev/simsec=97.8161
     Messages:  created: 23155000   present: 74   in FES: 74
** Event #40236288   t=412490.793172947247   Elapsed: 50.004s (0m 50s)  41% completed  (28% total)
     Speed:     ev/sec=821888   simsec/sec=8414.43   ev/simsec=97.676
     Messages:  created: 24141259   present: 90   in FES: 90
** Event #41879552   t=429360.390463593744   Elapsed: 52.004s (0m 52s)  42% completed  (28% total)
     Speed:     ev/sec=821632   simsec/sec=8434.8   ev/simsec=97.4098
     Messages:  created: 25127201   present: 104   in FES: 104
** Event #43522560   t=446204.036593132035   Elapsed: 54.004s (0m 54s)  44% completed  (28% total)
     Speed:     ev/sec=821504   simsec/sec=8421.82   ev/simsec=97.5447
     Messages:  created: 26112956   present: 78   in FES: 78
** Event #45165312   t=462968.639867488267   Elapsed: 56.004s (0m 56s)  46% completed  (29% total)
     Speed:     ev/sec=821376   simsec/sec=8382.3   ev/simsec=97.9893
     Messages:  created: 27098573   present: 69   in FES: 69
** Event #46808832   t=479837.528936889022   Elapsed: 58.005s (0m 58s)  47% completed  (29% total)
     Speed:     ev/sec=821760   simsec/sec=8434.44   ev/simsec=97.4291
     Messages:  created: 28084668   present: 86   in FES: 86
** Event #48452352   t=496701.394536885753   Elapsed: 60.005s (1m 00s)  49% completed  (29% total)
     Speed:     ev/sec=821760   simsec/sec=8431.93   ev/simsec=97.4581
     Messages:  created: 29070755   present: 71   in FES: 71
** Event #50095104   t=513561.22394772247   Elapsed: 62.005s (1m 02s)  51% completed  (30% total)
     Speed:     ev/sec=821376   simsec/sec=8429.91   ev/simsec=97.4359
     Messages:  created: 30056398   present: 80   in FES: 80
** Event #51737856   t=530412.46935707409   Elapsed: 64.005s (1m 04s)  53% completed  (30% total)
     Speed:     ev/sec=821376   simsec/sec=8425.62   ev/simsec=97.4855
     Messages:  created: 31042029   present: 97   in FES: 97
** Event #53380608   t=547244.009346542925   Elapsed: 66.005s (1m 06s)  54% completed  (30% total)
     Speed:     ev/sec=821376   simsec/sec=8415.77   ev/simsec=97.5996
     Messages:  created: 32027650   present: 88   in FES: 88
** Event #55023104   t=564163.971124765056   Elapsed: 68.005s (1m 08s)  56% completed  (31% total)
     Speed:     ev/sec=821248   simsec/sec=8459.98   ev/simsec=97.0745
     Messages:  created: 33013104   present: 74   in FES: 74
** Event #56665856   t=580982.854735773084   Elapsed: 70.005s (1m 10s)  58% completed  (31% total)
     Speed:     ev/sec=821376   simsec/sec=8409.44   ev/simsec=97.6731
     Messages:  created: 33998731   present: 83   in FES: 83
** Event #58259968   t=597365.509203114647   Elapsed: 72.005s (1m 12s)  59% completed  (31% total)
     Speed:     ev/sec=797056   simsec/sec=8191.33   ev/simsec=97.3049
     Messages:  created: 34955182   present: 84   in FES: 84
** Event #59860992   t=613753.731098971085   Elapsed: 74.006s (1m 14s)  61% completed  (32% total)
     Speed:     ev/sec=800512   simsec/sec=8194.11   ev/simsec=97.6936
     Messages:  created: 35915785   present: 89   in FES: 89
** Event #61461504   t=630210.498981855413   Elapsed: 76.006s (1m 16s)  63% completed  (32% total)
     Speed:     ev/sec=800256   simsec/sec=8228.38   ev/simsec=97.2555
     Messages:  created: 36876059   present: 66   in FES: 66
** Event #63062528   t=646657.065018873879   Elapsed: 78.006s (1m 18s)  64% completed  (32% total)
     Speed:     ev/sec=800512   simsec/sec=8223.28   ev/simsec=97.347
     Messages:  created: 37836656   present: 86   in FES: 86
** Event #64663552   t=663039.895890605417   Elapsed: 80.006s (1m 20s)  66% completed  (33% total)
     Speed:     ev/sec=800512   simsec/sec=8191.42   ev/simsec=97.7257
     Messages:  created: 38797240   present: 82   in FES: 82
** Event #66264576   t=679453.73685361489   Elapsed: 82.006s (1m 22s)  67% completed  (33% total)
     Speed:     ev/sec=800512   simsec/sec=8206.92   ev/simsec=97.5411
     Messages:  created: 39757818   present: 52   in FES: 52
** Event #67833088   t=695533.626303181921   Elapsed: 84.007s (1m 24s)  69% completed  (33% total)
     Speed:     ev/sec=784256   simsec/sec=8039.94   ev/simsec=97.5449
     Messages:  created: 40698916   present: 78   in FES: 78
** Event #69414400   t=711795.46091311418   Elapsed: 86.007s (1m 26s)  71% completed  (34% total)
     Speed:     ev/sec=790656   simsec/sec=8130.92   ev/simsec=97.2407
     Messages:  created: 41647691   present: 98   in FES: 98
** Event #70995968   t=727975.297965694751   Elapsed: 88.007s (1m 28s)  72% completed  (34% total)
     Speed:     ev/sec=790784   simsec/sec=8089.92   ev/simsec=97.7493
     Messages:  created: 42596618   present: 108   in FES: 108
** Event #72577536   t=744218.417935824218   Elapsed: 90.007s (1m 30s)  74% completed  (34% total)
     Speed:     ev/sec=790784   simsec/sec=8121.56   ev/simsec=97.3685
     Messages:  created: 43545493   present: 64   in FES: 64
** Event #74158080   t=760437.541973906715   Elapsed: 92.007s (1m 32s)  76% completed  (35% total)
     Speed:     ev/sec=790272   simsec/sec=8109.56   ev/simsec=97.4494
     Messages:  created: 44493824   present: 110   in FES: 110
** Event #75739392   t=776656.713793709176   Elapsed: 94.007s (1m 34s)  77% completed  (35% total)
     Speed:     ev/sec=790656   simsec/sec=8109.59   ev/simsec=97.4965
     Messages:  created: 45442576   present: 82   in FES: 82
** Event #77321472   t=792911.255854031962   Elapsed: 96.007s (1m 36s)  79% completed  (35% total)
     Speed:     ev/sec=791040   simsec/sec=8127.27   ev/simsec=97.3316
     Messages:  created: 46391795   present: 78   in FES: 78
** Event #78902784   t=809124.393014296535   Elapsed: 98.008s (1m 38s)  80% completed  (36% total)
     Speed:     ev/sec=790656   simsec/sec=8106.57   ev/simsec=97.5328
     Messages:  created: 47340550   present: 84   in FES: 84
** Event #80484096   t=825335.084774976302   Elapsed: 100.008s (1m 40s)  82% completed  (36% total)
     Speed:     ev/sec=790656   simsec/sec=8105.35   ev/simsec=97.5475
     Messages:  created: 48289330   present: 96   in FES: 96
** Event #82064640   t=841521.344840629807   Elapsed: 102.008s (1m 42s)  84% completed  (36% total)
     Speed:     ev/sec=790272   simsec/sec=8093.13   ev/simsec=97.6473
     Messages:  created: 49237644   present: 98   in FES: 98
** Event #83645696   t=857748.494961405922   Elapsed: 104.008s (1m 44s)  85% completed  (37% total)
     Speed:     ev/sec=790528   simsec/sec=8113.58   ev/simsec=97.4328
     Messages:  created: 50186248   present: 82   in FES: 82
** Event #85227520   t=873985.132398196032   Elapsed: 106.008s (1m 46s)  87% completed  (37% total)
     Speed:     ev/sec=790912   simsec/sec=8118.32   ev/simsec=97.4231
     Messages:  created: 51135327   present: 94   in FES: 94
** Event #86809344   t=890199.962424043027   Elapsed: 108.009s (1m 48s)  89% completed  (37% total)
     Speed:     ev/sec=790912   simsec/sec=8107.42   ev/simsec=97.5542
     Messages:  created: 52084376   present: 70   in FES: 70
** Event #88390144   t=906418.883961951466   Elapsed: 110.009s (1m 50s)  90% completed  (38% total)
     Speed:     ev/sec=790400   simsec/sec=8109.46   ev/simsec=97.4664
     Messages:  created: 53032837   present: 69   in FES: 69
** Event #89971456   t=922645.567804134018   Elapsed: 112.009s (1m 52s)  92% completed  (38% total)
     Speed:     ev/sec=790656   simsec/sec=8113.34   ev/simsec=97.4513
     Messages:  created: 53981598   present: 72   in FES: 72
** Event #91688704   t=940285.633364643833   Elapsed: 114.009s (1m 54s)  94% completed  (38% total)
     Speed:     ev/sec=858624   simsec/sec=8820.03   ev/simsec=97.3493
     Messages:  created: 55011922   present: 96   in FES: 96
** Event #93364992   t=957510.049693344019   Elapsed: 116.009s (1m 56s)  95% completed  (39% total)
     Speed:     ev/sec=838144   simsec/sec=8612.21   ev/simsec=97.3205
     Messages:  created: 56017638   present: 72   in FES: 72
** Event #95066880   t=974976.658326347498   Elapsed: 118.009s (1m 58s)  97% completed  (39% total)
     Speed:     ev/sec=850944   simsec/sec=8733.3   ev/simsec=97.4367
     Messages:  created: 57038752   present: 78   in FES: 78
** Event #96776448   t=992525.936974368186   Elapsed: 120.010s (2m 00s)  99% completed  (39% total)
     Speed:     ev/sec=854784   simsec/sec=8774.64   ev/simsec=97.4153
     Messages:  created: 58064499   present: 111   in FES: 111
** Event #97507638   t=999999   Elapsed: 120.906s (2m 00s)  100% completed  (40% total)
     Speed:     ev/sec=816059   simsec/sec=8340.42   ev/simsec=97.8439
     Messages:  created: 58503184   present: 85   in FES: 85

<!> Simulation time limit reached -- at t=999999s, event #97507638
