** Event #0   t=0   Elapsed: 0.000s (0m 00s)  0% completed  (40% total)
     Speed:     ev/sec=0   simsec/sec=0   ev/simsec=0
     Messages:  created: 3   present: 3   in FES: 4
** Event #1558528   t=63855.692336995933   Elapsed: 2.000s (0m 02s)  6% completed  (41% total)
     Speed:     ev/sec=779264   simsec/sec=31927.8   ev/simsec=24.407
     Messages:  created: 935131   present: 22   in FES: 22
** Event #3116800   t=127658.153921311026   Elapsed: 4.000s (0m 04s)  12% completed  (42% total)
     Speed:     ev/sec=779136   simsec/sec=31901.2   ev/simsec=24.4234
     Messages:  created: 1870098   present: 28   in FES: 28
** Event #4675328   t=191824.069998407358   Elapsed: 6.000s (0m 06s)  19% completed  (43% total)
     Speed:     ev/sec=779264   simsec/sec=32083   ev/simsec=24.289
     Messages:  created: 2805208   present: 18   in FES: 18
** Event #6233344   t=255728.107128229089   Elapsed: 8.000s (0m 08s)  25% completed  (45% total)
     Speed:     ev/sec=779008   simsec/sec=31952   ev/simsec=24.3806
     Messages:  created: 3740026   present: 32   in FES: 32
** Event #7791616   t=319552.020071212999   Elapsed: 10.001s (0m 10s)  31% completed  (46% total)
     Speed:     ev/sec=779136   simsec/sec=31912   ev/simsec=24.4152
     Messages:  created: 4674979   present: 14   in FES: 14
** Event #9349632   t=383572.593698160274   Elapsed: 12.001s (0m 12s)  38% completed  (47% total)
     Speed:     ev/sec=779008   simsec/sec=32010.3   ev/simsec=24.3362
     Messages:  created: 5609791   present: 18   in FES: 18
** Event #10907136   t=447355.96051770317   Elapsed: 14.001s (0m 14s)  44% completed  (48% total)
     Speed:     ev/sec=778752   simsec/sec=31891.7   ev/simsec=24.4187
     Messages:  created: 6544293   present: 17   in FES: 17
** Event #12464896   t=511403.955500889116   Elapsed: 16.001s (0m 16s)  51% completed  (50% total)
     Speed:     ev/sec=778880   simsec/sec=32024   ev/simsec=24.3218
     Messages:  created: 7478949   present: 17   in FES: 17
** Event #14023168   t=575379.56848948212   Elapsed: 18.001s (0m 18s)  57% completed  (51% total)
     Speed:     ev/sec=779136   simsec/sec=31987.8   ev/simsec=24.3573
     Messages:  created: 8413915   present: 22   in FES: 22
** Event #15581440   t=639493.206128788516   Elapsed: 20.002s (0m 20s)  63% completed  (52% total)
     Speed:     ev/sec=779136   simsec/sec=32056.8   ev/simsec=24.3048
     Messages:  created: 9348877   present: 20   in FES: 20
** Event #17139456   t=703381.018807562718   Elapsed: 22.002s (0m 22s)  70% completed  (54% total)
     Speed:     ev/sec=779008   simsec/sec=31943.9   ev/simsec=24.3867
     Messages:  created: 10283689   present: 24   in FES: 24
** Event #18697472   t=767227.069371013185   Elapsed: 24.002s (0m 24s)  76% completed  (55% total)
     Speed:     ev/sec=779008   simsec/sec=31923   ev/simsec=24.4027
     Messages:  created: 11218501   present: 28   in FES: 28
** Event #20255488   t=830928.612522297867   Elapsed: 26.002s (0m 26s)  83% completed  (56% total)
     Speed:     ev/sec=779008   simsec/sec=31850.8   ev/simsec=24.4581
     Messages:  created: 12153301   present: 12   in FES: 12
** Event #21812736   t=894806.822698059584   Elapsed: 28.003s (0m 28s)  89% completed  (57% total)
     Speed:     ev/sec=778624   simsec/sec=31939.1   ev/simsec=24.3784
     Messages:  created: 13087656   present: 22   in FES: 22
** Event #23371008   t=958706.951128628449   Elapsed: 30.003s (0m 30s)  95% completed  (59% total)
     Speed:     ev/sec=779136   simsec/sec=31950.1   ev/simsec=24.3861
     Messages:  created: 14022621   present: 25   in FES: 25
** Event #24375967   t=999999   Elapsed: 31.293s (0m 31s)  100% completed  (60% total)
     Speed:     ev/sec=779037   simsec/sec=32009.3   ev/simsec=24.3378
     Messages:  created: 14625597   present: 27   in FES: 27

<!> Simulation time limit reached -- at t=999999s, event #24375967
