** Event #0   t=0   Elapsed: 0.000s (0m 00s)  0% completed  (0% total)
     Speed:     ev/sec=0   simsec/sec=0   ev/simsec=0
     Messages:  created: 3   present: 3   in FES: 4
** Event #1533440   t=10259.363290648306   Elapsed: 2.000s (0m 02s)  1% completed  (0% total)
     Speed:     ev/sec=766720   simsec/sec=5129.68   ev/simsec=149.467
     Messages:  created: 910428   present: 106   in FES: 106
** Event #3066624   t=20504.14222317163   Elapsed: 4.000s (0m 04s)  2% completed  (0% total)
     Speed:     ev/sec=766592   simsec/sec=5122.39   ev/simsec=149.655
     Messages:  created: 1820361   present: 133   in FES: 133
** Event #4600064   t=30741.500156914539   Elapsed: 6.000s (0m 06s)  3% completed  (0% total)
     Speed:     ev/sec=766720   simsec/sec=5118.68   ev/simsec=149.789
     Messages:  created: 2730184   present: 134   in FES: 134
** Event #6136320   t=41018.841722960769   Elapsed: 8.000s (0m 08s)  4% completed  (0% total)
     Speed:     ev/sec=768128   simsec/sec=5138.67   ev/simsec=149.48
     Messages:  created: 3642279   present: 122   in FES: 122
** Event #7674112   t=51300.71320308241   Elapsed: 10.001s (0m 10s)  5% completed  (1% total)
     Speed:     ev/sec=768896   simsec/sec=5140.94   ev/simsec=149.563
     Messages:  created: 4555235   present: 138   in FES: 138
** Event #9213184   t=61586.480859866103   Elapsed: 12.001s (0m 12s)  6% completed  (1% total)
     Speed:     ev/sec=769536   simsec/sec=5142.88   ev/simsec=149.631
     Messages:  created: 5468620   present: 130   in FES: 130
** Event #10753536   t=71891.677862515548   Elapsed: 14.001s (0m 14s)  7% completed  (1% total)
     Speed:     ev/sec=770176   simsec/sec=5152.6   ev/simsec=149.473
     Messages:  created: 6382963   present: 122   in FES: 122
** Event #12294912   t=82204.068734219934   Elapsed: 16.001s (0m 16s)  8% completed  (1% total)
     Speed:     ev/sec=770688   simsec/sec=5156.2   ev/simsec=149.468
     Messages:  created: 7298204   present: 106   in FES: 106
** Event #13838848   t=92559.235776847539   Elapsed: 18.001s (0m 18s)  9% completed  (1% total)
     Speed:     ev/sec=771968   simsec/sec=5177.58   ev/simsec=149.098
     Messages:  created: 8214712   present: 134   in FES: 134
** Event #15384832   t=102910.520707850229   Elapsed: 20.001s (0m 20s)  10% completed  (2% total)
     Speed:     ev/sec=772992   simsec/sec=5175.64   ev/simsec=149.352
     Messages:  created: 9132314   present: 104   in FES: 104
** Event #16933120   t=113273.261076320598   Elapsed: 22.002s (0m 22s)  11% completed  (2% total)
     Speed:     ev/sec=774144   simsec/sec=5181.37   ev/simsec=149.409
     Messages:  created: 10051542   present: 92   in FES: 92
** Event #18484224   t=123631.316671044578   Elapsed: 24.002s (0m 24s)  12% completed  (2% total)
     Speed:     ev/sec=775552   simsec/sec=5179.03   ev/simsec=149.749
     Messages:  created: 10972547   present: 127   in FES: 127
** Event #20037120   t=134028.96327233906   Elapsed: 26.002s (0m 26s)  13% completed  (2% total)
     Speed:     ev/sec=776448   simsec/sec=5198.82   ev/simsec=149.351
     Messages:  created: 11894691   present: 123   in FES: 123
** Event #21594112   t=144443.369657024484   Elapsed: 28.002s (0m 28s)  14% completed  (2% total)
     Speed:     ev/sec=778496   simsec/sec=5207.2   ev/simsec=149.504
     Messages:  created: 12818784   present: 118   in FES: 118
** Event #23152896   t=154871.699970833999   Elapsed: 30.002s (0m 30s)  15% completed  (3% total)
     Speed:     ev/sec=779392   simsec/sec=5214.17   ev/simsec=149.476
     Messages:  created: 13743719   present: 118   in FES: 118
** Event #24713216   t=165308.455524309815   Elapsed: 32.002s (0m 32s)  16% completed  (3% total)
     Speed:     ev/sec=780160   simsec/sec=5218.38   ev/simsec=149.502
     Messages:  created: 14670332   present: 122   in FES: 122
** Event #26276352   t=175747.278773198443   Elapsed: 34.003s (0m 34s)  17% completed  (3% total)
     Speed:     ev/sec=781568   simsec/sec=5219.41   ev/simsec=149.743
     Messages:  created: 15598549   present: 125   in FES: 125
** Event #27842816   t=186203.994004024564   Elapsed: 36.003s (0m 36s)  18% completed  (3% total)
     Speed:     ev/sec=783232   simsec/sec=5228.36   ev/simsec=149.805
     Messages:  created: 16528077   present: 105   in FES: 105
** Event #29409280   t=196658.359696834934   Elapsed: 38.003s (0m 38s)  19% completed  (3% total)
     Speed:     ev/sec=783232   simsec/sec=5227.18   ev/simsec=149.838
     Messages:  created: 17457879   present: 127   in FES: 127
** Event #30977536   t=207137.147365513984   Elapsed: 40.003s (0m 40s)  20% completed  (4% total)
     Speed:     ev/sec=784128   simsec/sec=5239.39   ev/simsec=149.66
     Messages:  created: 18388844   present: 110   in FES: 110
** Event #32547584   t=217629.392100413315   Elapsed: 42.003s (0m 42s)  21% completed  (4% total)
     Speed:     ev/sec=785024   simsec/sec=5246.12   ev/simsec=149.639
     Messages:  created: 19320721   present: 105   in FES: 105
** Event #34118400   t=228144.113207895842   Elapsed: 44.003s (0m 44s)  22% completed  (4% total)
     Speed:     ev/sec=785408   simsec/sec=5257.36   ev/simsec=149.392
     Messages:  created: 20253520   present: 122   in FES: 122
** Event #35690496   t=238651.951132955188   Elapsed: 46.003s (0m 46s)  23% completed  (4% total)
     Speed:     ev/sec=786048   simsec/sec=5253.92   ev/simsec=149.612
     Messages:  created: 21186775   present: 123   in FES: 123
** Event #37265408   t=249164.988539739441   Elapsed: 48.003s (0m 48s)  24% completed  (4% total)
     Speed:     ev/sec=787456   simsec/sec=5256.52   ev/simsec=149.806
     Messages:  created: 22121592   present: 134   in FES: 134
** Event #38838272   t=259702.636399836717   Elapsed: 50.004s (0m 50s)  25% completed  (5% total)
     Speed:     ev/sec=786432   simsec/sec=5268.82   ev/simsec=149.261
     Messages:  created: 23055218   present: 120   in FES: 120
** Event #40409344   t=270174.035431053216   Elapsed: 52.004s (0m 52s)  27% completed  (5% total)
     Speed:     ev/sec=785536   simsec/sec=5235.7   ev/simsec=150.035
     Messages:  created: 23987501   present: 128   in FES: 128
** Event #41981696   t=280708.892758061334   Elapsed: 54.004s (0m 54s)  28% completed  (5% total)
     Speed:     ev/sec=786176   simsec/sec=5267.43   ev/simsec=149.252
     Messages:  created: 24921265   present: 104   in FES: 104
** Event #43554048   t=291213.021869496065   Elapsed: 56.004s (0m 56s)  29% completed  (5% total)
     Speed:     ev/sec=786176   simsec/sec=5252.06   ev/simsec=149.689
     Messages:  created: 25854614   present: 132   in FES: 132
** Event #45126656   t=301733.498882498457   Elapsed: 58.004s (0m 58s)  30% completed  (6% total)
     Speed:     ev/sec=786304   simsec/sec=5260.24   ev/simsec=149.481
     Messages:  created: 26788085   present: 113   in FES: 113
** Event #46699520   t=312257.003068198758   Elapsed: 60.004s (1m 00s)  31% completed  (6% total)
     Speed:     ev/sec=786432   simsec/sec=5261.75   ev/simsec=149.462
     Messages:  created: 27721924   present: 122   in FES: 122
** Event #48270848   t=322763.789033510733   Elapsed: 62.005s (1m 02s)  32% completed  (6% total)
     Speed:     ev/sec=785664   simsec/sec=5253.39   ev/simsec=149.554
     Messages:  created: 28654875   present: 127   in FES: 127
** Event #49842944   t=333235.763345409664   Elapsed: 64.005s (1m 04s)  33% completed  (6% total)
     Speed:     ev/sec=786048   simsec/sec=5235.99   ev/simsec=150.124
     Messages:  created: 29587899   present: 135   in FES: 135
** Event #51415040   t=343756.38810376234   Elapsed: 66.005s (1m 06s)  34% completed  (6% total)
     Speed:     ev/sec=786048   simsec/sec=5260.31   ev/simsec=149.43
     Messages:  created: 30521021   present: 120   in FES: 120
** Event #52987392   t=354279.346033798737   Elapsed: 68.005s (1m 08s)  35% completed  (7% total)
     Speed:     ev/sec=786176   simsec/sec=5261.48   ev/simsec=149.421
     Messages:  created: 31454697   present: 141   in FES: 141
** Event #54550784   t=364733.470253560544   Elapsed: 70.005s (1m 10s)  36% completed  (7% total)
     Speed:     ev/sec=781696   simsec/sec=5227.06   ev/simsec=149.548
     Messages:  created: 32382666   present: 128   in FES: 128
** Event #56121600   t=375250.698547310133   Elapsed: 72.005s (1m 12s)  37% completed  (7% total)
     Speed:     ev/sec=785408   simsec/sec=5258.61   ev/simsec=149.356
     Messages:  created: 33315252   present: 146   in FES: 146
** Event #57693184   t=385760.119101556368   Elapsed: 74.005s (1m 14s)  38% completed  (7% total)
     Speed:     ev/sec=785792   simsec/sec=5254.71   ev/simsec=149.54
     Messages:  created: 34248227   present: 98   in FES: 98
** Event #59262976   t=396260.32657602077   Elapsed: 76.005s (1m 16s)  39% completed  (7% total)
     Speed:     ev/sec=784896   simsec/sec=5250.1   ev/simsec=149.501
     Messages:  created: 35179928   present: 122   in FES: 122
** Event #60832768   t=406762.939201669864   Elapsed: 78.006s (1m 18s)  40% completed  (8% total)
     Speed:     ev/sec=784896   simsec/sec=5251.31   ev/simsec=149.467
     Messages:  created: 36112021   present: 141   in FES: 141
** Event #62403072   t=417305.703535989351   Elapsed: 80.006s (1m 20s)  41% completed  (8% total)
     Speed:     ev/sec=785152   simsec/sec=5271.38   ev/simsec=148.946
     Messages:  created: 37044038   present: 128   in FES: 128
** Event #63972864   t=427838.298344858691   Elapsed: 82.006s (1m 22s)  42% completed  (8% total)
     Speed:     ev/sec=784896   simsec/sec=5266.3   ev/simsec=149.041
     Messages:  created: 37976046   present: 140   in FES: 140
** Event #65543168   t=438377.606906405625   Elapsed: 84.006s (1m 24s)  43% completed  (8% total)
     Speed:     ev/sec=785152   simsec/sec=5269.65   ev/simsec=148.995
     Messages:  created: 38908171   present: 114   in FES: 114
** Event #67112704   t=448877.659382971278   Elapsed: 86.006s (1m 26s)  44% completed  (8% total)
     Speed:     ev/sec=784768   simsec/sec=5250.03   ev/simsec=149.479
     Messages:  created: 39840150   present: 124   in FES: 124
** Event #68682496   t=459395.809877147528   Elapsed: 88.006s (1m 28s)  45% completed  (9% total)
     Speed:     ev/sec=784896   simsec/sec=5259.08   ev/simsec=149.246
     Messages:  created: 40771906   present: 120   in FES: 120
** Event #70252800   t=469892.94817786475   Elapsed: 90.007s (1m 30s)  46% completed  (9% total)
     Speed:     ev/sec=785152   simsec/sec=5248.57   ev/simsec=149.594
     Messages:  created: 41703956   present: 102   in FES: 102
** Event #71821824   t=480360.871848532389   Elapsed: 92.007s (1m 32s)  48% completed  (9% total)
     Speed:     ev/sec=784512   simsec/sec=5233.96   ev/simsec=149.889
     Messages:  created: 42635377   present: 121   in FES: 121
** Event #73391872   t=490874.209266367686   Elapsed: 94.007s (1m 34s)  49% completed  (9% total)
     Speed:     ev/sec=785024   simsec/sec=5256.67   ev/simsec=149.339
     Messages:  created: 43567625   present: 112   in FES: 112
** Event #74961920   t=501381.330095098326   Elapsed: 96.007s (1m 36s)  50% completed  (10% total)
     Speed:     ev/sec=785024   simsec/sec=5253.56   ev/simsec=149.427
     Messages:  created: 44499449   present: 108   in FES: 108
** Event #76531968   t=511927.824954587325   Elapsed: 98.007s (1m 38s)  51% completed  (10% total)
     Speed:     ev/sec=785024   simsec/sec=5273.25   ev/simsec=148.869
     Messages:  created: 45431901   present: 133   in FES: 133
** Event #78102272   t=522413.033505797951   Elapsed: 100.007s (1m 40s)  52% completed  (10% total)
     Speed:     ev/sec=785152   simsec/sec=5242.6   ev/simsec=149.764
     Messages:  created: 46363839   present: 142   in FES: 142
** Event #79671296   t=532895.657674274446   Elapsed: 102.007s (1m 42s)  53% completed  (10% total)
     Speed:     ev/sec=784512   simsec/sec=5241.31   ev/simsec=149.679
     Messages:  created: 47295487   present: 127   in FES: 127
** Event #81241600   t=543434.084372680947   Elapsed: 104.007s (1m 44s)  54% completed  (10% total)
     Speed:     ev/sec=785152   simsec/sec=5269.21   ev/simsec=149.007
     Messages:  created: 48228059   present: 90   in FES: 90
** Event #82812416   t=553979.088561032815   Elapsed: 106.008s (1m 46s)  55% completed  (11% total)
     Speed:     ev/sec=785408   simsec/sec=5272.5   ev/simsec=148.963
     Messages:  created: 49160628   present: 122   in FES: 122
** Event #84382976   t=564485.20844069108   Elapsed: 108.008s (1m 48s)  56% completed  (11% total)
     Speed:     ev/sec=785280   simsec/sec=5253.06   ev/simsec=149.49
     Messages:  created: 50092860   present: 146   in FES: 146
** Event #85953024   t=575001.421667897496   Elapsed: 110.008s (1m 50s)  57% completed  (11% total)
     Speed:     ev/sec=785024   simsec/sec=5258.11   ev/simsec=149.298
     Messages:  created: 51024672   present: 126   in FES: 126
** Event #87521792   t=585460.607196036595   Elapsed: 112.008s (1m 52s)  58% completed  (11% total)
     Speed:     ev/sec=784384   simsec/sec=5229.59   ev/simsec=149.989
     Messages:  created: 51955681   present: 117   in FES: 117
** Event #89091840   t=595979.629659633051   Elapsed: 114.008s (1m 54s)  59% completed  (11% total)
     Speed:     ev/sec=785024   simsec/sec=5259.51   ev/simsec=149.258
     Messages:  created: 52887993   present: 117   in FES: 117
** Event #90662400   t=606510.714767327571   Elapsed: 116.008s (1m 56s)  60% completed  (12% total)
     Speed:     ev/sec=785280   simsec/sec=5265.54   ev/simsec=149.136
     Messages:  created: 53820220   present: 98   in FES: 98
** Event #92232704   t=617026.380741160564   Elapsed: 118.008s (1m 58s)  61% completed  (12% total)
     Speed:     ev/sec=785152   simsec/sec=5257.83   ev/simsec=149.33
     Messages:  created: 54752681   present: 120   in FES: 120
** Event #93802752   t=627541.998838593226   Elapsed: 120.009s (2m 00s)  62% completed  (12% total)
     Speed:     ev/sec=785024   simsec/sec=5257.81   ev/simsec=149.306
     Messages:  created: 55684767   present: 115   in FES: 115
** Event #95372288   t=638042.037824544198   Elapsed: 122.009s (2m 02s)  63% completed  (12% total)
     Speed:     ev/sec=784768   simsec/sec=5250.02   ev/simsec=149.479
     Messages:  created: 56616724   present: 126   in FES: 126
** Event #96963840   t=648684.417292152281   Elapsed: 124.009s (2m 04s)  64% completed  (12% total)
     Speed:     ev/sec=795776   simsec/sec=5321.19   ev/simsec=149.549
     Messages:  created: 57561255   present: 107   in FES: 107
** Event #98545664   t=659271.217481270921   Elapsed: 126.009s (2m 06s)  65% completed  (13% total)
     Speed:     ev/sec=790912   simsec/sec=5293.4   ev/simsec=149.415
     Messages:  created: 58500442   present: 132   in FES: 132
** Event #100118016   t=669791.0821329201   Elapsed: 128.009s (2m 08s)  66% completed  (13% total)
     Speed:     ev/sec=786176   simsec/sec=5259.93   ev/simsec=149.465
     Messages:  created: 59433745   present: 113   in FES: 113
** Event #101697792   t=680353.020869541778   Elapsed: 130.009s (2m 10s)  68% completed  (13% total)
     Speed:     ev/sec=789888   simsec/sec=5280.97   ev/simsec=149.573
     Messages:  created: 60371629   present: 105   in FES: 105
** Event #103272448   t=690898.155208218866   Elapsed: 132.009s (2m 12s)  69% completed  (13% total)
     Speed:     ev/sec=787328   simsec/sec=5272.57   ev/simsec=149.325
     Messages:  created: 61306463   present: 118   in FES: 118
** Event #104982272   t=702345.867000483801   Elapsed: 134.010s (2m 14s)  70% completed  (14% total)
     Speed:     ev/sec=854912   simsec/sec=5723.86   ev/simsec=149.359
     Messages:  created: 62321299   present: 123   in FES: 123
** Event #106624256   t=713322.951292604281   Elapsed: 136.010s (2m 16s)  71% completed  (14% total)
     Speed:     ev/sec=820992   simsec/sec=5488.54   ev/simsec=149.583
     Messages:  created: 63295862   present: 140   in FES: 140
** Event #108230912   t=724058.391624049301   Elapsed: 138.010s (2m 18s)  72% completed  (14% total)
     Speed:     ev/sec=803328   simsec/sec=5367.72   ev/simsec=149.659
     Messages:  created: 64249458   present: 108   in FES: 108
** Event #109836544   t=734787.057705062613   Elapsed: 140.010s (2m 20s)  73% completed  (14% total)
     Speed:     ev/sec=802816   simsec/sec=5364.33   ev/simsec=149.658
     Messages:  created: 65202356   present: 114   in FES: 114
** Event #111385856   t=745170.758731591403   Elapsed: 142.010s (2m 22s)  74% completed  (14% total)
     Speed:     ev/sec=774656   simsec/sec=5191.85   ev/simsec=149.206
     Messages:  created: 66121981   present: 125   in FES: 125
** Event #113024768   t=756149.026756403711   Elapsed: 144.010s (2m 24s)  75% completed  (15% total)
     Speed:     ev/sec=819456   simsec/sec=5489.13   ev/simsec=149.287
     Messages:  created: 67095283   present: 123   in FES: 123
** Event #114609664   t=766769.838768887521   Elapsed: 146.011s (2m 26s)  76% completed  (15% total)
     Speed:     ev/sec=792448   simsec/sec=5310.41   ev/simsec=149.226
     Messages:  created: 68036573   present: 121   in FES: 121
** Event #116197120   t=777397.485292833033   Elapsed: 148.011s (2m 28s)  77% completed  (15% total)
     Speed:     ev/sec=793728   simsec/sec=5313.82   ev/simsec=149.37
     Messages:  created: 68979247   present: 119   in FES: 119
** Event #117786880   t=788031.193375991534   Elapsed: 150.011s (2m 30s)  78% completed  (15% total)
     Speed:     ev/sec=794880   simsec/sec=5316.85   ev/simsec=149.502
     Messages:  created: 69922912   present: 126   in FES: 126
** Event #119393280   t=798771.768731626395   Elapsed: 152.011s (2m 32s)  79% completed  (15% total)
     Speed:     ev/sec=803200   simsec/sec=5370.29   ev/simsec=149.564
     Messages:  created: 70876315   present: 118   in FES: 118
** Event #121059584   t=809923.496150202073   Elapsed: 154.012s (2m 34s)  80% completed  (16% total)
     Speed:     ev/sec=833152   simsec/sec=5575.86   ev/simsec=149.421
     Messages:  created: 71865577   present: 124   in FES: 124
** Event #122708224   t=820976.574526622767   Elapsed: 156.012s (2m 36s)  82% completed  (16% total)
     Speed:     ev/sec=824320   simsec/sec=5526.54   ev/simsec=149.157
     Messages:  created: 72844058   present: 124   in FES: 124
** Event #124315392   t=831707.663008567856   Elapsed: 158.012s (2m 38s)  83% completed  (16% total)
     Speed:     ev/sec=803584   simsec/sec=5365.54   ev/simsec=149.767
     Messages:  created: 73798169   present: 141   in FES: 141
** Event #125934080   t=842522.780446457282   Elapsed: 160.012s (2m 40s)  84% completed  (16% total)
     Speed:     ev/sec=809344   simsec/sec=5407.56   ev/simsec=149.669
     Messages:  created: 74759051   present: 118   in FES: 118
** Event #127547136   t=853327.919556310229   Elapsed: 162.012s (2m 42s)  85% completed  (17% total)
     Speed:     ev/sec=806528   simsec/sec=5402.57   ev/simsec=149.286
     Messages:  created: 75716603   present: 115   in FES: 115
** Event #129340416   t=865337.483896424983   Elapsed: 164.012s (2m 44s)  86% completed  (17% total)
     Speed:     ev/sec=896640   simsec/sec=6004.78   ev/simsec=149.321
     Messages:  created: 76781231   present: 102   in FES: 102
** Event #130941952   t=876057.549926224286   Elapsed: 166.012s (2m 46s)  87% completed  (17% total)
     Speed:     ev/sec=800768   simsec/sec=5360.03   ev/simsec=149.396
     Messages:  created: 77732361   present: 120   in FES: 120
** Event #132554752   t=886849.572585716675   Elapsed: 168.012s (2m 48s)  88% completed  (17% total)
     Speed:     ev/sec=806400   simsec/sec=5396.01   ev/simsec=149.444
     Messages:  created: 78689525   present: 141   in FES: 141
** Event #134135040   t=897435.095419613755   Elapsed: 170.013s (2m 50s)  89% completed  (17% total)
     Speed:     ev/sec=790144   simsec/sec=5292.76   ev/simsec=149.288
     Messages:  created: 79627739   present: 135   in FES: 135
** Event #136064512   t=910319.770380048598   Elapsed: 172.013s (2m 52s)  91% completed  (18% total)
     Speed:     ev/sec=964736   simsec/sec=6442.34   ev/simsec=149.749
     Messages:  created: 80773069   present: 116   in FES: 116
** Event #138093312   t=923873.215058604251   Elapsed: 174.013s (2m 54s)  92% completed  (18% total)
     Speed:     ev/sec=1.0144e+06   simsec/sec=6776.72   ev/simsec=149.689
     Messages:  created: 81977333   present: 125   in FES: 125
** Event #139644416   t=934242.623124307644   Elapsed: 176.013s (2m 56s)  93% completed  (18% total)
     Speed:     ev/sec=775552   simsec/sec=5184.7   ev/simsec=149.585
     Messages:  created: 82897963   present: 127   in FES: 127
** Event #141191680   t=944593.440133646034   Elapsed: 178.013s (2m 58s)  94% completed  (18% total)
     Speed:     ev/sec=773632   simsec/sec=5175.41   ev/simsec=149.482
     Messages:  created: 83816234   present: 112   in FES: 112
** Event #142804736   t=955369.328988024878   Elapsed: 180.013s (3m 00s)  95% completed  (19% total)
     Speed:     ev/sec=806528   simsec/sec=5387.94   ev/simsec=149.691
     Messages:  created: 84773804   present: 126   in FES: 126
** Event #144687104   t=967979.35254766422   Elapsed: 182.013s (3m 02s)  96% completed  (19% total)
     Speed:     ev/sec=941184   simsec/sec=6305.01   ev/simsec=149.276
     Messages:  created: 85890893   present: 137   in FES: 137
** Event #146246656   t=978420.003651815736   Elapsed: 184.014s (3m 04s)  97% completed  (19% total)
     Speed:     ev/sec=779776   simsec/sec=5220.33   ev/simsec=149.373
     Messages:  created: 86816481   present: 113   in FES: 113
** Event #147649308   t=999999   Elapsed: 185.664s (3m 05s)  100% completed  (20% total)
     Speed:     ev/sec=850092   simsec/sec=5861.78   ev/simsec=145.023
     Messages:  created: 87649307   present: 0   in FES: 0

<!> Simulation time limit reached -- at t=999999s, event #147649308
