** Event #0   t=0   Elapsed: 0.000s (0m 00s)  0% completed  (0% total)
     Speed:     ev/sec=0   simsec/sec=0   ev/simsec=0
     Messages:  created: 3   present: 3   in FES: 4
** Event #1568256   t=11851.921126645885   Elapsed: 2.000s (0m 02s)  1% completed  (0% total)
     Speed:     ev/sec=784128   simsec/sec=5925.96   ev/simsec=132.321
     Messages:  created: 938082   present: 116   in FES: 116
** Event #3136768   t=23671.94243542757   Elapsed: 4.000s (0m 04s)  2% completed  (0% total)
     Speed:     ev/sec=784256   simsec/sec=5910.01   ev/simsec=132.7
     Messages:  created: 1876184   present: 110   in FES: 110
** Event #4704768   t=35477.22908502925   Elapsed: 6.000s (0m 06s)  3% completed  (0% total)
     Speed:     ev/sec=784000   simsec/sec=5902.64   ev/simsec=132.822
     Messages:  created: 2813705   present: 100   in FES: 100
** Event #6286592   t=47394.190487473712   Elapsed: 8.000s (0m 08s)  4% completed  (0% total)
     Speed:     ev/sec=790912   simsec/sec=5958.48   ev/simsec=132.737
     Messages:  created: 3759762   present: 100   in FES: 100
** Event #7854848   t=59204.924072710371   Elapsed: 10.000s (0m 10s)  5% completed  (1% total)
     Speed:     ev/sec=784128   simsec/sec=5905.37   ev/simsec=132.782
     Messages:  created: 4697630   present: 104   in FES: 104
** Event #9423104   t=71031.34368119127   Elapsed: 12.000s (0m 12s)  7% completed  (1% total)
     Speed:     ev/sec=784128   simsec/sec=5913.21   ev/simsec=132.606
     Messages:  created: 5635307   present: 122   in FES: 122
** Event #10991616   t=82885.785553944575   Elapsed: 14.000s (0m 14s)  8% completed  (1% total)
     Speed:     ev/sec=784256   simsec/sec=5927.22   ev/simsec=132.314
     Messages:  created: 6573406   present: 116   in FES: 116
** Event #12560384   t=94719.665169461924   Elapsed: 16.001s (0m 16s)  9% completed  (1% total)
     Speed:     ev/sec=784384   simsec/sec=5916.94   ev/simsec=132.566
     Messages:  created: 7511822   present: 112   in FES: 112
** Event #14129152   t=106576.78521253002   Elapsed: 18.001s (0m 18s)  10% completed  (2% total)
     Speed:     ev/sec=784384   simsec/sec=5928.56   ev/simsec=132.306
     Messages:  created: 8449983   present: 114   in FES: 114
** Event #15687424   t=118315.772436592227   Elapsed: 20.001s (0m 20s)  11% completed  (2% total)
     Speed:     ev/sec=779136   simsec/sec=5869.49   ev/simsec=132.743
     Messages:  created: 9381979   present: 115   in FES: 115
** Event #17239808   t=129984.609901219187   Elapsed: 22.001s (0m 22s)  12% completed  (2% total)
     Speed:     ev/sec=776192   simsec/sec=5834.42   ev/simsec=133.037
     Messages:  created: 10310352   present: 114   in FES: 114
** Event #18792704   t=141665.610600842079   Elapsed: 24.001s (0m 24s)  14% completed  (2% total)
     Speed:     ev/sec=776448   simsec/sec=5840.5   ev/simsec=132.942
     Messages:  created: 11238845   present: 92   in FES: 92
** Event #20342528   t=153375.795615989104   Elapsed: 26.001s (0m 26s)  15% completed  (3% total)
     Speed:     ev/sec=774912   simsec/sec=5855.09   ev/simsec=132.348
     Messages:  created: 12165800   present: 94   in FES: 94
** Event #21888768   t=165044.793233737199   Elapsed: 28.002s (0m 28s)  16% completed  (3% total)
     Speed:     ev/sec=773120   simsec/sec=5834.5   ev/simsec=132.508
     Messages:  created: 13090319   present: 122   in FES: 122
** Event #23433728   t=176674.869131593219   Elapsed: 30.002s (0m 30s)  17% completed  (3% total)
     Speed:     ev/sec=772480   simsec/sec=5815.04   ev/simsec=132.842
     Messages:  created: 14014236   present: 74   in FES: 74
** Event #24977920   t=188358.865502611628   Elapsed: 32.002s (0m 32s)  18% completed  (3% total)
     Speed:     ev/sec=772096   simsec/sec=5842   ev/simsec=132.163
     Messages:  created: 14937716   present: 126   in FES: 126
** Event #26523392   t=200003.651544455262   Elapsed: 34.002s (0m 34s)  20% completed  (4% total)
     Speed:     ev/sec=772736   simsec/sec=5822.39   ev/simsec=132.718
     Messages:  created: 15862065   present: 121   in FES: 121
** Event #28068864   t=211669.061675858733   Elapsed: 36.002s (0m 36s)  21% completed  (4% total)
     Speed:     ev/sec=772736   simsec/sec=5832.71   ev/simsec=132.483
     Messages:  created: 16786339   present: 99   in FES: 99
** Event #29618432   t=223370.802361803059   Elapsed: 38.003s (0m 38s)  22% completed  (4% total)
     Speed:     ev/sec=774784   simsec/sec=5850.87   ev/simsec=132.422
     Messages:  created: 17712983   present: 122   in FES: 122
** Event #31168768   t=235075.385965401779   Elapsed: 40.003s (0m 40s)  23% completed  (4% total)
     Speed:     ev/sec=775168   simsec/sec=5852.29   ev/simsec=132.455
     Messages:  created: 18640146   present: 104   in FES: 104
** Event #32721664   t=246808.04868279484   Elapsed: 42.003s (0m 42s)  24% completed  (4% total)
     Speed:     ev/sec=776448   simsec/sec=5866.33   ev/simsec=132.357
     Messages:  created: 19568732   present: 106   in FES: 106
** Event #34275328   t=258570.086326650611   Elapsed: 44.003s (0m 44s)  25% completed  (5% total)
     Speed:     ev/sec=776832   simsec/sec=5881.02   ev/simsec=132.091
     Messages:  created: 20497861   present: 93   in FES: 93
** Event #35828736   t=270309.08555621617   Elapsed: 46.003s (0m 46s)  27% completed  (5% total)
     Speed:     ev/sec=776704   simsec/sec=5869.5   ev/simsec=132.329
     Messages:  created: 21426769   present: 113   in FES: 113
** Event #37356032   t=281881.387416578525   Elapsed: 48.003s (0m 48s)  28% completed  (5% total)
     Speed:     ev/sec=763648   simsec/sec=5786.15   ev/simsec=131.979
     Messages:  created: 22340376   present: 122   in FES: 122
** Event #38909440   t=293583.854658855392   Elapsed: 50.003s (0m 50s)  29% completed  (5% total)
     Speed:     ev/sec=776704   simsec/sec=5851.23   ev/simsec=132.742
     Messages:  created: 23269258   present: 108   in FES: 108
** Event #40462336   t=305296.811341652566   Elapsed: 52.003s (0m 52s)  30% completed  (6% total)
     Speed:     ev/sec=776448   simsec/sec=5856.48   ev/simsec=132.579
     Messages:  created: 24197790   present: 104   in FES: 104
** Event #42014976   t=317038.144576498148   Elapsed: 54.004s (0m 54s)  31% completed  (6% total)
     Speed:     ev/sec=776320   simsec/sec=5870.67   ev/simsec=132.237
     Messages:  created: 25126399   present: 114   in FES: 114
** Event #43571712   t=328847.188983812243   Elapsed: 56.004s (0m 56s)  32% completed  (6% total)
     Speed:     ev/sec=778368   simsec/sec=5904.52   ev/simsec=131.826
     Messages:  created: 26057567   present: 115   in FES: 115
** Event #45112576   t=340503.687527793028   Elapsed: 58.004s (0m 58s)  34% completed  (6% total)
     Speed:     ev/sec=770432   simsec/sec=5828.25   ev/simsec=132.189
     Messages:  created: 26979202   present: 120   in FES: 120
** Event #46664960   t=352240.678800409927   Elapsed: 60.004s (1m 00s)  35% completed  (7% total)
     Speed:     ev/sec=776192   simsec/sec=5868.5   ev/simsec=132.264
     Messages:  created: 27907573   present: 101   in FES: 101
** Event #48219904   t=363978.235698189293   Elapsed: 62.005s (1m 02s)  36% completed  (7% total)
     Speed:     ev/sec=777472   simsec/sec=5868.78   ev/simsec=132.476
     Messages:  created: 28837565   present: 109   in FES: 109
** Event #49777920   t=375752.524118128261   Elapsed: 64.005s (1m 04s)  37% completed  (7% total)
     Speed:     ev/sec=779008   simsec/sec=5887.14   ev/simsec=132.324
     Messages:  created: 29769401   present: 104   in FES: 104
** Event #51337472   t=387507.557389289441   Elapsed: 66.005s (1m 06s)  38% completed  (7% total)
     Speed:     ev/sec=779776   simsec/sec=5877.52   ev/simsec=132.671
     Messages:  created: 30701997   present: 101   in FES: 101
** Event #52887808   t=399186.872810320611   Elapsed: 68.005s (1m 08s)  39% completed  (7% total)
     Speed:     ev/sec=775168   simsec/sec=5839.66   ev/simsec=132.742
     Messages:  created: 31628991   present: 95   in FES: 95
** Event #54454016   t=411008.137915309934   Elapsed: 70.005s (1m 10s)  41% completed  (8% total)
     Speed:     ev/sec=783104   simsec/sec=5910.63   ev/simsec=132.491
     Messages:  created: 32565541   present: 140   in FES: 140
** Event #56019968   t=422827.822887074556   Elapsed: 72.005s (1m 12s)  42% completed  (8% total)
     Speed:     ev/sec=782976   simsec/sec=5909.84   ev/simsec=132.487
     Messages:  created: 33502180   present: 106   in FES: 106
** Event #57586176   t=434637.542340542224   Elapsed: 74.006s (1m 14s)  43% completed  (8% total)
     Speed:     ev/sec=783104   simsec/sec=5904.86   ev/simsec=132.62
     Messages:  created: 34438877   present: 104   in FES: 104
** Event #59152640   t=446481.335349167517   Elapsed: 76.006s (1m 16s)  44% completed  (8% total)
     Speed:     ev/sec=783232   simsec/sec=5921.9   ev/simsec=132.26
     Messages:  created: 35375746   present: 96   in FES: 96
** Event #60729856   t=458404.352303647   Elapsed: 78.006s (1m 18s)  45% completed  (9% total)
     Speed:     ev/sec=788608   simsec/sec=5961.51   ev/simsec=132.283
     Messages:  created: 36319152   present: 110   in FES: 110
** Event #62294784   t=470189.529916433265   Elapsed: 80.006s (1m 20s)  47% completed  (9% total)
     Speed:     ev/sec=782464   simsec/sec=5892.59   ev/simsec=132.788
     Messages:  created: 37255034   present: 84   in FES: 84
** Event #63859968   t=482008.351892526768   Elapsed: 82.006s (1m 22s)  48% completed  (9% total)
     Speed:     ev/sec=782592   simsec/sec=5909.41   ev/simsec=132.431
     Messages:  created: 38191110   present: 116   in FES: 116
** Event #65425408   t=493826.409804623421   Elapsed: 84.006s (1m 24s)  49% completed  (9% total)
     Speed:     ev/sec=782720   simsec/sec=5909.03   ev/simsec=132.462
     Messages:  created: 39127355   present: 103   in FES: 103
** Event #66990336   t=505647.39079412475   Elapsed: 86.006s (1m 26s)  50% completed  (10% total)
     Speed:     ev/sec=782464   simsec/sec=5910.49   ev/simsec=132.386
     Messages:  created: 40063374   present: 100   in FES: 100
** Event #68555520   t=517471.093671288251   Elapsed: 88.007s (1m 28s)  51% completed  (10% total)
     Speed:     ev/sec=782592   simsec/sec=5911.85   ev/simsec=132.377
     Messages:  created: 40999458   present: 104   in FES: 104
** Event #70111744   t=529229.902968036039   Elapsed: 90.007s (1m 30s)  52% completed  (10% total)
     Speed:     ev/sec=778112   simsec/sec=5879.4   ev/simsec=132.345
     Messages:  created: 41930438   present: 96   in FES: 96
** Event #71677696   t=541078.254410810462   Elapsed: 92.007s (1m 32s)  54% completed  (10% total)
     Speed:     ev/sec=782976   simsec/sec=5924.18   ev/simsec=132.166
     Messages:  created: 42866916   present: 122   in FES: 122
** Event #73242624   t=552878.116536071584   Elapsed: 94.007s (1m 34s)  55% completed  (11% total)
     Speed:     ev/sec=782464   simsec/sec=5899.93   ev/simsec=132.623
     Messages:  created: 43802739   present: 102   in FES: 102
** Event #74807552   t=564671.919252043265   Elapsed: 96.007s (1m 36s)  56% completed  (11% total)
     Speed:     ev/sec=782464   simsec/sec=5896.9   ev/simsec=132.691
     Messages:  created: 44738543   present: 115   in FES: 115
** Event #76373248   t=576499.877173166773   Elapsed: 98.007s (1m 38s)  57% completed  (11% total)
     Speed:     ev/sec=782848   simsec/sec=5913.98   ev/simsec=132.372
     Messages:  created: 45674851   present: 95   in FES: 95
** Event #77939968   t=588346.382398705088   Elapsed: 100.007s (1m 40s)  58% completed  (11% total)
     Speed:     ev/sec=783360   simsec/sec=5923.25   ev/simsec=132.252
     Messages:  created: 46611786   present: 108   in FES: 108
** Event #79505664   t=600167.333693130715   Elapsed: 102.008s (1m 42s)  60% completed  (12% total)
     Speed:     ev/sec=782848   simsec/sec=5910.48   ev/simsec=132.451
     Messages:  created: 47548318   present: 124   in FES: 124
** Event #81071104   t=611986.321146931272   Elapsed: 104.008s (1m 44s)  61% completed  (12% total)
     Speed:     ev/sec=782720   simsec/sec=5909.49   ev/simsec=132.451
     Messages:  created: 48484568   present: 126   in FES: 126
** Event #82636288   t=623780.207823841862   Elapsed: 106.008s (1m 46s)  62% completed  (12% total)
     Speed:     ev/sec=782592   simsec/sec=5896.94   ev/simsec=132.711
     Messages:  created: 49420357   present: 113   in FES: 113
** Event #84201728   t=635616.276674993648   Elapsed: 108.008s (1m 48s)  63% completed  (12% total)
     Speed:     ev/sec=782720   simsec/sec=5918.03   ev/simsec=132.26
     Messages:  created: 50356538   present: 84   in FES: 84
** Event #85767168   t=647433.924337408377   Elapsed: 110.008s (1m 50s)  64% completed  (12% total)
     Speed:     ev/sec=782720   simsec/sec=5908.82   ev/simsec=132.466
     Messages:  created: 51292877   present: 88   in FES: 88
** Event #87332608   t=659275.08584501599   Elapsed: 112.009s (1m 52s)  65% completed  (13% total)
     Speed:     ev/sec=782720   simsec/sec=5920.58   ev/simsec=132.203
     Messages:  created: 52229145   present: 96   in FES: 96
** Event #88897280   t=671102.192208786971   Elapsed: 114.009s (1m 54s)  67% completed  (13% total)
     Speed:     ev/sec=782336   simsec/sec=5913.55   ev/simsec=132.295
     Messages:  created: 53164817   present: 117   in FES: 117
** Event #90462464   t=682932.505515117528   Elapsed: 116.009s (1m 56s)  68% completed  (13% total)
     Speed:     ev/sec=782592   simsec/sec=5915.16   ev/simsec=132.303
     Messages:  created: 54101063   present: 107   in FES: 107
** Event #92028160   t=694778.568451760056   Elapsed: 118.009s (1m 58s)  69% completed  (13% total)
     Speed:     ev/sec=782848   simsec/sec=5923.03   ev/simsec=132.17
     Messages:  created: 55037474   present: 88   in FES: 88
** Event #93602048   t=706648.905273039405   Elapsed: 120.009s (2m 00s)  70% completed  (14% total)
     Speed:     ev/sec=786944   simsec/sec=5935.17   ev/simsec=132.59
     Messages:  created: 55978709   present: 85   in FES: 85
** Event #95168768   t=718490.849152003309   Elapsed: 122.010s (2m 02s)  71% completed  (14% total)
     Speed:     ev/sec=783360   simsec/sec=5920.97   ev/simsec=132.303
     Messages:  created: 56915771   present: 138   in FES: 138
** Event #96735232   t=730326.634136899687   Elapsed: 124.010s (2m 04s)  73% completed  (14% total)
     Speed:     ev/sec=783232   simsec/sec=5917.89   ev/simsec=132.35
     Messages:  created: 57852790   present: 108   in FES: 108
** Event #98300160   t=742126.4295563596   Elapsed: 126.010s (2m 06s)  74% completed  (14% total)
     Speed:     ev/sec=782464   simsec/sec=5899.9   ev/simsec=132.623
     Messages:  created: 58788560   present: 102   in FES: 102
** Event #99865344   t=753946.131701365486   Elapsed: 128.010s (2m 08s)  75% completed  (15% total)
     Speed:     ev/sec=782592   simsec/sec=5909.85   ev/simsec=132.422
     Messages:  created: 59724447   present: 123   in FES: 123
** Event #101430528   t=765745.980961222036   Elapsed: 130.010s (2m 10s)  76% completed  (15% total)
     Speed:     ev/sec=782592   simsec/sec=5899.92   ev/simsec=132.644
     Messages:  created: 60660469   present: 108   in FES: 108
** Event #102995968   t=777551.674782853596   Elapsed: 132.010s (2m 12s)  77% completed  (15% total)
     Speed:     ev/sec=782720   simsec/sec=5902.85   ev/simsec=132.6
     Messages:  created: 61596627   present: 119   in FES: 119
** Event #104561408   t=789344.749141293812   Elapsed: 134.010s (2m 14s)  78% completed  (15% total)
     Speed:     ev/sec=782720   simsec/sec=5896.54   ev/simsec=132.742
     Messages:  created: 62532771   present: 111   in FES: 111
** Event #106127104   t=801149.811414197501   Elapsed: 136.010s (2m 16s)  80% completed  (16% total)
     Speed:     ev/sec=782848   simsec/sec=5902.53   ev/simsec=132.629
     Messages:  created: 63469151   present: 99   in FES: 99
** Event #107692800   t=812992.721972425208   Elapsed: 138.010s (2m 18s)  81% completed  (16% total)
     Speed:     ev/sec=782848   simsec/sec=5921.46   ev/simsec=132.205
     Messages:  created: 64405516   present: 122   in FES: 122
** Event #109258240   t=824816.287009381285   Elapsed: 140.011s (2m 20s)  82% completed  (16% total)
     Speed:     ev/sec=782720   simsec/sec=5911.78   ev/simsec=132.4
     Messages:  created: 65341642   present: 96   in FES: 96
** Event #110823680   t=836656.164386221156   Elapsed: 142.011s (2m 22s)  83% completed  (16% total)
     Speed:     ev/sec=782720   simsec/sec=5919.94   ev/simsec=132.218
     Messages:  created: 66277977   present: 96   in FES: 96
** Event #112389376   t=848451.294993390206   Elapsed: 144.011s (2m 24s)  84% completed  (16% total)
     Speed:     ev/sec=782848   simsec/sec=5897.57   ev/simsec=132.741
     Messages:  created: 67214351   present: 107   in FES: 107
** Event #113955840   t=860320.240631926533   Elapsed: 146.011s (2m 26s)  86% completed  (17% total)
     Speed:     ev/sec=783232   simsec/sec=5934.47   ev/simsec=131.98
     Messages:  created: 68151345   present: 113   in FES: 113
** Event #115521792   t=872127.668846466425   Elapsed: 148.011s (2m 28s)  87% completed  (17% total)
     Speed:     ev/sec=782976   simsec/sec=5903.71   ev/simsec=132.624
     Messages:  created: 69087720   present: 94   in FES: 94
** Event #117087488   t=883977.372102796786   Elapsed: 150.011s (2m 30s)  88% completed  (17% total)
     Speed:     ev/sec=782848   simsec/sec=5924.85   ev/simsec=132.13
     Messages:  created: 70024171   present: 106   in FES: 106
** Event #118652672   t=895797.445897331861   Elapsed: 152.011s (2m 32s)  89% completed  (17% total)
     Speed:     ev/sec=782592   simsec/sec=5910.04   ev/simsec=132.417
     Messages:  created: 70960278   present: 92   in FES: 92
** Event #120217856   t=907585.868658599215   Elapsed: 154.012s (2m 34s)  90% completed  (18% total)
     Speed:     ev/sec=782592   simsec/sec=5894.21   ev/simsec=132.773
     Messages:  created: 71896227   present: 111   in FES: 111
** Event #121783808   t=919418.694805505302   Elapsed: 156.012s (2m 36s)  91% completed  (18% total)
     Speed:     ev/sec=782976   simsec/sec=5916.41   ev/simsec=132.34
     Messages:  created: 72832463   present: 78   in FES: 78
** Event #123350016   t=931239.371450858973   Elapsed: 158.012s (2m 38s)  93% completed  (18% total)
     Speed:     ev/sec=783104   simsec/sec=5910.34   ev/simsec=132.497
     Messages:  created: 73769158   present: 104   in FES: 104
** Event #124915712   t=943053.365062210191   Elapsed: 160.012s (2m 40s)  94% completed  (18% total)
     Speed:     ev/sec=782848   simsec/sec=5907   ev/simsec=132.529
     Messages:  created: 74705531   present: 143   in FES: 143
** Event #126481152   t=954873.685188302875   Elapsed: 162.012s (2m 42s)  95% completed  (19% total)
     Speed:     ev/sec=782720   simsec/sec=5910.16   ev/simsec=132.436
     Messages:  created: 75641762   present: 80   in FES: 80
** Event #128046336   t=966690.612454724166   Elapsed: 164.012s (2m 44s)  96% completed  (19% total)
     Speed:     ev/sec=782592   simsec/sec=5908.46   ev/simsec=132.453
     Messages:  created: 76577759   present: 127   in FES: 127
** Event #129622016   t=978558.951165912708   Elapsed: 166.013s (2m 46s)  97% completed  (19% total)
     Speed:     ev/sec=787840   simsec/sec=5934.17   ev/simsec=132.763
     Messages:  created: 77519971   present: 110   in FES: 110
** Event #131342336   t=991554.334911606441   Elapsed: 168.013s (2m 48s)  99% completed  (19% total)
     Speed:     ev/sec=860160   simsec/sec=6497.69   ev/simsec=132.379
     Messages:  created: 78548939   present: 131   in FES: 131
** Event #132461768   t=999999   Elapsed: 169.330s (2m 49s)  100% completed  (20% total)
     Speed:     ev/sec=849986   simsec/sec=6412.02   ev/simsec=132.561
     Messages:  created: 79218284   present: 111   in FES: 111

<!> Simulation time limit reached -- at t=999999s, event #132461768
