** Event #0   t=0   Elapsed: 0.000s (0m 00s)  0% completed  (0% total)
     Speed:     ev/sec=0   simsec/sec=0   ev/simsec=0
     Messages:  created: 3   present: 3   in FES: 4
** Event #1544448   t=16166.917269530947   Elapsed: 2.000s (0m 02s)  1% completed  (0% total)
     Speed:     ev/sec=772224   simsec/sec=8083.46   ev/simsec=95.5314
     Messages:  created: 926692   present: 82   in FES: 82
** Event #3124224   t=32702.206960918959   Elapsed: 4.000s (0m 04s)  3% completed  (0% total)
     Speed:     ev/sec=789888   simsec/sec=8267.64   ev/simsec=95.5397
     Messages:  created: 1874541   present: 85   in FES: 85
** Event #4705792   t=49246.167676395823   Elapsed: 6.000s (0m 06s)  4% completed  (0% total)
     Speed:     ev/sec=790784   simsec/sec=8271.98   ev/simsec=95.5979
     Messages:  created: 2823454   present: 68   in FES: 68
** Event #6283008   t=65727.696453767372   Elapsed: 8.000s (0m 08s)  6% completed  (1% total)
     Speed:     ev/sec=788608   simsec/sec=8240.76   ev/simsec=95.696
     Messages:  created: 3769787   present: 87   in FES: 87
** Event #7860480   t=82187.695714293314   Elapsed: 10.000s (0m 10s)  8% completed  (1% total)
     Speed:     ev/sec=788736   simsec/sec=8230   ev/simsec=95.8367
     Messages:  created: 4716246   present: 88   in FES: 88
** Event #9437952   t=98700.971907811368   Elapsed: 12.000s (0m 12s)  9% completed  (1% total)
     Speed:     ev/sec=788736   simsec/sec=8256.64   ev/simsec=95.5275
     Messages:  created: 5662720   present: 90   in FES: 90
** Event #11015680   t=115156.693122147459   Elapsed: 14.000s (0m 14s)  11% completed  (2% total)
     Speed:     ev/sec=788864   simsec/sec=8227.86   ev/simsec=95.8772
     Messages:  created: 6609347   present: 95   in FES: 95
** Event #12593152   t=131669.668236709838   Elapsed: 16.001s (0m 16s)  13% completed  (2% total)
     Speed:     ev/sec=788736   simsec/sec=8256.49   ev/simsec=95.5292
     Messages:  created: 7555820   present: 98   in FES: 98
** Event #14170368   t=148176.601161005094   Elapsed: 18.001s (0m 18s)  14% completed  (2% total)
     Speed:     ev/sec=788608   simsec/sec=8253.47   ev/simsec=95.5487
     Messages:  created: 8502133   present: 93   in FES: 93
** Event #15747584   t=164728.624769423272   Elapsed: 20.001s (0m 20s)  16% completed  (3% total)
     Speed:     ev/sec=788608   simsec/sec=8276.01   ev/simsec=95.2884
     Messages:  created: 9448457   present: 96   in FES: 96
** Event #17325056   t=181257.998075219097   Elapsed: 22.001s (0m 22s)  18% completed  (3% total)
     Speed:     ev/sec=788736   simsec/sec=8264.69   ev/simsec=95.4345
     Messages:  created: 10394919   present: 83   in FES: 83
** Event #18902784   t=197792.540069040739   Elapsed: 24.001s (0m 24s)  19% completed  (3% total)
     Speed:     ev/sec=788864   simsec/sec=8267.27   ev/simsec=95.4201
     Messages:  created: 11341528   present: 58   in FES: 58
** Event #20480256   t=214289.958090838492   Elapsed: 26.001s (0m 26s)  21% completed  (4% total)
     Speed:     ev/sec=788736   simsec/sec=8248.71   ev/simsec=95.6193
     Messages:  created: 12288027   present: 87   in FES: 87
** Event #22057984   t=230797.300969011273   Elapsed: 28.002s (0m 28s)  23% completed  (4% total)
     Speed:     ev/sec=788864   simsec/sec=8253.67   ev/simsec=95.5773
     Messages:  created: 13234663   present: 95   in FES: 95
** Event #23635456   t=247278.371453743711   Elapsed: 30.002s (0m 30s)  24% completed  (4% total)
     Speed:     ev/sec=788736   simsec/sec=8240.54   ev/simsec=95.7142
     Messages:  created: 14181102   present: 76   in FES: 76
** Event #25212672   t=263778.67444037634   Elapsed: 32.002s (0m 32s)  26% completed  (5% total)
     Speed:     ev/sec=788608   simsec/sec=8250.15   ev/simsec=95.5871
     Messages:  created: 15127419   present: 95   in FES: 95
** Event #26790912   t=280281.687880270565   Elapsed: 34.002s (0m 34s)  28% completed  (5% total)
     Speed:     ev/sec=789120   simsec/sec=8251.51   ev/simsec=95.6334
     Messages:  created: 16074337   present: 92   in FES: 92
** Event #28368896   t=296794.819137597376   Elapsed: 36.002s (0m 36s)  29% completed  (5% total)
     Speed:     ev/sec=788992   simsec/sec=8256.57   ev/simsec=95.5593
     Messages:  created: 17021110   present: 88   in FES: 88
** Event #29946880   t=313260.211925513983   Elapsed: 38.002s (0m 38s)  31% completed  (6% total)
     Speed:     ev/sec=788992   simsec/sec=8232.7   ev/simsec=95.8364
     Messages:  created: 17967870   present: 52   in FES: 52
** Event #31511040   t=329659.003895224794   Elapsed: 40.003s (0m 40s)  32% completed  (6% total)
     Speed:     ev/sec=782080   simsec/sec=8199.4   ev/simsec=95.3826
     Messages:  created: 18906377   present: 92   in FES: 92
** Event #33088768   t=346190.828444432078   Elapsed: 42.003s (0m 42s)  34% completed  (6% total)
     Speed:     ev/sec=788864   simsec/sec=8265.91   ev/simsec=95.4358
     Messages:  created: 19852986   present: 76   in FES: 76
** Event #34666240   t=362682.398469354365   Elapsed: 44.003s (0m 44s)  36% completed  (7% total)
     Speed:     ev/sec=788736   simsec/sec=8245.79   ev/simsec=95.6532
     Messages:  created: 20799465   present: 93   in FES: 93
** Event #36243968   t=379208.135745079067   Elapsed: 46.003s (0m 46s)  37% completed  (7% total)
     Speed:     ev/sec=788864   simsec/sec=8262.87   ev/simsec=95.471
     Messages:  created: 21746076   present: 82   in FES: 82
** Event #37877248   t=396285.875506939546   Elapsed: 48.003s (0m 48s)  39% completed  (7% total)
     Speed:     ev/sec=816640   simsec/sec=8538.87   ev/simsec=95.6379
     Messages:  created: 22726013   present: 84   in FES: 84
** Event #39524608   t=413497.748988204019   Elapsed: 50.003s (0m 50s)  41% completed  (8% total)
     Speed:     ev/sec=823680   simsec/sec=8605.94   ev/simsec=95.7107
     Messages:  created: 23714405   present: 77   in FES: 77
** Event #41172224   t=430756.512103971713   Elapsed: 52.004s (0m 52s)  43% completed  (8% total)
     Speed:     ev/sec=823808   simsec/sec=8629.38   ev/simsec=95.4655
     Messages:  created: 24702950   present: 72   in FES: 72
** Event #42819840   t=447952.879597753704   Elapsed: 54.004s (0m 54s)  44% completed  (8% total)
     Speed:     ev/sec=823808   simsec/sec=8598.18   ev/simsec=95.8119
     Messages:  created: 25691515   present: 79   in FES: 79
** Event #44466432   t=465210.467548765518   Elapsed: 56.004s (0m 56s)  46% completed  (9% total)
     Speed:     ev/sec=823296   simsec/sec=8628.79   ev/simsec=95.4126
     Messages:  created: 26679451   present: 86   in FES: 86
** Event #46112256   t=482429.508617695233   Elapsed: 58.004s (0m 58s)  48% completed  (9% total)
     Speed:     ev/sec=822912   simsec/sec=8609.52   ev/simsec=95.5816
     Messages:  created: 27666933   present: 104   in FES: 104
** Event #47757824   t=499638.617571058975   Elapsed: 60.004s (1m 00s)  49% completed  (9% total)
     Speed:     ev/sec=822784   simsec/sec=8604.55   ev/simsec=95.6219
     Messages:  created: 28654237   present: 77   in FES: 77
** Event #49403392   t=516832.366544977089   Elapsed: 62.004s (1m 02s)  51% completed  (10% total)
     Speed:     ev/sec=822784   simsec/sec=8596.87   ev/simsec=95.7073
     Messages:  created: 29641563   present: 82   in FES: 82
** Event #51049216   t=534017.550866280096   Elapsed: 64.004s (1m 04s)  53% completed  (10% total)
     Speed:     ev/sec=822912   simsec/sec=8592.59   ev/simsec=95.7699
     Messages:  created: 30629041   present: 69   in FES: 69
** Event #52695296   t=551274.64180822919   Elapsed: 66.005s (1m 06s)  55% completed  (11% total)
     Speed:     ev/sec=823040   simsec/sec=8628.55   ev/simsec=95.3857
     Messages:  created: 31616675   present: 94   in FES: 94
** Event #54341376   t=568496.242812363264   Elapsed: 68.005s (1m 08s)  56% completed  (11% total)
     Speed:     ev/sec=823040   simsec/sec=8610.8   ev/simsec=95.5823
     Messages:  created: 32604306   present: 80   in FES: 80
** Event #55987456   t=585749.088539658884   Elapsed: 70.005s (1m 10s)  58% completed  (11% total)
     Speed:     ev/sec=823040   simsec/sec=8626.42   ev/simsec=95.4092
     Messages:  created: 33591929   present: 73   in FES: 73
** Event #57633792   t=602960.944714172517   Elapsed: 72.005s (1m 12s)  60% completed  (12% total)
     Speed:     ev/sec=823168   simsec/sec=8605.93   ev/simsec=95.6513
     Messages:  created: 34579729   present: 89   in FES: 89
** Event #59279616   t=620184.755754647833   Elapsed: 74.005s (1m 14s)  62% completed  (12% total)
     Speed:     ev/sec=822912   simsec/sec=8611.91   ev/simsec=95.5552
     Messages:  created: 35567212   present: 94   in FES: 94
** Event #60925696   t=637385.883079243976   Elapsed: 76.005s (1m 16s)  63% completed  (12% total)
     Speed:     ev/sec=823040   simsec/sec=8600.56   ev/simsec=95.6961
     Messages:  created: 36554847   present: 91   in FES: 91
** Event #62572288   t=654588.305997147691   Elapsed: 78.006s (1m 18s)  65% completed  (13% total)
     Speed:     ev/sec=823296   simsec/sec=8601.21   ev/simsec=95.7186
     Messages:  created: 37542787   present: 82   in FES: 82
** Event #64218112   t=671765.594648768636   Elapsed: 80.006s (1m 20s)  67% completed  (13% total)
     Speed:     ev/sec=822912   simsec/sec=8588.64   ev/simsec=95.814
     Messages:  created: 38530266   present: 72   in FES: 72
** Event #65674240   t=687005.596654361102   Elapsed: 82.006s (1m 22s)  68% completed  (13% total)
     Speed:     ev/sec=728064   simsec/sec=7620   ev/simsec=95.5464
     Messages:  created: 39403925   present: 65   in FES: 65
** Event #67052800   t=701421.586754076797   Elapsed: 84.006s (1m 24s)  70% completed  (14% total)
     Speed:     ev/sec=689280   simsec/sec=7208   ev/simsec=95.6271
     Messages:  created: 40231049   present: 69   in FES: 69
** Event #68431616   t=715812.537206012354   Elapsed: 86.006s (1m 26s)  71% completed  (14% total)
     Speed:     ev/sec=689408   simsec/sec=7195.48   ev/simsec=95.8113
     Messages:  created: 41058328   present: 74   in FES: 74
** Event #69810432   t=730221.874243912219   Elapsed: 88.006s (1m 28s)  73% completed  (14% total)
     Speed:     ev/sec=689408   simsec/sec=7204.67   ev/simsec=95.6891
     Messages:  created: 41885598   present: 72   in FES: 72
** Event #71188992   t=744595.136957140836   Elapsed: 90.007s (1m 30s)  74% completed  (14% total)
     Speed:     ev/sec=689280   simsec/sec=7186.63   ev/simsec=95.9114
     Messages:  created: 42712728   present: 74   in FES: 74
** Event #72567808   t=758952.338857563741   Elapsed: 92.007s (1m 32s)  75% completed  (15% total)
     Speed:     ev/sec=689408   simsec/sec=7178.6   ev/simsec=96.0365
     Messages:  created: 43540027   present: 115   in FES: 115
** Event #73946624   t=773419.422404680719   Elapsed: 94.007s (1m 34s)  77% completed  (15% total)
     Speed:     ev/sec=689408   simsec/sec=7233.54   ev/simsec=95.3071
     Messages:  created: 44367288   present: 74   in FES: 74
** Event #75318272   t=787776.239629446569   Elapsed: 96.007s (1m 36s)  78% completed  (15% total)
     Speed:     ev/sec=685824   simsec/sec=7178.41   ev/simsec=95.5398
     Messages:  created: 45190268   present: 78   in FES: 78
** Event #76683264   t=802044.199157480966   Elapsed: 98.008s (1m 38s)  80% completed  (16% total)
     Speed:     ev/sec=682496   simsec/sec=7133.98   ev/simsec=95.6683
     Messages:  created: 46009263   present: 94   in FES: 94
** Event #78048256   t=816303.057133169137   Elapsed: 100.008s (1m 40s)  81% completed  (16% total)
     Speed:     ev/sec=682496   simsec/sec=7129.43   ev/simsec=95.7294
     Messages:  created: 46828237   present: 81   in FES: 81
** Event #79410432   t=830565.99495668931   Elapsed: 102.008s (1m 42s)  83% completed  (16% total)
     Speed:     ev/sec=681088   simsec/sec=7131.47   ev/simsec=95.5046
     Messages:  created: 47645529   present: 69   in FES: 69
** Event #80769280   t=844745.563361524849   Elapsed: 104.008s (1m 44s)  84% completed  (16% total)
     Speed:     ev/sec=679424   simsec/sec=7089.78   ev/simsec=95.8314
     Messages:  created: 48460835   present: 91   in FES: 91
** Event #82127616   t=858930.525363633581   Elapsed: 106.008s (1m 46s)  85% completed  (17% total)
     Speed:     ev/sec=679168   simsec/sec=7092.48   ev/simsec=95.7589
     Messages:  created: 49275833   present: 97   in FES: 97
** Event #83484672   t=873103.626546850133   Elapsed: 108.009s (1m 48s)  87% completed  (17% total)
     Speed:     ev/sec=678528   simsec/sec=7086.55   ev/simsec=95.7487
     Messages:  created: 50090051   present: 75   in FES: 75
** Event #84813056   t=886990.286965056864   Elapsed: 110.009s (1m 50s)  88% completed  (17% total)
     Speed:     ev/sec=664192   simsec/sec=6943.33   ev/simsec=95.659
     Messages:  created: 50887084   present: 90   in FES: 90
** Event #86120448   t=900631.190541342897   Elapsed: 112.009s (1m 52s)  90% completed  (18% total)
     Speed:     ev/sec=653696   simsec/sec=6820.45   ev/simsec=95.8435
     Messages:  created: 51671491   present: 74   in FES: 74
** Event #87432448   t=914319.970837669732   Elapsed: 114.009s (1m 54s)  91% completed  (18% total)
     Speed:     ev/sec=656000   simsec/sec=6844.39   ev/simsec=95.8449
     Messages:  created: 52458683   present: 87   in FES: 87
** Event #88745216   t=928063.733990166171   Elapsed: 116.009s (1m 56s)  92% completed  (18% total)
     Speed:     ev/sec=656384   simsec/sec=6871.88   ev/simsec=95.5174
     Messages:  created: 53246329   present: 76   in FES: 76
** Event #90059008   t=941800.454601574154   Elapsed: 118.010s (1m 58s)  94% completed  (18% total)
     Speed:     ev/sec=656896   simsec/sec=6868.36   ev/simsec=95.6409
     Messages:  created: 54034603   present: 95   in FES: 95
** Event #91374848   t=955542.383415303205   Elapsed: 120.010s (2m 00s)  95% completed  (19% total)
     Speed:     ev/sec=657920   simsec/sec=6870.96   ev/simsec=95.7537
     Messages:  created: 54824095   present: 83   in FES: 83
** Event #92690176   t=969262.879849150916   Elapsed: 122.010s (2m 02s)  96% completed  (19% total)
     Speed:     ev/sec=657664   simsec/sec=6860.25   ev/simsec=95.8659
     Messages:  created: 55613285   present: 93   in FES: 93
** Event #94004736   t=983012.137940202728   Elapsed: 124.010s (2m 04s)  98% completed  (19% total)
     Speed:     ev/sec=657280   simsec/sec=6874.63   ev/simsec=95.6095
     Messages:  created: 56401985   present: 60   in FES: 60
** Event #95311360   t=996683.11536132005   Elapsed: 126.010s (2m 06s)  99% completed  (19% total)
     Speed:     ev/sec=653312   simsec/sec=6835.49   ev/simsec=95.5765
     Messages:  created: 57185957   present: 77   in FES: 77
** Event #95628241   t=999999   Elapsed: 126.492s (2m 06s)  100% completed  (20% total)
     Speed:     ev/sec=658794   simsec/sec=6893.72   ev/simsec=95.5644
     Messages:  created: 57376085   present: 77   in FES: 77

<!> Simulation time limit reached -- at t=999999s, event #95628241
